2025-11-17 14:54:20,985 - INFO - Starting new AI run: unnamed
2025-11-17 14:54:20,985 - INFO - Game started
2025-11-17 14:54:25,418 - INFO - AI mode activated: astar, manhattan
2025-11-17 14:54:25,420 - INFO - Mode switched to: ai
2025-11-17 14:54:25,425 - INFO - ASTAR found path: length=19, nodes_expanded=84
2025-11-17 14:54:25,521 - INFO - ASTAR found path: length=18, nodes_expanded=70
2025-11-17 14:54:25,618 - INFO - ASTAR found path: length=17, nodes_expanded=56
2025-11-17 14:54:25,719 - INFO - ASTAR found path: length=16, nodes_expanded=42
2025-11-17 14:54:25,821 - INFO - ASTAR found path: length=15, nodes_expanded=28
2025-11-17 14:54:25,920 - INFO - ASTAR found path: length=14, nodes_expanded=14
2025-11-17 14:54:26,020 - INFO - ASTAR found path: length=13, nodes_expanded=13
2025-11-17 14:54:26,121 - INFO - ASTAR found path: length=12, nodes_expanded=12
2025-11-17 14:54:26,222 - INFO - ASTAR found path: length=11, nodes_expanded=11
2025-11-17 14:54:26,323 - INFO - ASTAR found path: length=10, nodes_expanded=10
2025-11-17 14:54:26,425 - INFO - ASTAR found path: length=9, nodes_expanded=9
2025-11-17 14:54:26,525 - INFO - ASTAR found path: length=8, nodes_expanded=8
2025-11-17 14:54:26,627 - INFO - ASTAR found path: length=7, nodes_expanded=7
2025-11-17 14:54:26,727 - INFO - ASTAR found path: length=6, nodes_expanded=6
2025-11-17 14:54:26,830 - INFO - ASTAR found path: length=5, nodes_expanded=5
2025-11-17 14:54:26,930 - INFO - ASTAR found path: length=4, nodes_expanded=4
2025-11-17 14:54:27,031 - INFO - ASTAR found path: length=3, nodes_expanded=3
2025-11-17 14:54:27,131 - INFO - ASTAR found path: length=2, nodes_expanded=2
2025-11-17 14:54:27,233 - INFO - ASTAR found path: length=24, nodes_expanded=129
2025-11-17 14:54:27,333 - INFO - ASTAR found path: length=23, nodes_expanded=128
2025-11-17 14:54:27,437 - INFO - ASTAR found path: length=22, nodes_expanded=112
2025-11-17 14:54:27,537 - INFO - ASTAR found path: length=21, nodes_expanded=96
2025-11-17 14:54:27,637 - INFO - ASTAR found path: length=20, nodes_expanded=80
2025-11-17 14:54:27,739 - INFO - ASTAR found path: length=19, nodes_expanded=64
2025-11-17 14:54:27,839 - INFO - ASTAR found path: length=18, nodes_expanded=48
2025-11-17 14:54:27,939 - INFO - ASTAR found path: length=17, nodes_expanded=32
2025-11-17 14:54:28,040 - INFO - ASTAR found path: length=16, nodes_expanded=16
2025-11-17 14:54:28,142 - INFO - ASTAR found path: length=15, nodes_expanded=15
2025-11-17 14:54:28,242 - INFO - ASTAR found path: length=14, nodes_expanded=14
2025-11-17 14:54:28,342 - INFO - ASTAR found path: length=13, nodes_expanded=13
2025-11-17 14:54:28,442 - INFO - ASTAR found path: length=12, nodes_expanded=12
2025-11-17 14:54:28,544 - INFO - ASTAR found path: length=11, nodes_expanded=11
2025-11-17 14:54:28,644 - INFO - ASTAR found path: length=10, nodes_expanded=10
2025-11-17 14:54:28,745 - INFO - ASTAR found path: length=9, nodes_expanded=9
2025-11-17 14:54:28,847 - INFO - ASTAR found path: length=8, nodes_expanded=8
2025-11-17 14:54:28,948 - INFO - ASTAR found path: length=7, nodes_expanded=7
2025-11-17 14:54:29,049 - INFO - ASTAR found path: length=6, nodes_expanded=6
2025-11-17 14:54:29,149 - INFO - ASTAR found path: length=5, nodes_expanded=5
2025-11-17 14:54:29,251 - INFO - ASTAR found path: length=4, nodes_expanded=4
2025-11-17 14:54:29,352 - INFO - ASTAR found path: length=3, nodes_expanded=3
2025-11-17 14:54:29,452 - INFO - ASTAR found path: length=2, nodes_expanded=2
2025-11-17 14:54:29,554 - INFO - ASTAR found path: length=10, nodes_expanded=22
2025-11-17 14:54:29,654 - INFO - ASTAR found path: length=9, nodes_expanded=21
2025-11-17 14:54:29,755 - INFO - ASTAR found path: length=8, nodes_expanded=18
2025-11-17 14:54:29,857 - INFO - ASTAR found path: length=7, nodes_expanded=15
2025-11-17 14:54:29,958 - INFO - ASTAR found path: length=6, nodes_expanded=12
2025-11-17 14:54:30,057 - INFO - ASTAR found path: length=5, nodes_expanded=9
2025-11-17 14:54:30,158 - INFO - ASTAR found path: length=4, nodes_expanded=6
2025-11-17 14:54:30,259 - INFO - ASTAR found path: length=3, nodes_expanded=3
2025-11-17 14:54:30,360 - INFO - ASTAR found path: length=2, nodes_expanded=2
2025-11-17 14:54:30,463 - INFO - ASTAR found path: length=6, nodes_expanded=12
2025-11-17 14:54:30,563 - INFO - ASTAR found path: length=5, nodes_expanded=8
2025-11-17 14:54:30,663 - INFO - ASTAR found path: length=4, nodes_expanded=4
2025-11-17 14:54:30,764 - INFO - ASTAR found path: length=3, nodes_expanded=3
2025-11-17 14:54:30,864 - INFO - ASTAR found path: length=2, nodes_expanded=2
2025-11-17 14:54:30,965 - INFO - ASTAR found path: length=11, nodes_expanded=29
2025-11-17 14:54:31,066 - INFO - ASTAR found path: length=10, nodes_expanded=30
2025-11-17 14:54:31,168 - INFO - ASTAR found path: length=9, nodes_expanded=25
2025-11-17 14:54:31,269 - INFO - ASTAR found path: length=8, nodes_expanded=20
2025-11-17 14:54:31,370 - INFO - ASTAR found path: length=7, nodes_expanded=15
2025-11-17 14:54:31,470 - INFO - ASTAR found path: length=6, nodes_expanded=10
2025-11-17 14:54:31,570 - INFO - Speed adjusted to: 11 FPS
2025-11-17 14:54:31,571 - INFO - ASTAR found path: length=5, nodes_expanded=5
2025-11-17 14:54:31,661 - INFO - ASTAR found path: length=4, nodes_expanded=4
2025-11-17 14:54:31,752 - INFO - Speed adjusted to: 12 FPS
2025-11-17 14:54:31,754 - INFO - ASTAR found path: length=3, nodes_expanded=3
2025-11-17 14:54:31,838 - INFO - Speed adjusted to: 13 FPS
2025-11-17 14:54:31,841 - INFO - ASTAR found path: length=2, nodes_expanded=2
2025-11-17 14:54:31,914 - INFO - ASTAR found path: length=7, nodes_expanded=10
2025-11-17 14:54:31,990 - INFO - Speed adjusted to: 14 FPS
2025-11-17 14:54:31,993 - INFO - ASTAR found path: length=6, nodes_expanded=10
2025-11-17 14:54:32,062 - INFO - ASTAR found path: length=5, nodes_expanded=5
2025-11-17 14:54:32,132 - INFO - Speed adjusted to: 15 FPS
2025-11-17 14:54:32,132 - INFO - ASTAR found path: length=4, nodes_expanded=4
2025-11-17 14:54:32,198 - INFO - Speed adjusted to: 16 FPS
2025-11-17 14:54:32,198 - INFO - ASTAR found path: length=3, nodes_expanded=3
2025-11-17 14:54:32,261 - INFO - ASTAR found path: length=2, nodes_expanded=2
2025-11-17 14:54:32,323 - INFO - ASTAR found path: length=8, nodes_expanded=17
2025-11-17 14:54:32,387 - INFO - Speed adjusted to: 17 FPS
2025-11-17 14:54:32,389 - INFO - ASTAR found path: length=7, nodes_expanded=16
2025-11-17 14:54:32,448 - INFO - ASTAR found path: length=6, nodes_expanded=12
2025-11-17 14:54:32,501 - INFO - Speed adjusted to: 18 FPS
2025-11-17 14:54:32,503 - INFO - ASTAR found path: length=5, nodes_expanded=8
2025-11-17 14:54:32,557 - INFO - ASTAR found path: length=4, nodes_expanded=4
2025-11-17 14:54:32,612 - INFO - Speed adjusted to: 19 FPS
2025-11-17 14:54:32,614 - INFO - ASTAR found path: length=3, nodes_expanded=3
2025-11-17 14:54:32,667 - INFO - ASTAR found path: length=2, nodes_expanded=2
2025-11-17 14:54:32,718 - INFO - ASTAR found path: length=9, nodes_expanded=24
2025-11-17 14:54:32,771 - INFO - Speed adjusted to: 20 FPS
2025-11-17 14:54:32,774 - INFO - ASTAR found path: length=8, nodes_expanded=18
2025-11-17 14:54:32,821 - INFO - ASTAR found path: length=7, nodes_expanded=12
2025-11-17 14:54:32,872 - INFO - ASTAR found path: length=6, nodes_expanded=6
2025-11-17 14:54:32,923 - INFO - ASTAR found path: length=5, nodes_expanded=5
2025-11-17 14:54:32,975 - INFO - ASTAR found path: length=4, nodes_expanded=4
2025-11-17 14:54:33,025 - INFO - ASTAR found path: length=3, nodes_expanded=3
2025-11-17 14:54:33,076 - INFO - ASTAR found path: length=2, nodes_expanded=2
2025-11-17 14:54:33,131 - INFO - ASTAR found path: length=23, nodes_expanded=115
2025-11-17 14:54:33,181 - INFO - ASTAR found path: length=22, nodes_expanded=118
2025-11-17 14:54:33,232 - INFO - ASTAR found path: length=21, nodes_expanded=117
2025-11-17 14:54:33,283 - INFO - ASTAR found path: length=20, nodes_expanded=108
2025-11-17 14:54:33,332 - INFO - ASTAR found path: length=19, nodes_expanded=99
2025-11-17 14:54:33,383 - INFO - ASTAR found path: length=18, nodes_expanded=90
2025-11-17 14:54:33,433 - INFO - ASTAR found path: length=17, nodes_expanded=81
2025-11-17 14:54:33,484 - INFO - ASTAR found path: length=16, nodes_expanded=72
2025-11-17 14:54:33,536 - INFO - ASTAR found path: length=15, nodes_expanded=63
2025-11-17 14:54:33,587 - INFO - ASTAR found path: length=14, nodes_expanded=54
2025-11-17 14:54:33,638 - INFO - ASTAR found path: length=13, nodes_expanded=45
2025-11-17 14:54:33,689 - INFO - ASTAR found path: length=12, nodes_expanded=36
2025-11-17 14:54:33,740 - INFO - ASTAR found path: length=11, nodes_expanded=27
2025-11-17 14:54:33,791 - INFO - ASTAR found path: length=10, nodes_expanded=18
2025-11-17 14:54:33,840 - INFO - ASTAR found path: length=9, nodes_expanded=9
2025-11-17 14:54:33,891 - INFO - ASTAR found path: length=8, nodes_expanded=8
2025-11-17 14:54:33,941 - INFO - ASTAR found path: length=7, nodes_expanded=7
2025-11-17 14:54:33,992 - INFO - ASTAR found path: length=6, nodes_expanded=6
2025-11-17 14:54:34,042 - INFO - ASTAR found path: length=5, nodes_expanded=5
2025-11-17 14:54:34,093 - INFO - ASTAR found path: length=4, nodes_expanded=4
2025-11-17 14:54:34,144 - INFO - ASTAR found path: length=3, nodes_expanded=3
2025-11-17 14:54:34,193 - INFO - ASTAR found path: length=2, nodes_expanded=2
2025-11-17 14:54:34,245 - INFO - ASTAR found path: length=15, nodes_expanded=28
2025-11-17 14:54:34,296 - INFO - ASTAR found path: length=14, nodes_expanded=26
2025-11-17 14:54:34,346 - INFO - ASTAR found path: length=13, nodes_expanded=24
2025-11-17 14:54:34,397 - INFO - ASTAR found path: length=12, nodes_expanded=22
2025-11-17 14:54:34,448 - INFO - ASTAR found path: length=11, nodes_expanded=20
2025-11-17 14:54:34,499 - INFO - ASTAR found path: length=10, nodes_expanded=18
2025-11-17 14:54:34,549 - INFO - ASTAR found path: length=9, nodes_expanded=16
2025-11-17 14:54:34,599 - INFO - ASTAR found path: length=8, nodes_expanded=14
2025-11-17 14:54:34,649 - INFO - ASTAR found path: length=7, nodes_expanded=12
2025-11-17 14:54:34,700 - INFO - ASTAR found path: length=6, nodes_expanded=10
2025-11-17 14:54:34,750 - INFO - ASTAR found path: length=5, nodes_expanded=8
2025-11-17 14:54:34,802 - INFO - ASTAR found path: length=4, nodes_expanded=6
2025-11-17 14:54:34,853 - INFO - ASTAR found path: length=3, nodes_expanded=4
2025-11-17 14:54:34,904 - INFO - ASTAR found path: length=2, nodes_expanded=2
2025-11-17 14:54:34,954 - INFO - ASTAR found path: length=11, nodes_expanded=11
2025-11-17 14:54:35,006 - INFO - ASTAR found path: length=10, nodes_expanded=10
2025-11-17 14:54:35,056 - INFO - ASTAR found path: length=9, nodes_expanded=9
2025-11-17 14:54:35,107 - INFO - ASTAR found path: length=8, nodes_expanded=8
2025-11-17 14:54:35,156 - INFO - ASTAR found path: length=7, nodes_expanded=7
2025-11-17 14:54:35,207 - INFO - ASTAR found path: length=6, nodes_expanded=6
2025-11-17 14:54:35,259 - INFO - ASTAR found path: length=5, nodes_expanded=5
2025-11-17 14:54:35,309 - INFO - ASTAR found path: length=4, nodes_expanded=4
2025-11-17 14:54:35,360 - INFO - ASTAR found path: length=3, nodes_expanded=3
2025-11-17 14:54:35,411 - INFO - ASTAR found path: length=2, nodes_expanded=2
2025-11-17 14:54:35,461 - INFO - ASTAR found path: length=8, nodes_expanded=16
2025-11-17 14:54:35,513 - INFO - ASTAR found path: length=7, nodes_expanded=15
2025-11-17 14:54:35,563 - INFO - ASTAR found path: length=6, nodes_expanded=12
2025-11-17 14:54:35,614 - INFO - ASTAR found path: length=5, nodes_expanded=9
2025-11-17 14:54:35,664 - INFO - ASTAR found path: length=4, nodes_expanded=6
2025-11-17 14:54:35,715 - INFO - ASTAR found path: length=3, nodes_expanded=3
2025-11-17 14:54:35,767 - INFO - ASTAR found path: length=2, nodes_expanded=2
2025-11-17 14:54:35,817 - INFO - ASTAR found path: length=18, nodes_expanded=70
2025-11-17 14:54:35,867 - INFO - ASTAR found path: length=17, nodes_expanded=56
2025-11-17 14:54:35,917 - INFO - ASTAR found path: length=16, nodes_expanded=42
2025-11-17 14:54:35,968 - INFO - ASTAR found path: length=15, nodes_expanded=28
2025-11-17 14:54:36,020 - INFO - ASTAR found path: length=14, nodes_expanded=14
2025-11-17 14:54:36,071 - INFO - ASTAR found path: length=13, nodes_expanded=13
2025-11-17 14:54:36,122 - INFO - ASTAR found path: length=12, nodes_expanded=12
2025-11-17 14:54:36,173 - INFO - ASTAR found path: length=11, nodes_expanded=11
2025-11-17 14:54:36,224 - INFO - ASTAR found path: length=10, nodes_expanded=10
2025-11-17 14:54:36,274 - INFO - ASTAR found path: length=9, nodes_expanded=9
2025-11-17 14:54:36,325 - INFO - ASTAR found path: length=8, nodes_expanded=8
2025-11-17 14:54:36,375 - INFO - ASTAR found path: length=7, nodes_expanded=7
2025-11-17 14:54:36,426 - INFO - ASTAR found path: length=6, nodes_expanded=6
2025-11-17 14:54:36,476 - INFO - ASTAR found path: length=5, nodes_expanded=5
2025-11-17 14:54:36,527 - INFO - ASTAR found path: length=4, nodes_expanded=4
2025-11-17 14:54:36,578 - INFO - ASTAR found path: length=3, nodes_expanded=3
2025-11-17 14:54:36,628 - INFO - ASTAR found path: length=2, nodes_expanded=2
2025-11-17 14:54:36,680 - INFO - ASTAR found path: length=6, nodes_expanded=6
2025-11-17 14:54:36,731 - INFO - ASTAR found path: length=5, nodes_expanded=5
2025-11-17 14:54:36,781 - INFO - ASTAR found path: length=4, nodes_expanded=4
2025-11-17 14:54:36,831 - INFO - ASTAR found path: length=3, nodes_expanded=3
2025-11-17 14:54:36,882 - INFO - ASTAR found path: length=2, nodes_expanded=2
2025-11-17 14:54:36,939 - INFO - ASTAR found path: length=26, nodes_expanded=98
2025-11-17 14:54:36,989 - INFO - ASTAR found path: length=25, nodes_expanded=105
2025-11-17 14:54:37,036 - INFO - ASTAR found path: length=24, nodes_expanded=100
2025-11-17 14:54:37,085 - INFO - ASTAR found path: length=23, nodes_expanded=95
2025-11-17 14:54:37,136 - INFO - ASTAR found path: length=22, nodes_expanded=90
2025-11-17 14:54:37,187 - INFO - ASTAR found path: length=21, nodes_expanded=85
2025-11-17 14:54:37,239 - INFO - ASTAR found path: length=20, nodes_expanded=92
2025-11-17 14:54:37,292 - INFO - ASTAR found path: length=19, nodes_expanded=99
2025-11-17 14:54:37,342 - INFO - ASTAR found path: length=18, nodes_expanded=88
2025-11-17 14:54:37,394 - INFO - ASTAR found path: length=17, nodes_expanded=77
2025-11-17 14:54:37,444 - INFO - ASTAR found path: length=16, nodes_expanded=66
2025-11-17 14:54:37,495 - INFO - ASTAR found path: length=15, nodes_expanded=55
2025-11-17 14:54:37,546 - INFO - ASTAR found path: length=14, nodes_expanded=44
2025-11-17 14:54:37,595 - INFO - ASTAR found path: length=13, nodes_expanded=33
2025-11-17 14:54:37,646 - INFO - ASTAR found path: length=12, nodes_expanded=22
2025-11-17 14:54:37,698 - INFO - ASTAR found path: length=11, nodes_expanded=11
2025-11-17 14:54:37,748 - INFO - ASTAR found path: length=10, nodes_expanded=10
2025-11-17 14:54:37,798 - INFO - ASTAR found path: length=9, nodes_expanded=9
2025-11-17 14:54:37,849 - INFO - ASTAR found path: length=8, nodes_expanded=8
2025-11-17 14:54:37,900 - INFO - ASTAR found path: length=7, nodes_expanded=7
2025-11-17 14:54:37,951 - INFO - ASTAR found path: length=6, nodes_expanded=6
2025-11-17 14:54:38,002 - INFO - ASTAR found path: length=5, nodes_expanded=5
2025-11-17 14:54:38,052 - INFO - ASTAR found path: length=4, nodes_expanded=4
2025-11-17 14:54:38,102 - INFO - ASTAR found path: length=3, nodes_expanded=3
2025-11-17 14:54:38,152 - INFO - ASTAR found path: length=2, nodes_expanded=2
2025-11-17 14:54:38,202 - INFO - ASTAR found path: length=8, nodes_expanded=8
2025-11-17 14:54:38,253 - INFO - ASTAR found path: length=7, nodes_expanded=7
2025-11-17 14:54:38,303 - INFO - ASTAR found path: length=6, nodes_expanded=6
2025-11-17 14:54:38,354 - INFO - ASTAR found path: length=5, nodes_expanded=5
2025-11-17 14:54:38,406 - INFO - ASTAR found path: length=4, nodes_expanded=4
2025-11-17 14:54:38,458 - INFO - ASTAR found path: length=3, nodes_expanded=3
2025-11-17 14:54:38,509 - INFO - ASTAR found path: length=2, nodes_expanded=2
2025-11-17 14:54:38,560 - INFO - ASTAR found path: length=5, nodes_expanded=7
2025-11-17 14:54:38,612 - INFO - ASTAR found path: length=4, nodes_expanded=6
2025-11-17 14:54:38,661 - INFO - ASTAR found path: length=3, nodes_expanded=4
2025-11-17 14:54:38,711 - INFO - ASTAR found path: length=2, nodes_expanded=2
2025-11-17 14:54:38,764 - INFO - ASTAR found path: length=26, nodes_expanded=176
2025-11-17 14:54:38,815 - INFO - ASTAR found path: length=25, nodes_expanded=160
2025-11-17 14:54:38,865 - INFO - ASTAR found path: length=24, nodes_expanded=144
2025-11-17 14:54:38,917 - INFO - ASTAR found path: length=23, nodes_expanded=128
2025-11-17 14:54:38,967 - INFO - ASTAR found path: length=22, nodes_expanded=112
2025-11-17 14:54:39,016 - INFO - ASTAR found path: length=21, nodes_expanded=96
2025-11-17 14:54:39,066 - INFO - ASTAR found path: length=20, nodes_expanded=80
2025-11-17 14:54:39,116 - INFO - ASTAR found path: length=19, nodes_expanded=64
2025-11-17 14:54:39,165 - INFO - ASTAR found path: length=18, nodes_expanded=48
2025-11-17 14:54:39,216 - INFO - ASTAR found path: length=17, nodes_expanded=32
2025-11-17 14:54:39,267 - INFO - ASTAR found path: length=16, nodes_expanded=16
2025-11-17 14:54:39,319 - INFO - ASTAR found path: length=15, nodes_expanded=15
2025-11-17 14:54:39,367 - INFO - ASTAR found path: length=14, nodes_expanded=14
2025-11-17 14:54:39,417 - INFO - ASTAR found path: length=13, nodes_expanded=13
2025-11-17 14:54:39,466 - INFO - ASTAR found path: length=12, nodes_expanded=12
2025-11-17 14:54:39,517 - INFO - ASTAR found path: length=11, nodes_expanded=11
2025-11-17 14:54:39,567 - INFO - ASTAR found path: length=10, nodes_expanded=10
2025-11-17 14:54:39,617 - INFO - ASTAR found path: length=9, nodes_expanded=9
2025-11-17 14:54:39,668 - INFO - ASTAR found path: length=8, nodes_expanded=8
2025-11-17 14:54:39,719 - INFO - ASTAR found path: length=7, nodes_expanded=7
2025-11-17 14:54:39,771 - INFO - ASTAR found path: length=6, nodes_expanded=6
2025-11-17 14:54:39,823 - INFO - ASTAR found path: length=5, nodes_expanded=5
2025-11-17 14:54:39,873 - INFO - ASTAR found path: length=4, nodes_expanded=4
2025-11-17 14:54:39,925 - INFO - ASTAR found path: length=3, nodes_expanded=3
2025-11-17 14:54:39,977 - INFO - ASTAR found path: length=2, nodes_expanded=2
2025-11-17 14:54:40,027 - INFO - ASTAR found path: length=4, nodes_expanded=4
2025-11-17 14:54:40,077 - INFO - ASTAR found path: length=3, nodes_expanded=3
2025-11-17 14:54:40,128 - INFO - ASTAR found path: length=2, nodes_expanded=2
2025-11-17 14:54:40,185 - INFO - ASTAR found path: length=42, nodes_expanded=177
2025-11-17 14:54:40,236 - INFO - ASTAR found path: length=41, nodes_expanded=185
2025-11-17 14:54:40,284 - INFO - ASTAR found path: length=38, nodes_expanded=166
2025-11-17 14:54:40,334 - INFO - ASTAR found path: length=35, nodes_expanded=147
2025-11-17 14:54:40,385 - INFO - ASTAR found path: length=32, nodes_expanded=128
2025-11-17 14:54:40,436 - INFO - ASTAR found path: length=29, nodes_expanded=109
2025-11-17 14:54:40,486 - INFO - ASTAR found path: length=26, nodes_expanded=90
2025-11-17 14:54:40,536 - INFO - ASTAR found path: length=23, nodes_expanded=71
2025-11-17 14:54:40,587 - INFO - ASTAR found path: length=22, nodes_expanded=71
2025-11-17 14:54:40,638 - INFO - ASTAR found path: length=21, nodes_expanded=71
2025-11-17 14:54:40,686 - INFO - ASTAR found path: length=20, nodes_expanded=68
2025-11-17 14:54:40,737 - INFO - ASTAR found path: length=19, nodes_expanded=64
2025-11-17 14:54:40,788 - INFO - ASTAR found path: length=18, nodes_expanded=60
2025-11-17 14:54:40,838 - INFO - ASTAR found path: length=17, nodes_expanded=56
2025-11-17 14:54:40,890 - INFO - ASTAR found path: length=16, nodes_expanded=52
2025-11-17 14:54:40,942 - INFO - ASTAR found path: length=15, nodes_expanded=48
2025-11-17 14:54:40,992 - INFO - ASTAR found path: length=14, nodes_expanded=44
2025-11-17 14:54:41,042 - INFO - ASTAR found path: length=13, nodes_expanded=40
2025-11-17 14:54:41,092 - INFO - ASTAR found path: length=12, nodes_expanded=36
2025-11-17 14:54:41,141 - INFO - ASTAR found path: length=11, nodes_expanded=32
2025-11-17 14:54:41,192 - INFO - ASTAR found path: length=10, nodes_expanded=28
2025-11-17 14:54:41,242 - INFO - ASTAR found path: length=9, nodes_expanded=24
2025-11-17 14:54:41,294 - INFO - ASTAR found path: length=8, nodes_expanded=20
2025-11-17 14:54:41,344 - INFO - ASTAR found path: length=7, nodes_expanded=16
2025-11-17 14:54:41,395 - INFO - ASTAR found path: length=6, nodes_expanded=12
2025-11-17 14:54:41,446 - INFO - ASTAR found path: length=5, nodes_expanded=8
2025-11-17 14:54:41,496 - INFO - ASTAR found path: length=4, nodes_expanded=4
2025-11-17 14:54:41,547 - INFO - ASTAR found path: length=3, nodes_expanded=3
2025-11-17 14:54:41,598 - INFO - ASTAR found path: length=2, nodes_expanded=2
2025-11-17 14:54:41,653 - INFO - ASTAR found path: length=23, nodes_expanded=131
2025-11-17 14:54:41,702 - INFO - ASTAR found path: length=22, nodes_expanded=94
2025-11-17 14:54:41,753 - INFO - ASTAR found path: length=21, nodes_expanded=93
2025-11-17 14:54:41,802 - INFO - ASTAR found path: length=20, nodes_expanded=92
2025-11-17 14:54:41,851 - INFO - ASTAR found path: length=19, nodes_expanded=91
2025-11-17 14:54:41,900 - INFO - ASTAR found path: length=18, nodes_expanded=90
2025-11-17 14:54:41,950 - INFO - ASTAR found path: length=17, nodes_expanded=81
2025-11-17 14:54:42,000 - INFO - ASTAR found path: length=16, nodes_expanded=72
2025-11-17 14:54:42,051 - INFO - ASTAR found path: length=15, nodes_expanded=63
2025-11-17 14:54:42,104 - INFO - ASTAR found path: length=14, nodes_expanded=54
2025-11-17 14:54:42,154 - INFO - ASTAR found path: length=13, nodes_expanded=45
2025-11-17 14:54:42,205 - INFO - ASTAR found path: length=12, nodes_expanded=36
2025-11-17 14:54:42,255 - INFO - ASTAR found path: length=11, nodes_expanded=27
2025-11-17 14:54:42,306 - INFO - ASTAR found path: length=10, nodes_expanded=18
2025-11-17 14:54:42,356 - INFO - ASTAR found path: length=9, nodes_expanded=9
2025-11-17 14:54:42,408 - INFO - ASTAR found path: length=8, nodes_expanded=8
2025-11-17 14:54:42,459 - INFO - ASTAR found path: length=7, nodes_expanded=7
2025-11-17 14:54:42,511 - INFO - ASTAR found path: length=6, nodes_expanded=6
2025-11-17 14:54:42,562 - INFO - ASTAR found path: length=5, nodes_expanded=5
2025-11-17 14:54:42,612 - INFO - ASTAR found path: length=4, nodes_expanded=4
2025-11-17 14:54:42,663 - INFO - ASTAR found path: length=3, nodes_expanded=3
2025-11-17 14:54:42,713 - INFO - ASTAR found path: length=2, nodes_expanded=2
2025-11-17 14:54:42,770 - INFO - ASTAR found path: length=25, nodes_expanded=151
2025-11-17 14:54:42,820 - INFO - ASTAR found path: length=24, nodes_expanded=150
2025-11-17 14:54:42,869 - INFO - ASTAR found path: length=23, nodes_expanded=135
2025-11-17 14:54:42,918 - INFO - ASTAR found path: length=22, nodes_expanded=120
2025-11-17 14:54:42,967 - INFO - ASTAR found path: length=21, nodes_expanded=105
2025-11-17 14:54:43,017 - INFO - ASTAR found path: length=20, nodes_expanded=90
2025-11-17 14:54:43,069 - INFO - ASTAR found path: length=19, nodes_expanded=75
2025-11-17 14:54:43,117 - INFO - ASTAR found path: length=18, nodes_expanded=60
2025-11-17 14:54:43,167 - INFO - ASTAR found path: length=17, nodes_expanded=45
2025-11-17 14:54:43,218 - INFO - ASTAR found path: length=16, nodes_expanded=30
2025-11-17 14:54:43,268 - INFO - ASTAR found path: length=15, nodes_expanded=15
2025-11-17 14:54:43,320 - INFO - ASTAR found path: length=14, nodes_expanded=14
2025-11-17 14:54:43,370 - INFO - ASTAR found path: length=13, nodes_expanded=13
2025-11-17 14:54:43,420 - INFO - ASTAR found path: length=12, nodes_expanded=12
2025-11-17 14:54:43,471 - INFO - ASTAR found path: length=11, nodes_expanded=11
2025-11-17 14:54:43,522 - INFO - ASTAR found path: length=10, nodes_expanded=10
2025-11-17 14:54:43,573 - INFO - ASTAR found path: length=9, nodes_expanded=9
2025-11-17 14:54:43,624 - INFO - ASTAR found path: length=8, nodes_expanded=8
2025-11-17 14:54:43,675 - INFO - ASTAR found path: length=7, nodes_expanded=7
2025-11-17 14:54:43,725 - INFO - ASTAR found path: length=6, nodes_expanded=6
2025-11-17 14:54:43,777 - INFO - ASTAR found path: length=5, nodes_expanded=5
2025-11-17 14:54:43,827 - INFO - ASTAR found path: length=4, nodes_expanded=4
2025-11-17 14:54:43,878 - INFO - ASTAR found path: length=3, nodes_expanded=3
2025-11-17 14:54:43,929 - INFO - ASTAR found path: length=2, nodes_expanded=2
2025-11-17 14:54:43,981 - INFO - ASTAR found path: length=14, nodes_expanded=46
2025-11-17 14:54:44,032 - INFO - ASTAR found path: length=13, nodes_expanded=45
2025-11-17 14:54:44,082 - INFO - ASTAR found path: length=12, nodes_expanded=36
2025-11-17 14:54:44,133 - INFO - ASTAR found path: length=11, nodes_expanded=27
2025-11-17 14:54:44,185 - INFO - ASTAR found path: length=10, nodes_expanded=18
2025-11-17 14:54:44,237 - INFO - ASTAR found path: length=9, nodes_expanded=9
2025-11-17 14:54:44,287 - INFO - ASTAR found path: length=8, nodes_expanded=8
2025-11-17 14:54:44,336 - INFO - ASTAR found path: length=7, nodes_expanded=7
2025-11-17 14:54:44,387 - INFO - ASTAR found path: length=6, nodes_expanded=6
2025-11-17 14:54:44,438 - INFO - ASTAR found path: length=5, nodes_expanded=5
2025-11-17 14:54:44,488 - INFO - ASTAR found path: length=4, nodes_expanded=4
2025-11-17 14:54:44,539 - INFO - ASTAR found path: length=3, nodes_expanded=3
2025-11-17 14:54:44,589 - INFO - ASTAR found path: length=2, nodes_expanded=2
2025-11-17 14:54:44,640 - INFO - ASTAR found path: length=6, nodes_expanded=12
2025-11-17 14:54:44,691 - INFO - ASTAR found path: length=5, nodes_expanded=8
2025-11-17 14:54:44,743 - INFO - Speed adjusted to: 19 FPS
2025-11-17 14:54:44,745 - INFO - ASTAR found path: length=4, nodes_expanded=4
2025-11-17 14:54:44,795 - INFO - ASTAR found path: length=3, nodes_expanded=3
2025-11-17 14:54:44,848 - INFO - ASTAR found path: length=2, nodes_expanded=2
2025-11-17 14:54:44,901 - INFO - Speed adjusted to: 18 FPS
2025-11-17 14:54:44,903 - INFO - ASTAR found path: length=5, nodes_expanded=5
2025-11-17 14:54:44,959 - INFO - ASTAR found path: length=4, nodes_expanded=4
2025-11-17 14:54:45,012 - INFO - ASTAR found path: length=3, nodes_expanded=3
2025-11-17 14:54:45,068 - INFO - ASTAR found path: length=2, nodes_expanded=2
2025-11-17 14:54:45,124 - INFO - ASTAR found path: length=19, nodes_expanded=51
2025-11-17 14:54:45,180 - INFO - ASTAR found path: length=18, nodes_expanded=34
2025-11-17 14:54:45,235 - INFO - ASTAR found path: length=17, nodes_expanded=17
2025-11-17 14:54:45,290 - INFO - ASTAR found path: length=16, nodes_expanded=16
2025-11-17 14:54:45,346 - INFO - ASTAR found path: length=15, nodes_expanded=15
2025-11-17 14:54:45,401 - INFO - ASTAR found path: length=14, nodes_expanded=14
2025-11-17 14:54:45,456 - INFO - ASTAR found path: length=13, nodes_expanded=13
2025-11-17 14:54:45,512 - INFO - ASTAR found path: length=12, nodes_expanded=12
2025-11-17 14:54:45,568 - INFO - ASTAR found path: length=11, nodes_expanded=11
2025-11-17 14:54:45,623 - INFO - Speed adjusted to: 17 FPS
2025-11-17 14:54:45,623 - INFO - ASTAR found path: length=10, nodes_expanded=10
2025-11-17 14:54:45,682 - INFO - ASTAR found path: length=9, nodes_expanded=9
2025-11-17 14:54:45,741 - INFO - ASTAR found path: length=8, nodes_expanded=8
2025-11-17 14:54:45,800 - INFO - Speed adjusted to: 16 FPS
2025-11-17 14:54:45,803 - INFO - ASTAR found path: length=7, nodes_expanded=7
2025-11-17 14:54:45,865 - INFO - ASTAR found path: length=6, nodes_expanded=6
2025-11-17 14:54:45,927 - INFO - Speed adjusted to: 15 FPS
2025-11-17 14:54:45,929 - INFO - ASTAR found path: length=5, nodes_expanded=5
2025-11-17 14:54:45,993 - INFO - ASTAR found path: length=4, nodes_expanded=4
2025-11-17 14:54:46,059 - INFO - ASTAR found path: length=3, nodes_expanded=3
2025-11-17 14:54:46,126 - INFO - ASTAR found path: length=2, nodes_expanded=2
2025-11-17 14:54:46,193 - INFO - ASTAR found path: length=9, nodes_expanded=9
2025-11-17 14:54:46,260 - INFO - ASTAR found path: length=8, nodes_expanded=8
2025-11-17 14:54:46,325 - INFO - ASTAR found path: length=7, nodes_expanded=7
2025-11-17 14:54:46,393 - INFO - ASTAR found path: length=6, nodes_expanded=6
2025-11-17 14:54:46,459 - INFO - ASTAR found path: length=5, nodes_expanded=5
2025-11-17 14:54:46,527 - INFO - ASTAR found path: length=4, nodes_expanded=4
2025-11-17 14:54:46,594 - INFO - ASTAR found path: length=3, nodes_expanded=3
2025-11-17 14:54:46,661 - INFO - ASTAR found path: length=2, nodes_expanded=2
2025-11-17 14:54:46,728 - INFO - ASTAR found path: length=7, nodes_expanded=12
2025-11-17 14:54:46,794 - INFO - ASTAR found path: length=6, nodes_expanded=6
2025-11-17 14:54:46,860 - INFO - ASTAR found path: length=5, nodes_expanded=5
2025-11-17 14:54:46,927 - INFO - ASTAR found path: length=4, nodes_expanded=4
2025-11-17 14:54:46,994 - INFO - ASTAR found path: length=3, nodes_expanded=3
2025-11-17 14:54:47,059 - INFO - ASTAR found path: length=2, nodes_expanded=2
2025-11-17 14:54:47,127 - INFO - ASTAR found path: length=5, nodes_expanded=8
2025-11-17 14:54:47,193 - INFO - ASTAR found path: length=4, nodes_expanded=4
2025-11-17 14:54:47,260 - INFO - ASTAR found path: length=3, nodes_expanded=3
2025-11-17 14:54:47,327 - INFO - ASTAR found path: length=2, nodes_expanded=2
2025-11-17 14:54:47,394 - INFO - ASTAR found path: length=6, nodes_expanded=12
2025-11-17 14:54:47,460 - INFO - ASTAR found path: length=5, nodes_expanded=8
2025-11-17 14:54:47,526 - INFO - ASTAR found path: length=4, nodes_expanded=4
2025-11-17 14:54:47,593 - INFO - ASTAR found path: length=3, nodes_expanded=3
2025-11-17 14:54:47,660 - INFO - ASTAR found path: length=2, nodes_expanded=2
2025-11-17 14:54:47,727 - INFO - ASTAR found path: length=11, nodes_expanded=25
2025-11-17 14:54:47,793 - INFO - ASTAR found path: length=10, nodes_expanded=24
2025-11-17 14:54:47,859 - INFO - ASTAR found path: length=9, nodes_expanded=21
2025-11-17 14:54:47,926 - INFO - ASTAR found path: length=8, nodes_expanded=18
2025-11-17 14:54:47,991 - INFO - ASTAR found path: length=7, nodes_expanded=15
2025-11-17 14:54:48,057 - INFO - ASTAR found path: length=6, nodes_expanded=12
2025-11-17 14:54:48,124 - INFO - ASTAR found path: length=5, nodes_expanded=9
2025-11-17 14:54:48,192 - INFO - ASTAR found path: length=4, nodes_expanded=6
2025-11-17 14:54:48,259 - INFO - ASTAR found path: length=3, nodes_expanded=3
2025-11-17 14:54:48,325 - INFO - ASTAR found path: length=2, nodes_expanded=2
2025-11-17 14:54:48,397 - INFO - ASTAR found path: length=36, nodes_expanded=210
2025-11-17 14:54:48,462 - INFO - ASTAR found path: length=33, nodes_expanded=153
2025-11-17 14:54:48,529 - INFO - ASTAR found path: length=32, nodes_expanded=146
2025-11-17 14:54:48,595 - INFO - ASTAR found path: length=31, nodes_expanded=139
2025-11-17 14:54:48,661 - INFO - ASTAR found path: length=30, nodes_expanded=132
2025-11-17 14:54:48,728 - INFO - ASTAR found path: length=29, nodes_expanded=125
2025-11-17 14:54:48,795 - INFO - ASTAR found path: length=28, nodes_expanded=118
2025-11-17 14:54:48,862 - INFO - ASTAR found path: length=27, nodes_expanded=103
2025-11-17 14:54:48,923 - INFO - ASTAR found path: length=26, nodes_expanded=110
2025-11-17 14:54:48,992 - INFO - ASTAR found path: length=25, nodes_expanded=117
2025-11-17 14:54:49,061 - INFO - ASTAR found path: length=24, nodes_expanded=111
2025-11-17 14:54:49,129 - INFO - ASTAR found path: length=23, nodes_expanded=105
2025-11-17 14:54:49,196 - INFO - ASTAR found path: length=22, nodes_expanded=112
2025-11-17 14:54:49,263 - INFO - ASTAR found path: length=21, nodes_expanded=111
2025-11-17 14:54:49,326 - INFO - ASTAR found path: length=20, nodes_expanded=110
2025-11-17 14:54:49,392 - INFO - ASTAR found path: length=19, nodes_expanded=99
2025-11-17 14:54:49,459 - INFO - ASTAR found path: length=18, nodes_expanded=88
2025-11-17 14:54:49,528 - INFO - ASTAR found path: length=17, nodes_expanded=77
2025-11-17 14:54:49,596 - INFO - ASTAR found path: length=16, nodes_expanded=66
2025-11-17 14:54:49,661 - INFO - ASTAR found path: length=15, nodes_expanded=55
2025-11-17 14:54:49,727 - INFO - ASTAR found path: length=14, nodes_expanded=44
2025-11-17 14:54:49,793 - INFO - ASTAR found path: length=13, nodes_expanded=33
2025-11-17 14:54:49,859 - INFO - ASTAR found path: length=12, nodes_expanded=22
2025-11-17 14:54:49,926 - INFO - ASTAR found path: length=11, nodes_expanded=11
2025-11-17 14:54:49,993 - INFO - ASTAR found path: length=10, nodes_expanded=10
2025-11-17 14:54:50,059 - INFO - ASTAR found path: length=9, nodes_expanded=9
2025-11-17 14:54:50,127 - INFO - ASTAR found path: length=8, nodes_expanded=8
2025-11-17 14:54:50,195 - INFO - ASTAR found path: length=7, nodes_expanded=7
2025-11-17 14:54:50,262 - INFO - ASTAR found path: length=6, nodes_expanded=6
2025-11-17 14:54:50,329 - INFO - ASTAR found path: length=5, nodes_expanded=5
2025-11-17 14:54:50,397 - INFO - ASTAR found path: length=4, nodes_expanded=4
2025-11-17 14:54:50,465 - INFO - ASTAR found path: length=3, nodes_expanded=3
2025-11-17 14:54:50,530 - INFO - ASTAR found path: length=2, nodes_expanded=2
2025-11-17 14:54:50,597 - INFO - ASTAR found path: length=17, nodes_expanded=32
2025-11-17 14:54:50,663 - INFO - ASTAR found path: length=16, nodes_expanded=30
2025-11-17 14:54:50,731 - INFO - ASTAR found path: length=15, nodes_expanded=28
2025-11-17 14:54:50,798 - INFO - ASTAR found path: length=14, nodes_expanded=26
2025-11-17 14:54:50,866 - INFO - ASTAR found path: length=13, nodes_expanded=24
2025-11-17 14:54:50,932 - INFO - ASTAR found path: length=12, nodes_expanded=22
2025-11-17 14:54:50,998 - INFO - ASTAR found path: length=11, nodes_expanded=20
2025-11-17 14:54:51,065 - INFO - ASTAR found path: length=10, nodes_expanded=18
2025-11-17 14:54:51,131 - INFO - ASTAR found path: length=9, nodes_expanded=16
2025-11-17 14:54:51,197 - INFO - ASTAR found path: length=8, nodes_expanded=14
2025-11-17 14:54:51,263 - INFO - ASTAR found path: length=7, nodes_expanded=12
2025-11-17 14:54:51,329 - INFO - ASTAR found path: length=6, nodes_expanded=10
2025-11-17 14:54:51,396 - INFO - ASTAR found path: length=5, nodes_expanded=8
2025-11-17 14:54:51,462 - INFO - ASTAR found path: length=4, nodes_expanded=6
2025-11-17 14:54:51,528 - INFO - ASTAR found path: length=3, nodes_expanded=4
2025-11-17 14:54:51,597 - INFO - ASTAR found path: length=2, nodes_expanded=2
2025-11-17 14:54:51,672 - INFO - ASTAR found path: length=33, nodes_expanded=249
2025-11-17 14:54:51,732 - INFO - ASTAR found path: length=32, nodes_expanded=236
2025-11-17 14:54:51,798 - INFO - ASTAR found path: length=31, nodes_expanded=236
2025-11-17 14:54:51,865 - INFO - ASTAR found path: length=30, nodes_expanded=236
2025-11-17 14:54:51,932 - INFO - ASTAR found path: length=29, nodes_expanded=220
2025-11-17 14:54:52,002 - INFO - ASTAR found path: length=28, nodes_expanded=204
2025-11-17 14:54:52,069 - INFO - ASTAR found path: length=27, nodes_expanded=187
2025-11-17 14:54:52,135 - INFO - ASTAR found path: length=26, nodes_expanded=170
2025-11-17 14:54:52,201 - INFO - ASTAR found path: length=25, nodes_expanded=153
2025-11-17 14:54:52,264 - INFO - ASTAR found path: length=24, nodes_expanded=136
2025-11-17 14:54:52,330 - INFO - ASTAR found path: length=23, nodes_expanded=119
2025-11-17 14:54:52,398 - INFO - ASTAR found path: length=22, nodes_expanded=102
2025-11-17 14:54:52,464 - INFO - ASTAR found path: length=21, nodes_expanded=85
2025-11-17 14:54:52,531 - INFO - ASTAR found path: length=20, nodes_expanded=68
2025-11-17 14:54:52,598 - INFO - ASTAR found path: length=19, nodes_expanded=51
2025-11-17 14:54:52,664 - INFO - ASTAR found path: length=18, nodes_expanded=34
2025-11-17 14:54:52,729 - INFO - ASTAR found path: length=17, nodes_expanded=17
2025-11-17 14:54:52,796 - INFO - ASTAR found path: length=16, nodes_expanded=16
2025-11-17 14:54:52,863 - INFO - ASTAR found path: length=15, nodes_expanded=15
2025-11-17 14:54:52,930 - INFO - ASTAR found path: length=14, nodes_expanded=14
2025-11-17 14:54:52,997 - INFO - ASTAR found path: length=13, nodes_expanded=13
2025-11-17 14:54:53,064 - INFO - ASTAR found path: length=12, nodes_expanded=12
2025-11-17 14:54:53,130 - INFO - ASTAR found path: length=11, nodes_expanded=11
2025-11-17 14:54:53,197 - INFO - ASTAR found path: length=10, nodes_expanded=10
2025-11-17 14:54:53,265 - INFO - ASTAR found path: length=9, nodes_expanded=9
2025-11-17 14:54:53,332 - INFO - ASTAR found path: length=8, nodes_expanded=8
2025-11-17 14:54:53,399 - INFO - ASTAR found path: length=7, nodes_expanded=7
2025-11-17 14:54:53,467 - INFO - ASTAR found path: length=6, nodes_expanded=6
2025-11-17 14:54:53,534 - INFO - ASTAR found path: length=5, nodes_expanded=5
2025-11-17 14:54:53,601 - INFO - ASTAR found path: length=4, nodes_expanded=4
2025-11-17 14:54:53,668 - INFO - ASTAR found path: length=3, nodes_expanded=3
2025-11-17 14:54:53,734 - INFO - ASTAR found path: length=2, nodes_expanded=2
2025-11-17 14:54:53,803 - INFO - ASTAR found path: length=11, nodes_expanded=25
2025-11-17 14:54:53,869 - INFO - ASTAR found path: length=10, nodes_expanded=24
2025-11-17 14:54:53,935 - INFO - ASTAR found path: length=9, nodes_expanded=16
2025-11-17 14:54:54,001 - INFO - ASTAR found path: length=8, nodes_expanded=8
2025-11-17 14:54:54,067 - INFO - ASTAR found path: length=7, nodes_expanded=7
2025-11-17 14:54:54,134 - INFO - ASTAR found path: length=6, nodes_expanded=6
2025-11-17 14:54:54,200 - INFO - ASTAR found path: length=5, nodes_expanded=5
2025-11-17 14:54:54,267 - INFO - ASTAR found path: length=4, nodes_expanded=4
2025-11-17 14:54:54,334 - INFO - ASTAR found path: length=3, nodes_expanded=3
2025-11-17 14:54:54,400 - INFO - ASTAR found path: length=2, nodes_expanded=2
2025-11-17 14:54:54,469 - INFO - ASTAR found path: length=32, nodes_expanded=76
2025-11-17 14:54:54,535 - INFO - ASTAR found path: length=31, nodes_expanded=78
2025-11-17 14:54:54,600 - INFO - ASTAR found path: length=30, nodes_expanded=78
2025-11-17 14:54:54,666 - INFO - ASTAR found path: length=29, nodes_expanded=74
2025-11-17 14:54:54,732 - INFO - ASTAR found path: length=28, nodes_expanded=77
2025-11-17 14:54:54,798 - INFO - ASTAR found path: length=27, nodes_expanded=80
2025-11-17 14:54:54,865 - INFO - ASTAR found path: length=26, nodes_expanded=82
2025-11-17 14:54:54,932 - INFO - ASTAR found path: length=25, nodes_expanded=83
2025-11-17 14:54:54,997 - INFO - ASTAR found path: length=24, nodes_expanded=84
2025-11-17 14:54:55,064 - INFO - ASTAR found path: length=23, nodes_expanded=85
2025-11-17 14:54:55,130 - INFO - ASTAR found path: length=20, nodes_expanded=62
2025-11-17 14:54:55,197 - INFO - ASTAR found path: length=19, nodes_expanded=59
2025-11-17 14:54:55,263 - INFO - ASTAR found path: length=18, nodes_expanded=59
2025-11-17 14:54:55,331 - INFO - ASTAR found path: length=17, nodes_expanded=56
2025-11-17 14:54:55,396 - INFO - ASTAR found path: length=16, nodes_expanded=52
2025-11-17 14:54:55,463 - INFO - ASTAR found path: length=15, nodes_expanded=48
2025-11-17 14:54:55,529 - INFO - ASTAR found path: length=14, nodes_expanded=44
2025-11-17 14:54:55,597 - INFO - ASTAR found path: length=13, nodes_expanded=40
2025-11-17 14:54:55,663 - INFO - ASTAR found path: length=12, nodes_expanded=36
2025-11-17 14:54:55,729 - INFO - ASTAR found path: length=11, nodes_expanded=32
2025-11-17 14:54:55,795 - INFO - ASTAR found path: length=10, nodes_expanded=28
2025-11-17 14:54:55,861 - INFO - ASTAR found path: length=9, nodes_expanded=24
2025-11-17 14:54:55,928 - INFO - ASTAR found path: length=8, nodes_expanded=20
2025-11-17 14:54:55,995 - INFO - ASTAR found path: length=7, nodes_expanded=16
2025-11-17 14:54:56,064 - INFO - ASTAR found path: length=6, nodes_expanded=12
2025-11-17 14:54:56,130 - INFO - ASTAR found path: length=5, nodes_expanded=8
2025-11-17 14:54:56,197 - INFO - ASTAR found path: length=4, nodes_expanded=4
2025-11-17 14:54:56,264 - INFO - ASTAR found path: length=3, nodes_expanded=3
2025-11-17 14:54:56,330 - INFO - ASTAR found path: length=2, nodes_expanded=2
2025-11-17 14:54:56,397 - INFO - ASTAR found path: length=5, nodes_expanded=9
2025-11-17 14:54:56,464 - INFO - ASTAR found path: length=4, nodes_expanded=6
2025-11-17 14:54:56,530 - INFO - ASTAR found path: length=3, nodes_expanded=3
2025-11-17 14:54:56,597 - INFO - ASTAR found path: length=2, nodes_expanded=2
2025-11-17 14:54:56,664 - INFO - ASTAR found path: length=9, nodes_expanded=25
2025-11-17 14:54:56,731 - INFO - ASTAR found path: length=8, nodes_expanded=20
2025-11-17 14:54:56,797 - INFO - ASTAR found path: length=7, nodes_expanded=15
2025-11-17 14:54:56,864 - INFO - ASTAR found path: length=6, nodes_expanded=10
2025-11-17 14:54:56,931 - INFO - ASTAR found path: length=5, nodes_expanded=5
2025-11-17 14:54:56,998 - INFO - ASTAR found path: length=4, nodes_expanded=4
2025-11-17 14:54:57,065 - INFO - ASTAR found path: length=3, nodes_expanded=3
2025-11-17 14:54:57,132 - INFO - ASTAR found path: length=2, nodes_expanded=2
2025-11-17 14:54:57,200 - INFO - ASTAR found path: length=7, nodes_expanded=15
2025-11-17 14:54:57,267 - INFO - ASTAR found path: length=6, nodes_expanded=12
2025-11-17 14:54:57,333 - INFO - ASTAR found path: length=5, nodes_expanded=9
2025-11-17 14:54:57,400 - INFO - ASTAR found path: length=4, nodes_expanded=6
2025-11-17 14:54:57,466 - INFO - ASTAR found path: length=3, nodes_expanded=3
2025-11-17 14:54:57,533 - INFO - ASTAR found path: length=2, nodes_expanded=2
2025-11-17 14:54:57,602 - INFO - ASTAR found path: length=15, nodes_expanded=39
2025-11-17 14:54:57,669 - INFO - ASTAR found path: length=14, nodes_expanded=36
2025-11-17 14:54:57,735 - INFO - ASTAR found path: length=13, nodes_expanded=33
2025-11-17 14:54:57,802 - INFO - ASTAR found path: length=12, nodes_expanded=30
2025-11-17 14:54:57,867 - INFO - ASTAR found path: length=11, nodes_expanded=27
2025-11-17 14:54:57,933 - INFO - ASTAR found path: length=10, nodes_expanded=24
2025-11-17 14:54:58,000 - INFO - ASTAR found path: length=9, nodes_expanded=21
2025-11-17 14:54:58,067 - INFO - ASTAR found path: length=8, nodes_expanded=18
2025-11-17 14:54:58,134 - INFO - ASTAR found path: length=7, nodes_expanded=15
2025-11-17 14:54:58,200 - INFO - ASTAR found path: length=6, nodes_expanded=12
2025-11-17 14:54:58,267 - INFO - ASTAR found path: length=5, nodes_expanded=9
2025-11-17 14:54:58,334 - INFO - ASTAR found path: length=4, nodes_expanded=6
2025-11-17 14:54:58,401 - INFO - ASTAR found path: length=3, nodes_expanded=3
2025-11-17 14:54:58,467 - INFO - ASTAR found path: length=2, nodes_expanded=2
2025-11-17 14:54:58,537 - INFO - ASTAR found path: length=31, nodes_expanded=85
2025-11-17 14:54:58,604 - INFO - ASTAR found path: length=30, nodes_expanded=84
2025-11-17 14:54:58,671 - INFO - ASTAR found path: length=29, nodes_expanded=82
2025-11-17 14:54:58,737 - INFO - ASTAR found path: length=28, nodes_expanded=80
2025-11-17 14:54:58,803 - INFO - ASTAR found path: length=27, nodes_expanded=78
2025-11-17 14:54:58,871 - INFO - ASTAR found path: length=26, nodes_expanded=76
2025-11-17 14:54:58,935 - INFO - ASTAR found path: length=25, nodes_expanded=74
2025-11-17 14:54:59,004 - INFO - ASTAR found path: length=24, nodes_expanded=72
2025-11-17 14:54:59,071 - INFO - ASTAR found path: length=23, nodes_expanded=70
2025-11-17 14:54:59,135 - INFO - ASTAR found path: length=22, nodes_expanded=68
2025-11-17 14:54:59,201 - INFO - ASTAR found path: length=21, nodes_expanded=66
2025-11-17 14:54:59,269 - INFO - ASTAR found path: length=20, nodes_expanded=64
2025-11-17 14:54:59,338 - INFO - ASTAR found path: length=19, nodes_expanded=62
2025-11-17 14:54:59,404 - INFO - ASTAR found path: length=18, nodes_expanded=60
2025-11-17 14:54:59,471 - INFO - ASTAR found path: length=17, nodes_expanded=45
2025-11-17 14:54:59,537 - INFO - ASTAR found path: length=16, nodes_expanded=30
2025-11-17 14:54:59,602 - INFO - ASTAR found path: length=15, nodes_expanded=15
2025-11-17 14:54:59,668 - INFO - ASTAR found path: length=14, nodes_expanded=14
2025-11-17 14:54:59,736 - INFO - ASTAR found path: length=13, nodes_expanded=13
2025-11-17 14:54:59,803 - INFO - ASTAR found path: length=12, nodes_expanded=12
2025-11-17 14:54:59,869 - INFO - ASTAR found path: length=11, nodes_expanded=11
2025-11-17 14:54:59,935 - INFO - ASTAR found path: length=10, nodes_expanded=10
2025-11-17 14:55:00,002 - INFO - ASTAR found path: length=9, nodes_expanded=9
2025-11-17 14:55:00,069 - INFO - ASTAR found path: length=8, nodes_expanded=8
2025-11-17 14:55:00,135 - INFO - ASTAR found path: length=7, nodes_expanded=7
2025-11-17 14:55:00,203 - INFO - ASTAR found path: length=6, nodes_expanded=6
2025-11-17 14:55:00,269 - INFO - ASTAR found path: length=5, nodes_expanded=5
2025-11-17 14:55:00,336 - INFO - ASTAR found path: length=4, nodes_expanded=4
2025-11-17 14:55:00,403 - INFO - ASTAR found path: length=3, nodes_expanded=3
2025-11-17 14:55:00,470 - INFO - ASTAR found path: length=2, nodes_expanded=2
2025-11-17 14:55:00,536 - INFO - ASTAR found path: length=8, nodes_expanded=14
2025-11-17 14:55:00,602 - INFO - ASTAR found path: length=7, nodes_expanded=12
2025-11-17 14:55:00,670 - INFO - ASTAR found path: length=6, nodes_expanded=10
2025-11-17 14:55:00,737 - INFO - ASTAR found path: length=5, nodes_expanded=8
2025-11-17 14:55:00,804 - INFO - ASTAR found path: length=4, nodes_expanded=6
2025-11-17 14:55:00,870 - INFO - ASTAR found path: length=3, nodes_expanded=4
2025-11-17 14:55:00,937 - INFO - ASTAR found path: length=2, nodes_expanded=2
2025-11-17 14:55:01,005 - INFO - ASTAR found path: length=16, nodes_expanded=16
2025-11-17 14:55:01,070 - INFO - ASTAR found path: length=15, nodes_expanded=15
2025-11-17 14:55:01,137 - INFO - ASTAR found path: length=14, nodes_expanded=14
2025-11-17 14:55:01,204 - INFO - ASTAR found path: length=13, nodes_expanded=13
2025-11-17 14:55:01,271 - INFO - ASTAR found path: length=12, nodes_expanded=12
2025-11-17 14:55:01,338 - INFO - ASTAR found path: length=11, nodes_expanded=11
2025-11-17 14:55:01,404 - INFO - ASTAR found path: length=10, nodes_expanded=10
2025-11-17 14:55:01,470 - INFO - ASTAR found path: length=9, nodes_expanded=9
2025-11-17 14:55:01,537 - INFO - ASTAR found path: length=8, nodes_expanded=8
2025-11-17 14:55:01,602 - INFO - ASTAR found path: length=7, nodes_expanded=7
2025-11-17 14:55:01,669 - INFO - ASTAR found path: length=6, nodes_expanded=6
2025-11-17 14:55:01,736 - INFO - ASTAR found path: length=5, nodes_expanded=5
2025-11-17 14:55:01,803 - INFO - ASTAR found path: length=4, nodes_expanded=4
2025-11-17 14:55:01,869 - INFO - ASTAR found path: length=3, nodes_expanded=3
2025-11-17 14:55:01,935 - INFO - ASTAR found path: length=2, nodes_expanded=2
2025-11-17 14:55:02,006 - INFO - ASTAR found path: length=33, nodes_expanded=137
2025-11-17 14:55:02,072 - INFO - ASTAR found path: length=30, nodes_expanded=122
2025-11-17 14:55:02,139 - INFO - ASTAR found path: length=27, nodes_expanded=106
2025-11-17 14:55:02,206 - INFO - ASTAR found path: length=24, nodes_expanded=85
2025-11-17 14:55:02,271 - INFO - ASTAR found path: length=21, nodes_expanded=62
2025-11-17 14:55:02,338 - INFO - ASTAR found path: length=18, nodes_expanded=40
2025-11-17 14:55:02,405 - INFO - ASTAR found path: length=17, nodes_expanded=47
2025-11-17 14:55:02,473 - INFO - ASTAR found path: length=16, nodes_expanded=46
2025-11-17 14:55:02,538 - INFO - ASTAR found path: length=15, nodes_expanded=36
2025-11-17 14:55:02,605 - INFO - ASTAR found path: length=14, nodes_expanded=36
2025-11-17 14:55:02,671 - INFO - ASTAR found path: length=13, nodes_expanded=33
2025-11-17 14:55:02,738 - INFO - ASTAR found path: length=12, nodes_expanded=22
2025-11-17 14:55:02,803 - INFO - ASTAR found path: length=11, nodes_expanded=11
2025-11-17 14:55:02,869 - INFO - ASTAR found path: length=10, nodes_expanded=10
2025-11-17 14:55:02,936 - INFO - ASTAR found path: length=9, nodes_expanded=9
2025-11-17 14:55:03,002 - INFO - ASTAR found path: length=8, nodes_expanded=8
2025-11-17 14:55:03,069 - INFO - ASTAR found path: length=7, nodes_expanded=7
2025-11-17 14:55:03,136 - INFO - ASTAR found path: length=6, nodes_expanded=6
2025-11-17 14:55:03,202 - INFO - ASTAR found path: length=5, nodes_expanded=5
2025-11-17 14:55:03,270 - INFO - ASTAR found path: length=4, nodes_expanded=4
2025-11-17 14:55:03,336 - INFO - ASTAR found path: length=3, nodes_expanded=3
2025-11-17 14:55:03,403 - INFO - ASTAR found path: length=2, nodes_expanded=2
2025-11-17 14:55:03,469 - INFO - ASTAR found path: length=4, nodes_expanded=4
2025-11-17 14:55:03,536 - INFO - ASTAR found path: length=3, nodes_expanded=3
2025-11-17 14:55:03,602 - INFO - ASTAR found path: length=2, nodes_expanded=2
2025-11-17 14:55:03,670 - INFO - ASTAR found path: length=19, nodes_expanded=55
2025-11-17 14:55:03,736 - INFO - ASTAR found path: length=18, nodes_expanded=53
2025-11-17 14:55:03,803 - INFO - ASTAR found path: length=17, nodes_expanded=47
2025-11-17 14:55:03,870 - INFO - ASTAR found path: length=16, nodes_expanded=43
2025-11-17 14:55:03,937 - INFO - ASTAR found path: length=15, nodes_expanded=39
2025-11-17 14:55:04,003 - INFO - Speed adjusted to: 14 FPS
2025-11-17 14:55:04,004 - INFO - ASTAR found path: length=14, nodes_expanded=38
2025-11-17 14:55:04,076 - INFO - ASTAR found path: length=13, nodes_expanded=37
2025-11-17 14:55:04,147 - INFO - Speed adjusted to: 13 FPS
2025-11-17 14:55:04,148 - INFO - ASTAR found path: length=12, nodes_expanded=36
2025-11-17 14:55:04,224 - INFO - Speed adjusted to: 12 FPS
2025-11-17 14:55:04,226 - INFO - ASTAR found path: length=11, nodes_expanded=32
2025-11-17 14:55:04,309 - INFO - ASTAR found path: length=10, nodes_expanded=28
2025-11-17 14:55:04,391 - INFO - Speed adjusted to: 11 FPS
2025-11-17 14:55:04,393 - INFO - ASTAR found path: length=9, nodes_expanded=24
2025-11-17 14:55:04,483 - INFO - ASTAR found path: length=8, nodes_expanded=20
2025-11-17 14:55:04,572 - INFO - Speed adjusted to: 10 FPS
2025-11-17 14:55:04,573 - INFO - ASTAR found path: length=7, nodes_expanded=16
2025-11-17 14:55:04,673 - INFO - Speed adjusted to: 9 FPS
2025-11-17 14:55:04,676 - INFO - ASTAR found path: length=6, nodes_expanded=12
2025-11-17 14:55:04,784 - INFO - Speed adjusted to: 8 FPS
2025-11-17 14:55:04,787 - INFO - ASTAR found path: length=5, nodes_expanded=8
2025-11-17 14:55:04,910 - INFO - ASTAR found path: length=4, nodes_expanded=4
2025-11-17 14:55:05,035 - INFO - Speed adjusted to: 7 FPS
2025-11-17 14:55:05,037 - INFO - ASTAR found path: length=3, nodes_expanded=3
2025-11-17 14:55:05,176 - INFO - ASTAR found path: length=2, nodes_expanded=2
2025-11-17 14:55:05,319 - INFO - ASTAR found path: length=9, nodes_expanded=16
2025-11-17 14:55:05,462 - INFO - ASTAR found path: length=8, nodes_expanded=8
2025-11-17 14:55:05,605 - INFO - ASTAR found path: length=7, nodes_expanded=7
2025-11-17 14:55:05,748 - INFO - ASTAR found path: length=6, nodes_expanded=6
2025-11-17 14:55:05,890 - INFO - ASTAR found path: length=5, nodes_expanded=5
2025-11-17 14:55:06,032 - INFO - ASTAR found path: length=4, nodes_expanded=4
2025-11-17 14:55:06,175 - INFO - ASTAR found path: length=3, nodes_expanded=3
2025-11-17 14:55:06,318 - INFO - ASTAR found path: length=2, nodes_expanded=2
2025-11-17 14:55:06,460 - INFO - ASTAR found path: length=9, nodes_expanded=15
2025-11-17 14:55:06,603 - INFO - ASTAR found path: length=8, nodes_expanded=14
2025-11-17 14:55:06,747 - INFO - ASTAR found path: length=7, nodes_expanded=7
2025-11-17 14:55:06,890 - INFO - ASTAR found path: length=6, nodes_expanded=6
2025-11-17 14:55:07,033 - INFO - ASTAR found path: length=5, nodes_expanded=5
2025-11-17 14:55:07,176 - INFO - ASTAR found path: length=4, nodes_expanded=4
2025-11-17 14:55:07,320 - INFO - ASTAR found path: length=3, nodes_expanded=3
2025-11-17 14:55:07,463 - INFO - ASTAR found path: length=2, nodes_expanded=2
2025-11-17 14:55:07,607 - INFO - ASTAR found path: length=7, nodes_expanded=13
2025-11-17 14:55:07,749 - INFO - ASTAR found path: length=6, nodes_expanded=12
2025-11-17 14:55:07,892 - INFO - ASTAR found path: length=5, nodes_expanded=9
2025-11-17 14:55:08,034 - INFO - ASTAR found path: length=4, nodes_expanded=6
2025-11-17 14:55:08,176 - INFO - ASTAR found path: length=3, nodes_expanded=3
2025-11-17 14:55:08,319 - INFO - ASTAR found path: length=2, nodes_expanded=2
2025-11-17 14:55:08,462 - INFO - ASTAR found path: length=14, nodes_expanded=29
2025-11-17 14:55:08,606 - INFO - ASTAR found path: length=13, nodes_expanded=23
2025-11-17 14:55:08,748 - INFO - ASTAR found path: length=12, nodes_expanded=17
2025-11-17 14:55:08,890 - INFO - ASTAR found path: length=11, nodes_expanded=11
2025-11-17 14:55:09,032 - INFO - ASTAR found path: length=10, nodes_expanded=10
2025-11-17 14:55:09,176 - INFO - ASTAR found path: length=9, nodes_expanded=9
2025-11-17 14:55:09,318 - INFO - ASTAR found path: length=8, nodes_expanded=8
2025-11-17 14:55:09,460 - INFO - ASTAR found path: length=7, nodes_expanded=7
2025-11-17 14:55:09,604 - INFO - ASTAR found path: length=6, nodes_expanded=6
2025-11-17 14:55:09,746 - INFO - ASTAR found path: length=5, nodes_expanded=5
2025-11-17 14:55:09,889 - INFO - ASTAR found path: length=4, nodes_expanded=4
2025-11-17 14:55:10,032 - INFO - ASTAR found path: length=3, nodes_expanded=3
2025-11-17 14:55:10,175 - INFO - ASTAR found path: length=2, nodes_expanded=2
2025-11-17 14:55:10,317 - INFO - ASTAR found path: length=18, nodes_expanded=48
2025-11-17 14:55:10,460 - INFO - ASTAR found path: length=17, nodes_expanded=38
2025-11-17 14:55:10,602 - INFO - ASTAR found path: length=16, nodes_expanded=37
2025-11-17 14:55:10,745 - INFO - ASTAR found path: length=15, nodes_expanded=36
2025-11-17 14:55:10,889 - INFO - ASTAR found path: length=14, nodes_expanded=35
2025-11-17 14:55:11,032 - INFO - ASTAR found path: length=13, nodes_expanded=34
2025-11-17 14:55:11,174 - INFO - ASTAR found path: length=12, nodes_expanded=33
2025-11-17 14:55:11,317 - INFO - ASTAR found path: length=11, nodes_expanded=32
2025-11-17 14:55:11,459 - INFO - ASTAR found path: length=10, nodes_expanded=28
2025-11-17 14:55:11,602 - INFO - ASTAR found path: length=9, nodes_expanded=24
2025-11-17 14:55:11,742 - INFO - ASTAR found path: length=8, nodes_expanded=20
2025-11-17 14:55:11,886 - INFO - ASTAR found path: length=7, nodes_expanded=16
2025-11-17 14:55:12,028 - INFO - ASTAR found path: length=6, nodes_expanded=12
2025-11-17 14:55:12,170 - INFO - ASTAR found path: length=5, nodes_expanded=8
2025-11-17 14:55:12,313 - INFO - ASTAR found path: length=4, nodes_expanded=4
2025-11-17 14:55:12,456 - INFO - ASTAR found path: length=3, nodes_expanded=3
2025-11-17 14:55:12,598 - INFO - ASTAR found path: length=2, nodes_expanded=2
2025-11-17 14:55:12,740 - INFO - ASTAR found path: length=15, nodes_expanded=15
2025-11-17 14:55:12,883 - INFO - ASTAR found path: length=14, nodes_expanded=14
2025-11-17 14:55:13,027 - INFO - ASTAR found path: length=13, nodes_expanded=13
2025-11-17 14:55:13,169 - INFO - ASTAR found path: length=12, nodes_expanded=12
2025-11-17 14:55:13,311 - INFO - ASTAR found path: length=11, nodes_expanded=11
2025-11-17 14:55:13,453 - INFO - ASTAR found path: length=10, nodes_expanded=10
2025-11-17 14:55:13,596 - INFO - ASTAR found path: length=9, nodes_expanded=9
2025-11-17 14:55:13,739 - INFO - ASTAR found path: length=8, nodes_expanded=8
2025-11-17 14:55:13,881 - INFO - ASTAR found path: length=7, nodes_expanded=7
2025-11-17 14:55:14,024 - INFO - ASTAR found path: length=6, nodes_expanded=6
2025-11-17 14:55:14,167 - INFO - ASTAR found path: length=5, nodes_expanded=5
2025-11-17 14:55:14,311 - INFO - ASTAR found path: length=4, nodes_expanded=4
2025-11-17 14:55:14,454 - INFO - ASTAR found path: length=3, nodes_expanded=3
2025-11-17 14:55:14,596 - INFO - ASTAR found path: length=2, nodes_expanded=2
2025-11-17 14:55:14,739 - INFO - ASTAR found path: length=10, nodes_expanded=10
2025-11-17 14:55:14,882 - INFO - ASTAR found path: length=9, nodes_expanded=9
2025-11-17 14:55:15,027 - INFO - ASTAR found path: length=8, nodes_expanded=8
2025-11-17 14:55:15,168 - INFO - ASTAR found path: length=7, nodes_expanded=7
2025-11-17 14:55:15,312 - INFO - ASTAR found path: length=6, nodes_expanded=6
2025-11-17 14:55:15,455 - INFO - ASTAR found path: length=5, nodes_expanded=5
2025-11-17 14:55:15,599 - INFO - ASTAR found path: length=4, nodes_expanded=4
2025-11-17 14:55:15,741 - INFO - ASTAR found path: length=3, nodes_expanded=3
2025-11-17 14:55:15,884 - INFO - ASTAR found path: length=2, nodes_expanded=2
2025-11-17 14:55:16,028 - INFO - ASTAR found path: length=15, nodes_expanded=51
2025-11-17 14:55:16,171 - INFO - ASTAR found path: length=14, nodes_expanded=50
2025-11-17 14:55:16,314 - INFO - ASTAR found path: length=13, nodes_expanded=45
2025-11-17 14:55:16,456 - INFO - ASTAR found path: length=12, nodes_expanded=40
2025-11-17 14:55:16,599 - INFO - ASTAR found path: length=11, nodes_expanded=35
2025-11-17 14:55:16,743 - INFO - ASTAR found path: length=10, nodes_expanded=30
2025-11-17 14:55:16,885 - INFO - ASTAR found path: length=9, nodes_expanded=25
2025-11-17 14:55:17,027 - INFO - ASTAR found path: length=8, nodes_expanded=20
2025-11-17 14:55:17,170 - INFO - ASTAR found path: length=7, nodes_expanded=15
2025-11-17 14:55:17,313 - INFO - ASTAR found path: length=6, nodes_expanded=10
2025-11-17 14:55:17,456 - INFO - ASTAR found path: length=5, nodes_expanded=5
2025-11-17 14:55:17,599 - INFO - ASTAR found path: length=4, nodes_expanded=4
2025-11-17 14:55:17,742 - INFO - ASTAR found path: length=3, nodes_expanded=3
2025-11-17 14:55:17,886 - INFO - ASTAR found path: length=2, nodes_expanded=2
2025-11-17 14:55:18,029 - INFO - ASTAR found path: length=19, nodes_expanded=57
2025-11-17 14:55:18,171 - INFO - ASTAR found path: length=18, nodes_expanded=52
2025-11-17 14:55:18,314 - INFO - ASTAR found path: length=15, nodes_expanded=15
2025-11-17 14:55:18,457 - INFO - ASTAR found path: length=14, nodes_expanded=14
2025-11-17 14:55:18,599 - INFO - ASTAR found path: length=13, nodes_expanded=13
2025-11-17 14:55:18,741 - INFO - ASTAR found path: length=12, nodes_expanded=12
2025-11-17 14:55:18,884 - INFO - ASTAR found path: length=11, nodes_expanded=11
2025-11-17 14:55:19,027 - INFO - ASTAR found path: length=10, nodes_expanded=10
2025-11-17 14:55:19,169 - INFO - ASTAR found path: length=9, nodes_expanded=9
2025-11-17 14:55:19,312 - INFO - ASTAR found path: length=8, nodes_expanded=8
2025-11-17 14:55:19,454 - INFO - ASTAR found path: length=7, nodes_expanded=7
2025-11-17 14:55:19,598 - INFO - ASTAR found path: length=6, nodes_expanded=6
2025-11-17 14:55:19,740 - INFO - ASTAR found path: length=5, nodes_expanded=5
2025-11-17 14:55:19,883 - INFO - ASTAR found path: length=4, nodes_expanded=4
2025-11-17 14:55:20,026 - INFO - ASTAR found path: length=3, nodes_expanded=3
2025-11-17 14:55:20,169 - INFO - ASTAR found path: length=2, nodes_expanded=2
2025-11-17 14:55:20,311 - INFO - ASTAR found path: length=13, nodes_expanded=31
2025-11-17 14:55:20,456 - INFO - ASTAR found path: length=12, nodes_expanded=30
2025-11-17 14:55:20,598 - INFO - ASTAR found path: length=11, nodes_expanded=20
2025-11-17 14:55:20,741 - INFO - ASTAR found path: length=10, nodes_expanded=10
2025-11-17 14:55:20,884 - INFO - ASTAR found path: length=9, nodes_expanded=9
2025-11-17 14:55:21,026 - INFO - ASTAR found path: length=8, nodes_expanded=8
2025-11-17 14:55:21,168 - INFO - ASTAR found path: length=7, nodes_expanded=7
2025-11-17 14:55:21,311 - INFO - ASTAR found path: length=6, nodes_expanded=6
2025-11-17 14:55:21,455 - INFO - ASTAR found path: length=5, nodes_expanded=5
2025-11-17 14:55:21,598 - INFO - ASTAR found path: length=4, nodes_expanded=4
2025-11-17 14:55:21,741 - INFO - ASTAR found path: length=3, nodes_expanded=3
2025-11-17 14:55:21,883 - INFO - ASTAR found path: length=2, nodes_expanded=2
2025-11-17 14:55:22,029 - INFO - ASTAR found path: length=24, nodes_expanded=97
2025-11-17 14:55:22,172 - INFO - ASTAR found path: length=23, nodes_expanded=74
2025-11-17 14:55:22,314 - INFO - ASTAR found path: length=22, nodes_expanded=72
2025-11-17 14:55:22,454 - INFO - ASTAR found path: length=21, nodes_expanded=69
2025-11-17 14:55:22,597 - INFO - ASTAR found path: length=20, nodes_expanded=65
2025-11-17 14:55:22,741 - INFO - ASTAR found path: length=19, nodes_expanded=60
2025-11-17 14:55:22,884 - INFO - ASTAR found path: length=18, nodes_expanded=54
2025-11-17 14:55:23,027 - INFO - ASTAR found path: length=17, nodes_expanded=47
2025-11-17 14:55:23,171 - INFO - ASTAR found path: length=16, nodes_expanded=40
2025-11-17 14:55:23,314 - INFO - ASTAR found path: length=15, nodes_expanded=33
2025-11-17 14:55:23,456 - INFO - ASTAR found path: length=14, nodes_expanded=26
2025-11-17 14:55:23,598 - INFO - ASTAR found path: length=13, nodes_expanded=19
2025-11-17 14:55:23,740 - INFO - ASTAR found path: length=12, nodes_expanded=18
2025-11-17 14:55:23,884 - INFO - ASTAR found path: length=11, nodes_expanded=17
2025-11-17 14:55:24,026 - INFO - ASTAR found path: length=10, nodes_expanded=16
2025-11-17 14:55:24,168 - INFO - ASTAR found path: length=9, nodes_expanded=15
2025-11-17 14:55:24,311 - INFO - ASTAR found path: length=8, nodes_expanded=14
2025-11-17 14:55:24,453 - INFO - ASTAR found path: length=7, nodes_expanded=7
2025-11-17 14:55:24,594 - INFO - ASTAR found path: length=6, nodes_expanded=6
2025-11-17 14:55:24,737 - INFO - ASTAR found path: length=5, nodes_expanded=5
2025-11-17 14:55:24,879 - INFO - ASTAR found path: length=4, nodes_expanded=4
2025-11-17 14:55:25,021 - INFO - ASTAR found path: length=3, nodes_expanded=3
2025-11-17 14:55:25,164 - INFO - ASTAR found path: length=2, nodes_expanded=2
2025-11-17 14:55:25,311 - INFO - ASTAR found path: length=34, nodes_expanded=136
2025-11-17 14:55:25,453 - INFO - ASTAR found path: length=33, nodes_expanded=132
2025-11-17 14:55:25,594 - INFO - ASTAR found path: length=32, nodes_expanded=127
2025-11-17 14:55:25,738 - INFO - ASTAR found path: length=31, nodes_expanded=125
2025-11-17 14:55:25,881 - INFO - ASTAR found path: length=30, nodes_expanded=123
2025-11-17 14:55:26,023 - INFO - ASTAR found path: length=29, nodes_expanded=121
2025-11-17 14:55:26,167 - INFO - ASTAR found path: length=28, nodes_expanded=119
2025-11-17 14:55:26,307 - INFO - ASTAR found path: length=27, nodes_expanded=124
2025-11-17 14:55:26,453 - INFO - ASTAR found path: length=26, nodes_expanded=129
2025-11-17 14:55:26,595 - INFO - ASTAR found path: length=23, nodes_expanded=103
2025-11-17 14:55:26,738 - INFO - ASTAR found path: length=22, nodes_expanded=97
2025-11-17 14:55:26,881 - INFO - ASTAR found path: length=21, nodes_expanded=97
2025-11-17 14:55:27,024 - INFO - ASTAR found path: length=20, nodes_expanded=94
2025-11-17 14:55:27,168 - INFO - ASTAR found path: length=19, nodes_expanded=87
2025-11-17 14:55:27,310 - INFO - ASTAR found path: length=18, nodes_expanded=80
2025-11-17 14:55:27,451 - INFO - ASTAR found path: length=17, nodes_expanded=75
2025-11-17 14:55:27,594 - INFO - ASTAR found path: length=16, nodes_expanded=70
2025-11-17 14:55:27,739 - INFO - ASTAR found path: length=15, nodes_expanded=63
2025-11-17 14:55:27,882 - INFO - ASTAR found path: length=14, nodes_expanded=56
2025-11-17 14:55:28,023 - INFO - ASTAR found path: length=13, nodes_expanded=49
2025-11-17 14:55:28,167 - INFO - ASTAR found path: length=12, nodes_expanded=42
2025-11-17 14:55:28,309 - INFO - ASTAR found path: length=11, nodes_expanded=35
2025-11-17 14:55:28,452 - INFO - ASTAR found path: length=10, nodes_expanded=28
2025-11-17 14:55:28,593 - INFO - ASTAR found path: length=9, nodes_expanded=21
2025-11-17 14:55:28,734 - INFO - ASTAR found path: length=8, nodes_expanded=14
2025-11-17 14:55:28,877 - INFO - ASTAR found path: length=7, nodes_expanded=7
2025-11-17 14:55:29,020 - INFO - ASTAR found path: length=6, nodes_expanded=6
2025-11-17 14:55:29,162 - INFO - ASTAR found path: length=5, nodes_expanded=5
2025-11-17 14:55:29,306 - INFO - ASTAR found path: length=4, nodes_expanded=4
2025-11-17 14:55:29,449 - INFO - ASTAR found path: length=3, nodes_expanded=3
2025-11-17 14:55:29,592 - INFO - ASTAR found path: length=2, nodes_expanded=2
2025-11-17 14:55:29,742 - INFO - ASTAR found path: length=33, nodes_expanded=236
2025-11-17 14:55:29,883 - INFO - ASTAR found path: length=32, nodes_expanded=216
2025-11-17 14:55:30,021 - INFO - ASTAR found path: length=31, nodes_expanded=170
2025-11-17 14:55:30,167 - INFO - ASTAR found path: length=30, nodes_expanded=140
2025-11-17 14:55:30,309 - INFO - ASTAR found path: length=29, nodes_expanded=110
2025-11-17 14:55:30,452 - INFO - ASTAR found path: length=28, nodes_expanded=77
2025-11-17 14:55:30,594 - INFO - ASTAR found path: length=27, nodes_expanded=55
2025-11-17 14:55:30,736 - INFO - ASTAR found path: length=26, nodes_expanded=33
2025-11-17 14:55:30,879 - INFO - ASTAR found path: length=25, nodes_expanded=25
2025-11-17 14:55:31,021 - INFO - ASTAR found path: length=24, nodes_expanded=24
2025-11-17 14:55:31,163 - INFO - ASTAR found path: length=23, nodes_expanded=23
2025-11-17 14:55:31,304 - INFO - ASTAR found path: length=22, nodes_expanded=22
2025-11-17 14:55:31,447 - INFO - ASTAR found path: length=21, nodes_expanded=21
2025-11-17 14:55:31,590 - INFO - ASTAR found path: length=20, nodes_expanded=20
2025-11-17 14:55:31,733 - INFO - ASTAR found path: length=19, nodes_expanded=19
2025-11-17 14:55:31,876 - INFO - ASTAR found path: length=18, nodes_expanded=18
2025-11-17 14:55:32,018 - INFO - ASTAR found path: length=17, nodes_expanded=17
2025-11-17 14:55:32,161 - INFO - ASTAR found path: length=16, nodes_expanded=16
2025-11-17 14:55:32,304 - INFO - ASTAR found path: length=15, nodes_expanded=15
2025-11-17 14:55:32,446 - INFO - ASTAR found path: length=14, nodes_expanded=14
2025-11-17 14:55:32,589 - INFO - ASTAR found path: length=13, nodes_expanded=13
2025-11-17 14:55:32,731 - INFO - ASTAR found path: length=12, nodes_expanded=12
2025-11-17 14:55:32,874 - INFO - ASTAR found path: length=11, nodes_expanded=11
2025-11-17 14:55:33,017 - INFO - ASTAR found path: length=10, nodes_expanded=10
2025-11-17 14:55:33,159 - INFO - ASTAR found path: length=9, nodes_expanded=9
2025-11-17 14:55:33,302 - INFO - ASTAR found path: length=8, nodes_expanded=8
2025-11-17 14:55:33,445 - INFO - ASTAR found path: length=7, nodes_expanded=7
2025-11-17 14:55:33,587 - INFO - ASTAR found path: length=6, nodes_expanded=6
2025-11-17 14:55:33,730 - INFO - ASTAR found path: length=5, nodes_expanded=5
2025-11-17 14:55:33,873 - INFO - ASTAR found path: length=4, nodes_expanded=4
2025-11-17 14:55:34,016 - INFO - ASTAR found path: length=3, nodes_expanded=3
2025-11-17 14:55:34,159 - INFO - ASTAR found path: length=2, nodes_expanded=2
2025-11-17 14:55:34,303 - INFO - ASTAR found path: length=21, nodes_expanded=36
2025-11-17 14:55:34,445 - INFO - ASTAR found path: length=20, nodes_expanded=35
2025-11-17 14:55:34,588 - INFO - ASTAR found path: length=19, nodes_expanded=34
2025-11-17 14:55:34,732 - INFO - ASTAR found path: length=18, nodes_expanded=32
2025-11-17 14:55:34,874 - INFO - ASTAR found path: length=17, nodes_expanded=30
2025-11-17 14:55:35,016 - INFO - ASTAR found path: length=16, nodes_expanded=28
2025-11-17 14:55:35,161 - INFO - ASTAR found path: length=15, nodes_expanded=26
2025-11-17 14:55:35,303 - INFO - ASTAR found path: length=14, nodes_expanded=24
2025-11-17 14:55:35,446 - INFO - ASTAR found path: length=13, nodes_expanded=22
2025-11-17 14:55:35,589 - INFO - ASTAR found path: length=12, nodes_expanded=20
2025-11-17 14:55:35,733 - INFO - ASTAR found path: length=11, nodes_expanded=18
2025-11-17 14:55:35,876 - INFO - ASTAR found path: length=10, nodes_expanded=16
2025-11-17 14:55:36,019 - INFO - ASTAR found path: length=9, nodes_expanded=14
2025-11-17 14:55:36,161 - INFO - ASTAR found path: length=8, nodes_expanded=12
2025-11-17 14:55:36,304 - INFO - ASTAR found path: length=7, nodes_expanded=10
2025-11-17 14:55:36,447 - INFO - ASTAR found path: length=6, nodes_expanded=8
2025-11-17 14:55:36,590 - INFO - ASTAR found path: length=5, nodes_expanded=6
2025-11-17 14:55:36,733 - INFO - ASTAR found path: length=4, nodes_expanded=4
2025-11-17 14:55:36,876 - INFO - ASTAR found path: length=3, nodes_expanded=3
2025-11-17 14:55:37,018 - INFO - ASTAR found path: length=2, nodes_expanded=2
2025-11-17 14:55:37,161 - INFO - ASTAR found path: length=55, nodes_expanded=108
2025-11-17 14:55:37,307 - INFO - ASTAR found path: length=54, nodes_expanded=107
2025-11-17 14:55:37,446 - INFO - ASTAR found path: length=53, nodes_expanded=106
2025-11-17 14:55:37,591 - INFO - ASTAR found path: length=52, nodes_expanded=105
2025-11-17 14:55:37,734 - INFO - ASTAR found path: length=51, nodes_expanded=104
2025-11-17 14:55:37,874 - INFO - ASTAR found path: length=50, nodes_expanded=103
2025-11-17 14:55:38,020 - INFO - ASTAR found path: length=49, nodes_expanded=102
2025-11-17 14:55:38,161 - INFO - ASTAR found path: length=48, nodes_expanded=101
2025-11-17 14:55:38,305 - INFO - ASTAR found path: length=47, nodes_expanded=100
2025-11-17 14:55:38,447 - INFO - ASTAR found path: length=46, nodes_expanded=99
2025-11-17 14:55:38,586 - INFO - ASTAR found path: length=45, nodes_expanded=98
2025-11-17 14:55:38,728 - INFO - ASTAR found path: length=44, nodes_expanded=97
2025-11-17 14:55:38,874 - INFO - ASTAR found path: length=43, nodes_expanded=96
2025-11-17 14:55:39,015 - INFO - ASTAR found path: length=42, nodes_expanded=95
2025-11-17 14:55:39,159 - INFO - ASTAR found path: length=41, nodes_expanded=94
2025-11-17 14:55:39,301 - INFO - ASTAR found path: length=40, nodes_expanded=93
2025-11-17 14:55:39,444 - INFO - ASTAR found path: length=39, nodes_expanded=92
2025-11-17 14:55:39,585 - INFO - ASTAR found path: length=38, nodes_expanded=91
2025-11-17 14:55:39,730 - INFO - ASTAR found path: length=37, nodes_expanded=90
2025-11-17 14:55:39,869 - INFO - ASTAR found path: length=36, nodes_expanded=89
2025-11-17 14:55:40,013 - INFO - ASTAR found path: length=35, nodes_expanded=88
2025-11-17 14:55:40,156 - INFO - ASTAR found path: length=34, nodes_expanded=87
2025-11-17 14:55:40,299 - INFO - ASTAR found path: length=33, nodes_expanded=86
2025-11-17 14:55:40,441 - INFO - ASTAR found path: length=32, nodes_expanded=84
2025-11-17 14:55:40,585 - INFO - ASTAR found path: length=31, nodes_expanded=81
2025-11-17 14:55:40,728 - INFO - ASTAR found path: length=30, nodes_expanded=78
2025-11-17 14:55:40,871 - INFO - ASTAR found path: length=29, nodes_expanded=61
2025-11-17 14:55:41,012 - INFO - ASTAR found path: length=28, nodes_expanded=44
2025-11-17 14:55:41,154 - INFO - ASTAR found path: length=27, nodes_expanded=43
2025-11-17 14:55:41,297 - INFO - ASTAR found path: length=26, nodes_expanded=42
2025-11-17 14:55:41,439 - INFO - ASTAR found path: length=25, nodes_expanded=41
2025-11-17 14:55:41,581 - INFO - ASTAR found path: length=24, nodes_expanded=40
2025-11-17 14:55:41,724 - INFO - ASTAR found path: length=23, nodes_expanded=39
2025-11-17 14:55:41,867 - INFO - ASTAR found path: length=22, nodes_expanded=38
2025-11-17 14:55:42,009 - INFO - ASTAR found path: length=21, nodes_expanded=37
2025-11-17 14:55:42,151 - INFO - ASTAR found path: length=20, nodes_expanded=36
2025-11-17 14:55:42,293 - INFO - ASTAR found path: length=19, nodes_expanded=35
2025-11-17 14:55:42,437 - INFO - ASTAR found path: length=18, nodes_expanded=34
2025-11-17 14:55:42,581 - INFO - ASTAR found path: length=17, nodes_expanded=32
2025-11-17 14:55:42,724 - INFO - ASTAR found path: length=16, nodes_expanded=30
2025-11-17 14:55:42,866 - INFO - ASTAR found path: length=15, nodes_expanded=28
2025-11-17 14:55:43,008 - INFO - ASTAR found path: length=14, nodes_expanded=26
2025-11-17 14:55:43,151 - INFO - ASTAR found path: length=13, nodes_expanded=24
2025-11-17 14:55:43,293 - INFO - ASTAR found path: length=12, nodes_expanded=22
2025-11-17 14:55:43,435 - INFO - ASTAR found path: length=11, nodes_expanded=20
2025-11-17 14:55:43,579 - INFO - ASTAR found path: length=10, nodes_expanded=18
2025-11-17 14:55:43,722 - INFO - ASTAR found path: length=9, nodes_expanded=16
2025-11-17 14:55:43,863 - INFO - ASTAR found path: length=8, nodes_expanded=14
2025-11-17 14:55:44,007 - INFO - ASTAR found path: length=7, nodes_expanded=12
2025-11-17 14:55:44,150 - INFO - ASTAR found path: length=6, nodes_expanded=10
2025-11-17 14:55:44,292 - INFO - ASTAR found path: length=5, nodes_expanded=8
2025-11-17 14:55:44,435 - INFO - ASTAR found path: length=4, nodes_expanded=6
2025-11-17 14:55:44,578 - INFO - ASTAR found path: length=3, nodes_expanded=4
2025-11-17 14:55:44,721 - INFO - ASTAR found path: length=2, nodes_expanded=2
2025-11-17 14:55:44,866 - INFO - ASTAR found path: length=8, nodes_expanded=14
2025-11-17 14:55:45,009 - INFO - ASTAR found path: length=7, nodes_expanded=7
2025-11-17 14:55:45,151 - INFO - ASTAR found path: length=6, nodes_expanded=6
2025-11-17 14:55:45,294 - INFO - ASTAR found path: length=5, nodes_expanded=5
2025-11-17 14:55:45,437 - INFO - ASTAR found path: length=4, nodes_expanded=4
2025-11-17 14:55:45,580 - INFO - ASTAR found path: length=3, nodes_expanded=3
2025-11-17 14:55:45,722 - INFO - ASTAR found path: length=2, nodes_expanded=2
2025-11-17 14:55:45,866 - INFO - ASTAR found path: length=18, nodes_expanded=54
2025-11-17 14:55:46,009 - INFO - ASTAR found path: length=17, nodes_expanded=33
2025-11-17 14:55:46,151 - INFO - ASTAR found path: length=16, nodes_expanded=32
2025-11-17 14:55:46,293 - INFO - ASTAR found path: length=15, nodes_expanded=31
2025-11-17 14:55:46,436 - INFO - ASTAR found path: length=14, nodes_expanded=30
2025-11-17 14:55:46,577 - INFO - ASTAR found path: length=13, nodes_expanded=29
2025-11-17 14:55:46,721 - INFO - ASTAR found path: length=12, nodes_expanded=28
2025-11-17 14:55:46,864 - INFO - ASTAR found path: length=11, nodes_expanded=27
2025-11-17 14:55:47,006 - INFO - ASTAR found path: length=10, nodes_expanded=26
2025-11-17 14:55:47,149 - INFO - ASTAR found path: length=9, nodes_expanded=19
2025-11-17 14:55:47,292 - INFO - ASTAR found path: length=8, nodes_expanded=18
2025-11-17 14:55:47,434 - INFO - ASTAR found path: length=7, nodes_expanded=12
2025-11-17 14:55:47,577 - INFO - ASTAR found path: length=6, nodes_expanded=6
2025-11-17 14:55:47,719 - INFO - ASTAR found path: length=5, nodes_expanded=5
2025-11-17 14:55:47,862 - INFO - ASTAR found path: length=4, nodes_expanded=4
2025-11-17 14:55:48,006 - INFO - ASTAR found path: length=3, nodes_expanded=3
2025-11-17 14:55:48,148 - INFO - ASTAR found path: length=2, nodes_expanded=2
2025-11-17 14:55:48,290 - INFO - ASTAR found path: length=4, nodes_expanded=4
2025-11-17 14:55:48,434 - INFO - ASTAR found path: length=3, nodes_expanded=3
2025-11-17 14:55:48,576 - INFO - ASTAR found path: length=2, nodes_expanded=2
2025-11-17 14:55:48,719 - INFO - ASTAR found path: length=15, nodes_expanded=15
2025-11-17 14:55:48,860 - INFO - ASTAR found path: length=14, nodes_expanded=14
2025-11-17 14:55:49,003 - INFO - ASTAR found path: length=13, nodes_expanded=13
2025-11-17 14:55:49,146 - INFO - ASTAR found path: length=12, nodes_expanded=12
2025-11-17 14:55:49,290 - INFO - ASTAR found path: length=11, nodes_expanded=11
2025-11-17 14:55:49,433 - INFO - ASTAR found path: length=10, nodes_expanded=10
2025-11-17 14:55:49,576 - INFO - ASTAR found path: length=9, nodes_expanded=9
2025-11-17 14:55:49,718 - INFO - ASTAR found path: length=8, nodes_expanded=8
2025-11-17 14:55:49,861 - INFO - ASTAR found path: length=7, nodes_expanded=7
2025-11-17 14:55:50,003 - INFO - ASTAR found path: length=6, nodes_expanded=6
2025-11-17 14:55:50,145 - INFO - ASTAR found path: length=5, nodes_expanded=5
2025-11-17 14:55:50,288 - INFO - ASTAR found path: length=4, nodes_expanded=4
2025-11-17 14:55:50,431 - INFO - ASTAR found path: length=3, nodes_expanded=3
2025-11-17 14:55:50,572 - INFO - ASTAR found path: length=2, nodes_expanded=2
2025-11-17 14:55:50,718 - WARNING - No path found to food, using fallback
2025-11-17 14:55:50,719 - INFO - Using tail-chase strategy
2025-11-17 14:55:50,860 - WARNING - No path found to food, using fallback
2025-11-17 14:55:50,861 - INFO - Using tail-chase strategy
2025-11-17 14:55:51,002 - WARNING - No path found to food, using fallback
2025-11-17 14:55:51,003 - INFO - Using tail-chase strategy
2025-11-17 14:55:51,145 - WARNING - No path found to food, using fallback
2025-11-17 14:55:51,146 - INFO - Using tail-chase strategy
2025-11-17 14:55:51,287 - WARNING - No path found to food, using fallback
2025-11-17 14:55:51,288 - INFO - Using tail-chase strategy
2025-11-17 14:55:51,430 - WARNING - No path found to food, using fallback
2025-11-17 14:55:51,431 - INFO - Using tail-chase strategy
2025-11-17 14:55:51,573 - WARNING - No path found to food, using fallback
2025-11-17 14:55:51,574 - INFO - Using tail-chase strategy
2025-11-17 14:55:51,716 - WARNING - No path found to food, using fallback
2025-11-17 14:55:51,716 - INFO - Using tail-chase strategy
2025-11-17 14:55:51,858 - INFO - ASTAR found path: length=12, nodes_expanded=28
2025-11-17 14:55:52,001 - INFO - ASTAR found path: length=11, nodes_expanded=20
2025-11-17 14:55:52,143 - INFO - ASTAR found path: length=10, nodes_expanded=18
2025-11-17 14:55:52,285 - INFO - ASTAR found path: length=9, nodes_expanded=16
2025-11-17 14:55:52,429 - INFO - ASTAR found path: length=8, nodes_expanded=14
2025-11-17 14:55:52,571 - INFO - ASTAR found path: length=7, nodes_expanded=12
2025-11-17 14:55:52,714 - INFO - ASTAR found path: length=6, nodes_expanded=10
2025-11-17 14:55:52,857 - INFO - ASTAR found path: length=5, nodes_expanded=8
2025-11-17 14:55:52,999 - INFO - ASTAR found path: length=4, nodes_expanded=6
2025-11-17 14:55:53,142 - INFO - ASTAR found path: length=3, nodes_expanded=3
2025-11-17 14:55:53,284 - INFO - ASTAR found path: length=2, nodes_expanded=2
2025-11-17 14:55:53,427 - INFO - ASTAR found path: length=15, nodes_expanded=62
2025-11-17 14:55:53,570 - INFO - ASTAR found path: length=14, nodes_expanded=55
2025-11-17 14:55:53,712 - INFO - ASTAR found path: length=13, nodes_expanded=48
2025-11-17 14:55:53,857 - INFO - ASTAR found path: length=12, nodes_expanded=41
2025-11-17 14:55:53,996 - INFO - ASTAR found path: length=11, nodes_expanded=34
2025-11-17 14:55:54,139 - INFO - ASTAR found path: length=10, nodes_expanded=27
2025-11-17 14:55:54,283 - INFO - ASTAR found path: length=9, nodes_expanded=20
2025-11-17 14:55:54,424 - INFO - ASTAR found path: length=8, nodes_expanded=14
2025-11-17 14:55:54,566 - INFO - ASTAR found path: length=7, nodes_expanded=7
2025-11-17 14:55:54,708 - INFO - ASTAR found path: length=6, nodes_expanded=6
2025-11-17 14:55:54,851 - INFO - ASTAR found path: length=5, nodes_expanded=5
2025-11-17 14:55:54,995 - INFO - ASTAR found path: length=4, nodes_expanded=4
2025-11-17 14:55:55,137 - INFO - ASTAR found path: length=3, nodes_expanded=3
2025-11-17 14:55:55,279 - INFO - ASTAR found path: length=2, nodes_expanded=2
2025-11-17 14:55:55,426 - WARNING - No path found to food, using fallback
2025-11-17 14:55:55,428 - INFO - Using tail-chase strategy
2025-11-17 14:55:57,425 - INFO - ASTAR found path: length=12, nodes_expanded=36
2025-11-17 14:55:57,569 - INFO - ASTAR found path: length=11, nodes_expanded=27
2025-11-17 14:55:57,709 - INFO - ASTAR found path: length=10, nodes_expanded=18
2025-11-17 14:55:57,851 - INFO - ASTAR found path: length=9, nodes_expanded=9
2025-11-17 14:55:57,995 - INFO - ASTAR found path: length=8, nodes_expanded=8
2025-11-17 14:55:58,137 - INFO - ASTAR found path: length=7, nodes_expanded=7
2025-11-17 14:55:58,279 - INFO - ASTAR found path: length=6, nodes_expanded=6
2025-11-17 14:55:58,422 - INFO - ASTAR found path: length=5, nodes_expanded=5
2025-11-17 14:55:58,565 - INFO - ASTAR found path: length=4, nodes_expanded=4
2025-11-17 14:55:58,708 - INFO - ASTAR found path: length=3, nodes_expanded=3
2025-11-17 14:55:58,855 - INFO - ASTAR found path: length=2, nodes_expanded=2
2025-11-17 14:55:58,993 - INFO - ASTAR found path: length=10, nodes_expanded=26
2025-11-17 14:55:59,137 - INFO - ASTAR found path: length=9, nodes_expanded=25
2025-11-17 14:55:59,277 - INFO - ASTAR found path: length=8, nodes_expanded=20
2025-11-17 14:55:59,421 - INFO - ASTAR found path: length=7, nodes_expanded=15
2025-11-17 14:55:59,564 - INFO - ASTAR found path: length=6, nodes_expanded=10
2025-11-17 14:55:59,710 - INFO - ASTAR found path: length=5, nodes_expanded=5
2025-11-17 14:56:00,018 - INFO - ASTAR found path: length=4, nodes_expanded=4
2025-11-17 14:56:00,026 - INFO - Game ended - Score: 1, Moves: 18, Mode: ai
