2025-11-17 20:52:22,541 - INFO - Starting new AI run: unnamed
2025-11-17 20:52:22,541 - INFO - Game started
2025-11-17 20:52:27,681 - INFO - AI mode activated: astar, manhattan
2025-11-17 20:52:27,683 - INFO - Mode switched to: ai
2025-11-17 20:52:27,687 - INFO - ASTAR found path: length=13, nodes_expanded=49
2025-11-17 20:52:27,780 - INFO - ASTAR found path: length=12, nodes_expanded=42
2025-11-17 20:52:27,882 - INFO - ASTAR found path: length=11, nodes_expanded=35
2025-11-17 20:52:27,981 - INFO - ASTAR found path: length=10, nodes_expanded=28
2025-11-17 20:52:28,081 - INFO - ASTAR found path: length=9, nodes_expanded=21
2025-11-17 20:52:28,181 - INFO - ASTAR found path: length=8, nodes_expanded=14
2025-11-17 20:52:28,283 - INFO - ASTAR found path: length=7, nodes_expanded=7
2025-11-17 20:52:28,384 - INFO - ASTAR found path: length=6, nodes_expanded=6
2025-11-17 20:52:28,485 - INFO - ASTAR found path: length=5, nodes_expanded=5
2025-11-17 20:52:28,586 - INFO - ASTAR found path: length=4, nodes_expanded=4
2025-11-17 20:52:28,685 - INFO - ASTAR found path: length=3, nodes_expanded=3
2025-11-17 20:52:28,786 - INFO - ASTAR found path: length=2, nodes_expanded=2
2025-11-17 20:52:28,888 - INFO - ASTAR found path: length=24, nodes_expanded=136
2025-11-17 20:52:28,988 - INFO - ASTAR found path: length=23, nodes_expanded=135
2025-11-17 20:52:29,091 - INFO - ASTAR found path: length=22, nodes_expanded=126
2025-11-17 20:52:29,189 - INFO - ASTAR found path: length=21, nodes_expanded=117
2025-11-17 20:52:29,289 - INFO - ASTAR found path: length=20, nodes_expanded=108
2025-11-17 20:52:29,390 - INFO - ASTAR found path: length=19, nodes_expanded=99
2025-11-17 20:52:29,491 - INFO - ASTAR found path: length=18, nodes_expanded=90
2025-11-17 20:52:29,590 - INFO - ASTAR found path: length=17, nodes_expanded=81
2025-11-17 20:52:29,691 - INFO - ASTAR found path: length=16, nodes_expanded=72
2025-11-17 20:52:29,791 - INFO - ASTAR found path: length=15, nodes_expanded=63
2025-11-17 20:52:29,891 - INFO - ASTAR found path: length=14, nodes_expanded=54
2025-11-17 20:52:29,991 - INFO - ASTAR found path: length=13, nodes_expanded=45
2025-11-17 20:52:30,092 - INFO - ASTAR found path: length=12, nodes_expanded=36
2025-11-17 20:52:30,193 - INFO - ASTAR found path: length=11, nodes_expanded=27
2025-11-17 20:52:30,295 - INFO - ASTAR found path: length=10, nodes_expanded=18
2025-11-17 20:52:30,396 - INFO - ASTAR found path: length=9, nodes_expanded=9
2025-11-17 20:52:30,495 - INFO - ASTAR found path: length=8, nodes_expanded=8
2025-11-17 20:52:30,596 - INFO - ASTAR found path: length=7, nodes_expanded=7
2025-11-17 20:52:30,697 - INFO - ASTAR found path: length=6, nodes_expanded=6
2025-11-17 20:52:30,798 - INFO - ASTAR found path: length=5, nodes_expanded=5
2025-11-17 20:52:30,898 - INFO - ASTAR found path: length=4, nodes_expanded=4
2025-11-17 20:52:30,998 - INFO - ASTAR found path: length=3, nodes_expanded=3
2025-11-17 20:52:31,098 - INFO - ASTAR found path: length=2, nodes_expanded=2
2025-11-17 20:52:31,199 - INFO - ASTAR found path: length=12, nodes_expanded=42
2025-11-17 20:52:31,301 - INFO - ASTAR found path: length=11, nodes_expanded=36
2025-11-17 20:52:31,401 - INFO - ASTAR found path: length=10, nodes_expanded=30
2025-11-17 20:52:31,501 - INFO - ASTAR found path: length=9, nodes_expanded=24
2025-11-17 20:52:31,604 - INFO - Speed adjusted to: 11 FPS
2025-11-17 20:52:31,607 - INFO - ASTAR found path: length=8, nodes_expanded=18
2025-11-17 20:52:31,694 - INFO - Speed adjusted to: 12 FPS
2025-11-17 20:52:31,695 - INFO - ASTAR found path: length=7, nodes_expanded=12
2025-11-17 20:52:31,777 - INFO - ASTAR found path: length=6, nodes_expanded=6
2025-11-17 20:52:31,860 - INFO - Speed adjusted to: 13 FPS
2025-11-17 20:52:31,861 - INFO - ASTAR found path: length=5, nodes_expanded=5
2025-11-17 20:52:31,938 - INFO - ASTAR found path: length=4, nodes_expanded=4
2025-11-17 20:52:32,015 - INFO - Speed adjusted to: 14 FPS
2025-11-17 20:52:32,016 - INFO - ASTAR found path: length=3, nodes_expanded=3
2025-11-17 20:52:32,086 - INFO - ASTAR found path: length=2, nodes_expanded=2
2025-11-17 20:52:32,159 - INFO - Speed adjusted to: 15 FPS
2025-11-17 20:52:32,162 - INFO - ASTAR found path: length=12, nodes_expanded=28
2025-11-17 20:52:32,226 - INFO - ASTAR found path: length=11, nodes_expanded=27
2025-11-17 20:52:32,292 - INFO - ASTAR found path: length=10, nodes_expanded=18
2025-11-17 20:52:32,358 - INFO - ASTAR found path: length=9, nodes_expanded=9
2025-11-17 20:52:32,427 - INFO - ASTAR found path: length=8, nodes_expanded=8
2025-11-17 20:52:32,494 - INFO - ASTAR found path: length=7, nodes_expanded=7
2025-11-17 20:52:32,560 - INFO - ASTAR found path: length=6, nodes_expanded=6
2025-11-17 20:52:32,629 - INFO - ASTAR found path: length=5, nodes_expanded=5
2025-11-17 20:52:32,694 - INFO - ASTAR found path: length=4, nodes_expanded=4
2025-11-17 20:52:32,761 - INFO - ASTAR found path: length=3, nodes_expanded=3
2025-11-17 20:52:32,828 - INFO - ASTAR found path: length=2, nodes_expanded=2
2025-11-17 20:52:32,895 - INFO - ASTAR found path: length=12, nodes_expanded=37
2025-11-17 20:52:32,961 - INFO - ASTAR found path: length=11, nodes_expanded=36
2025-11-17 20:52:33,028 - INFO - ASTAR found path: length=10, nodes_expanded=30
2025-11-17 20:52:33,095 - INFO - ASTAR found path: length=9, nodes_expanded=24
2025-11-17 20:52:33,162 - INFO - ASTAR found path: length=8, nodes_expanded=18
2025-11-17 20:52:33,228 - INFO - ASTAR found path: length=7, nodes_expanded=12
2025-11-17 20:52:33,295 - INFO - ASTAR found path: length=6, nodes_expanded=6
2025-11-17 20:52:33,363 - INFO - ASTAR found path: length=5, nodes_expanded=5
2025-11-17 20:52:33,429 - INFO - ASTAR found path: length=4, nodes_expanded=4
2025-11-17 20:52:33,495 - INFO - ASTAR found path: length=3, nodes_expanded=3
2025-11-17 20:52:33,562 - INFO - ASTAR found path: length=2, nodes_expanded=2
2025-11-17 20:52:33,629 - INFO - ASTAR found path: length=12, nodes_expanded=28
2025-11-17 20:52:33,696 - INFO - ASTAR found path: length=11, nodes_expanded=27
2025-11-17 20:52:33,761 - INFO - ASTAR found path: length=10, nodes_expanded=18
2025-11-17 20:52:33,829 - INFO - ASTAR found path: length=9, nodes_expanded=9
2025-11-17 20:52:33,895 - INFO - ASTAR found path: length=8, nodes_expanded=8
2025-11-17 20:52:33,961 - INFO - ASTAR found path: length=7, nodes_expanded=7
2025-11-17 20:52:34,028 - INFO - ASTAR found path: length=6, nodes_expanded=6
2025-11-17 20:52:34,094 - INFO - ASTAR found path: length=5, nodes_expanded=5
2025-11-17 20:52:34,161 - INFO - ASTAR found path: length=4, nodes_expanded=4
2025-11-17 20:52:34,227 - INFO - ASTAR found path: length=3, nodes_expanded=3
2025-11-17 20:52:34,294 - INFO - ASTAR found path: length=2, nodes_expanded=2
2025-11-17 20:52:34,361 - INFO - ASTAR found path: length=13, nodes_expanded=33
2025-11-17 20:52:34,426 - INFO - ASTAR found path: length=12, nodes_expanded=30
2025-11-17 20:52:34,494 - INFO - ASTAR found path: length=11, nodes_expanded=27
2025-11-17 20:52:34,561 - INFO - ASTAR found path: length=10, nodes_expanded=24
2025-11-17 20:52:34,627 - INFO - ASTAR found path: length=9, nodes_expanded=21
2025-11-17 20:52:34,693 - INFO - ASTAR found path: length=8, nodes_expanded=18
2025-11-17 20:52:34,760 - INFO - ASTAR found path: length=7, nodes_expanded=15
2025-11-17 20:52:34,827 - INFO - ASTAR found path: length=6, nodes_expanded=12
2025-11-17 20:52:34,894 - INFO - ASTAR found path: length=5, nodes_expanded=9
2025-11-17 20:52:34,961 - INFO - ASTAR found path: length=4, nodes_expanded=6
2025-11-17 20:52:35,027 - INFO - ASTAR found path: length=3, nodes_expanded=3
2025-11-17 20:52:35,094 - INFO - ASTAR found path: length=2, nodes_expanded=2
2025-11-17 20:52:35,164 - INFO - ASTAR found path: length=22, nodes_expanded=53
2025-11-17 20:52:35,229 - INFO - ASTAR found path: length=21, nodes_expanded=64
2025-11-17 20:52:35,297 - INFO - ASTAR found path: length=20, nodes_expanded=74
2025-11-17 20:52:35,364 - INFO - ASTAR found path: length=19, nodes_expanded=84
2025-11-17 20:52:35,430 - INFO - ASTAR found path: length=18, nodes_expanded=70
2025-11-17 20:52:35,497 - INFO - ASTAR found path: length=17, nodes_expanded=56
2025-11-17 20:52:35,562 - INFO - ASTAR found path: length=16, nodes_expanded=42
2025-11-17 20:52:35,630 - INFO - ASTAR found path: length=15, nodes_expanded=28
2025-11-17 20:52:35,697 - INFO - ASTAR found path: length=14, nodes_expanded=14
2025-11-17 20:52:35,764 - INFO - ASTAR found path: length=13, nodes_expanded=13
2025-11-17 20:52:35,830 - INFO - ASTAR found path: length=12, nodes_expanded=12
2025-11-17 20:52:35,896 - INFO - ASTAR found path: length=11, nodes_expanded=11
2025-11-17 20:52:35,963 - INFO - ASTAR found path: length=10, nodes_expanded=10
2025-11-17 20:52:36,030 - INFO - ASTAR found path: length=9, nodes_expanded=9
2025-11-17 20:52:36,097 - INFO - ASTAR found path: length=8, nodes_expanded=8
2025-11-17 20:52:36,164 - INFO - ASTAR found path: length=7, nodes_expanded=7
2025-11-17 20:52:36,231 - INFO - ASTAR found path: length=6, nodes_expanded=6
2025-11-17 20:52:36,297 - INFO - ASTAR found path: length=5, nodes_expanded=5
2025-11-17 20:52:36,364 - INFO - ASTAR found path: length=4, nodes_expanded=4
2025-11-17 20:52:36,432 - INFO - ASTAR found path: length=3, nodes_expanded=3
2025-11-17 20:52:36,498 - INFO - ASTAR found path: length=2, nodes_expanded=2
2025-11-17 20:52:36,569 - INFO - ASTAR found path: length=21, nodes_expanded=55
2025-11-17 20:52:36,636 - INFO - ASTAR found path: length=20, nodes_expanded=54
2025-11-17 20:52:36,702 - INFO - ASTAR found path: length=19, nodes_expanded=36
2025-11-17 20:52:36,769 - INFO - ASTAR found path: length=18, nodes_expanded=18
2025-11-17 20:52:36,835 - INFO - ASTAR found path: length=17, nodes_expanded=17
2025-11-17 20:52:36,903 - INFO - ASTAR found path: length=16, nodes_expanded=16
2025-11-17 20:52:36,968 - INFO - ASTAR found path: length=15, nodes_expanded=15
2025-11-17 20:52:37,035 - INFO - ASTAR found path: length=14, nodes_expanded=14
2025-11-17 20:52:37,101 - INFO - ASTAR found path: length=13, nodes_expanded=13
2025-11-17 20:52:37,168 - INFO - ASTAR found path: length=12, nodes_expanded=12
2025-11-17 20:52:37,236 - INFO - ASTAR found path: length=11, nodes_expanded=11
2025-11-17 20:52:37,302 - INFO - ASTAR found path: length=10, nodes_expanded=10
2025-11-17 20:52:37,368 - INFO - ASTAR found path: length=9, nodes_expanded=9
2025-11-17 20:52:37,436 - INFO - ASTAR found path: length=8, nodes_expanded=8
2025-11-17 20:52:37,502 - INFO - ASTAR found path: length=7, nodes_expanded=7
2025-11-17 20:52:37,569 - INFO - ASTAR found path: length=6, nodes_expanded=6
2025-11-17 20:52:37,636 - INFO - ASTAR found path: length=5, nodes_expanded=5
2025-11-17 20:52:37,702 - INFO - ASTAR found path: length=4, nodes_expanded=4
2025-11-17 20:52:37,769 - INFO - ASTAR found path: length=3, nodes_expanded=3
2025-11-17 20:52:37,836 - INFO - ASTAR found path: length=2, nodes_expanded=2
2025-11-17 20:52:37,903 - INFO - ASTAR found path: length=15, nodes_expanded=57
2025-11-17 20:52:37,968 - INFO - ASTAR found path: length=14, nodes_expanded=56
2025-11-17 20:52:38,035 - INFO - ASTAR found path: length=13, nodes_expanded=49
2025-11-17 20:52:38,101 - INFO - ASTAR found path: length=12, nodes_expanded=42
2025-11-17 20:52:38,167 - INFO - ASTAR found path: length=11, nodes_expanded=35
2025-11-17 20:52:38,233 - INFO - ASTAR found path: length=10, nodes_expanded=28
2025-11-17 20:52:38,300 - INFO - ASTAR found path: length=9, nodes_expanded=21
2025-11-17 20:52:38,367 - INFO - ASTAR found path: length=8, nodes_expanded=14
2025-11-17 20:52:38,434 - INFO - ASTAR found path: length=7, nodes_expanded=7
2025-11-17 20:52:38,500 - INFO - ASTAR found path: length=6, nodes_expanded=6
2025-11-17 20:52:38,567 - INFO - ASTAR found path: length=5, nodes_expanded=5
2025-11-17 20:52:38,632 - INFO - ASTAR found path: length=4, nodes_expanded=4
2025-11-17 20:52:38,699 - INFO - ASTAR found path: length=3, nodes_expanded=3
2025-11-17 20:52:38,767 - INFO - ASTAR found path: length=2, nodes_expanded=2
2025-11-17 20:52:38,835 - INFO - ASTAR found path: length=22, nodes_expanded=132
2025-11-17 20:52:38,904 - INFO - ASTAR found path: length=21, nodes_expanded=121
2025-11-17 20:52:38,969 - INFO - ASTAR found path: length=20, nodes_expanded=110
2025-11-17 20:52:39,035 - INFO - ASTAR found path: length=19, nodes_expanded=99
2025-11-17 20:52:39,100 - INFO - ASTAR found path: length=18, nodes_expanded=88
2025-11-17 20:52:39,169 - INFO - ASTAR found path: length=17, nodes_expanded=77
2025-11-17 20:52:39,234 - INFO - ASTAR found path: length=16, nodes_expanded=66
2025-11-17 20:52:39,301 - INFO - ASTAR found path: length=15, nodes_expanded=55
2025-11-17 20:52:39,366 - INFO - ASTAR found path: length=14, nodes_expanded=44
2025-11-17 20:52:39,432 - INFO - ASTAR found path: length=13, nodes_expanded=33
2025-11-17 20:52:39,498 - INFO - ASTAR found path: length=12, nodes_expanded=22
2025-11-17 20:52:39,566 - INFO - ASTAR found path: length=11, nodes_expanded=11
2025-11-17 20:52:39,633 - INFO - ASTAR found path: length=10, nodes_expanded=10
2025-11-17 20:52:39,699 - INFO - ASTAR found path: length=9, nodes_expanded=9
2025-11-17 20:52:39,765 - INFO - ASTAR found path: length=8, nodes_expanded=8
2025-11-17 20:52:39,832 - INFO - ASTAR found path: length=7, nodes_expanded=7
2025-11-17 20:52:39,898 - INFO - ASTAR found path: length=6, nodes_expanded=6
2025-11-17 20:52:39,965 - INFO - ASTAR found path: length=5, nodes_expanded=5
2025-11-17 20:52:40,032 - INFO - ASTAR found path: length=4, nodes_expanded=4
2025-11-17 20:52:40,098 - INFO - ASTAR found path: length=3, nodes_expanded=3
2025-11-17 20:52:40,165 - INFO - ASTAR found path: length=2, nodes_expanded=2
2025-11-17 20:52:40,238 - INFO - ASTAR found path: length=29, nodes_expanded=198
2025-11-17 20:52:40,301 - INFO - ASTAR found path: length=28, nodes_expanded=204
2025-11-17 20:52:40,372 - INFO - ASTAR found path: length=27, nodes_expanded=187
2025-11-17 20:52:40,434 - INFO - ASTAR found path: length=26, nodes_expanded=170
2025-11-17 20:52:40,501 - INFO - ASTAR found path: length=25, nodes_expanded=153
2025-11-17 20:52:40,567 - INFO - ASTAR found path: length=24, nodes_expanded=136
2025-11-17 20:52:40,633 - INFO - ASTAR found path: length=23, nodes_expanded=119
2025-11-17 20:52:40,699 - INFO - ASTAR found path: length=22, nodes_expanded=102
2025-11-17 20:52:40,766 - INFO - ASTAR found path: length=21, nodes_expanded=85
2025-11-17 20:52:40,835 - INFO - ASTAR found path: length=20, nodes_expanded=68
2025-11-17 20:52:40,901 - INFO - ASTAR found path: length=19, nodes_expanded=51
2025-11-17 20:52:40,967 - INFO - ASTAR found path: length=18, nodes_expanded=34
2025-11-17 20:52:41,033 - INFO - ASTAR found path: length=17, nodes_expanded=17
2025-11-17 20:52:41,102 - INFO - ASTAR found path: length=16, nodes_expanded=16
2025-11-17 20:52:41,169 - INFO - ASTAR found path: length=15, nodes_expanded=15
2025-11-17 20:52:41,236 - INFO - ASTAR found path: length=14, nodes_expanded=14
2025-11-17 20:52:41,303 - INFO - ASTAR found path: length=13, nodes_expanded=13
2025-11-17 20:52:41,369 - INFO - ASTAR found path: length=12, nodes_expanded=12
2025-11-17 20:52:41,436 - INFO - ASTAR found path: length=11, nodes_expanded=11
2025-11-17 20:52:41,503 - INFO - ASTAR found path: length=10, nodes_expanded=10
2025-11-17 20:52:41,570 - INFO - ASTAR found path: length=9, nodes_expanded=9
2025-11-17 20:52:41,636 - INFO - ASTAR found path: length=8, nodes_expanded=8
2025-11-17 20:52:41,702 - INFO - ASTAR found path: length=7, nodes_expanded=7
2025-11-17 20:52:41,768 - INFO - ASTAR found path: length=6, nodes_expanded=6
2025-11-17 20:52:41,834 - INFO - ASTAR found path: length=5, nodes_expanded=5
2025-11-17 20:52:41,900 - INFO - ASTAR found path: length=4, nodes_expanded=4
2025-11-17 20:52:41,967 - INFO - ASTAR found path: length=3, nodes_expanded=3
2025-11-17 20:52:42,034 - INFO - ASTAR found path: length=2, nodes_expanded=2
2025-11-17 20:52:42,100 - INFO - ASTAR found path: length=7, nodes_expanded=11
2025-11-17 20:52:42,167 - INFO - ASTAR found path: length=6, nodes_expanded=10
2025-11-17 20:52:42,233 - INFO - ASTAR found path: length=5, nodes_expanded=5
2025-11-17 20:52:42,299 - INFO - ASTAR found path: length=4, nodes_expanded=4
2025-11-17 20:52:42,365 - INFO - ASTAR found path: length=3, nodes_expanded=3
2025-11-17 20:52:42,431 - INFO - ASTAR found path: length=2, nodes_expanded=2
2025-11-17 20:52:42,499 - INFO - ASTAR found path: length=4, nodes_expanded=4
2025-11-17 20:52:42,564 - INFO - ASTAR found path: length=3, nodes_expanded=3
2025-11-17 20:52:42,631 - INFO - ASTAR found path: length=2, nodes_expanded=2
2025-11-17 20:52:42,698 - INFO - ASTAR found path: length=3, nodes_expanded=3
2025-11-17 20:52:42,764 - INFO - ASTAR found path: length=2, nodes_expanded=2
2025-11-17 20:52:42,834 - INFO - ASTAR found path: length=22, nodes_expanded=82
2025-11-17 20:52:42,900 - INFO - ASTAR found path: length=21, nodes_expanded=71
2025-11-17 20:52:42,966 - INFO - ASTAR found path: length=20, nodes_expanded=70
2025-11-17 20:52:43,033 - INFO - ASTAR found path: length=19, nodes_expanded=69
2025-11-17 20:52:43,102 - INFO - ASTAR found path: length=18, nodes_expanded=68
2025-11-17 20:52:43,168 - INFO - ASTAR found path: length=17, nodes_expanded=67
2025-11-17 20:52:43,236 - INFO - ASTAR found path: length=16, nodes_expanded=66
2025-11-17 20:52:43,301 - INFO - ASTAR found path: length=15, nodes_expanded=55
2025-11-17 20:52:43,366 - INFO - ASTAR found path: length=14, nodes_expanded=44
2025-11-17 20:52:43,434 - INFO - ASTAR found path: length=13, nodes_expanded=33
2025-11-17 20:52:43,499 - INFO - ASTAR found path: length=12, nodes_expanded=22
2025-11-17 20:52:43,565 - INFO - ASTAR found path: length=11, nodes_expanded=11
2025-11-17 20:52:43,631 - INFO - ASTAR found path: length=10, nodes_expanded=10
2025-11-17 20:52:43,698 - INFO - ASTAR found path: length=9, nodes_expanded=9
2025-11-17 20:52:43,765 - INFO - ASTAR found path: length=8, nodes_expanded=8
2025-11-17 20:52:43,832 - INFO - ASTAR found path: length=7, nodes_expanded=7
2025-11-17 20:52:43,899 - INFO - ASTAR found path: length=6, nodes_expanded=6
2025-11-17 20:52:43,965 - INFO - ASTAR found path: length=5, nodes_expanded=5
2025-11-17 20:52:44,032 - INFO - ASTAR found path: length=4, nodes_expanded=4
2025-11-17 20:52:44,098 - INFO - ASTAR found path: length=3, nodes_expanded=3
2025-11-17 20:52:44,165 - INFO - ASTAR found path: length=2, nodes_expanded=2
2025-11-17 20:52:44,232 - INFO - ASTAR found path: length=6, nodes_expanded=12
2025-11-17 20:52:44,300 - INFO - ASTAR found path: length=5, nodes_expanded=8
2025-11-17 20:52:44,367 - INFO - ASTAR found path: length=4, nodes_expanded=4
2025-11-17 20:52:44,434 - INFO - ASTAR found path: length=3, nodes_expanded=3
2025-11-17 20:52:44,500 - INFO - ASTAR found path: length=2, nodes_expanded=2
2025-11-17 20:52:44,568 - INFO - ASTAR found path: length=17, nodes_expanded=31
2025-11-17 20:52:44,635 - INFO - ASTAR found path: length=16, nodes_expanded=30
2025-11-17 20:52:44,703 - INFO - ASTAR found path: length=15, nodes_expanded=28
2025-11-17 20:52:44,768 - INFO - ASTAR found path: length=14, nodes_expanded=26
2025-11-17 20:52:44,835 - INFO - ASTAR found path: length=13, nodes_expanded=24
2025-11-17 20:52:44,902 - INFO - ASTAR found path: length=12, nodes_expanded=22
2025-11-17 20:52:44,969 - INFO - ASTAR found path: length=11, nodes_expanded=20
2025-11-17 20:52:45,037 - INFO - ASTAR found path: length=10, nodes_expanded=18
2025-11-17 20:52:45,103 - INFO - ASTAR found path: length=9, nodes_expanded=16
2025-11-17 20:52:45,170 - INFO - ASTAR found path: length=8, nodes_expanded=14
2025-11-17 20:52:45,238 - INFO - ASTAR found path: length=7, nodes_expanded=12
2025-11-17 20:52:45,305 - INFO - ASTAR found path: length=6, nodes_expanded=10
2025-11-17 20:52:45,371 - INFO - ASTAR found path: length=5, nodes_expanded=8
2025-11-17 20:52:45,436 - INFO - ASTAR found path: length=4, nodes_expanded=6
2025-11-17 20:52:45,503 - INFO - ASTAR found path: length=3, nodes_expanded=4
2025-11-17 20:52:45,569 - INFO - ASTAR found path: length=2, nodes_expanded=2
2025-11-17 20:52:45,639 - INFO - ASTAR found path: length=23, nodes_expanded=95
2025-11-17 20:52:45,706 - INFO - ASTAR found path: length=22, nodes_expanded=76
2025-11-17 20:52:45,771 - INFO - ASTAR found path: length=21, nodes_expanded=57
2025-11-17 20:52:45,838 - INFO - ASTAR found path: length=20, nodes_expanded=38
2025-11-17 20:52:45,904 - INFO - ASTAR found path: length=19, nodes_expanded=19
2025-11-17 20:52:45,971 - INFO - ASTAR found path: length=18, nodes_expanded=18
2025-11-17 20:52:46,038 - INFO - ASTAR found path: length=17, nodes_expanded=17
2025-11-17 20:52:46,106 - INFO - ASTAR found path: length=16, nodes_expanded=16
2025-11-17 20:52:46,172 - INFO - ASTAR found path: length=15, nodes_expanded=15
2025-11-17 20:52:46,239 - INFO - ASTAR found path: length=14, nodes_expanded=14
2025-11-17 20:52:46,306 - INFO - ASTAR found path: length=13, nodes_expanded=13
2025-11-17 20:52:46,373 - INFO - ASTAR found path: length=12, nodes_expanded=12
2025-11-17 20:52:46,440 - INFO - ASTAR found path: length=11, nodes_expanded=11
2025-11-17 20:52:46,506 - INFO - ASTAR found path: length=10, nodes_expanded=10
2025-11-17 20:52:46,572 - INFO - ASTAR found path: length=9, nodes_expanded=9
2025-11-17 20:52:46,639 - INFO - ASTAR found path: length=8, nodes_expanded=8
2025-11-17 20:52:46,706 - INFO - ASTAR found path: length=7, nodes_expanded=7
2025-11-17 20:52:46,772 - INFO - ASTAR found path: length=6, nodes_expanded=6
2025-11-17 20:52:46,838 - INFO - ASTAR found path: length=5, nodes_expanded=5
2025-11-17 20:52:46,905 - INFO - ASTAR found path: length=4, nodes_expanded=4
2025-11-17 20:52:46,971 - INFO - ASTAR found path: length=3, nodes_expanded=3
2025-11-17 20:52:47,038 - INFO - ASTAR found path: length=2, nodes_expanded=2
2025-11-17 20:52:47,107 - INFO - ASTAR found path: length=12, nodes_expanded=37
2025-11-17 20:52:47,173 - INFO - ASTAR found path: length=11, nodes_expanded=36
2025-11-17 20:52:47,238 - INFO - ASTAR found path: length=10, nodes_expanded=30
2025-11-17 20:52:47,305 - INFO - ASTAR found path: length=9, nodes_expanded=24
2025-11-17 20:52:47,371 - INFO - ASTAR found path: length=8, nodes_expanded=18
2025-11-17 20:52:47,438 - INFO - ASTAR found path: length=7, nodes_expanded=12
2025-11-17 20:52:47,504 - INFO - ASTAR found path: length=6, nodes_expanded=6
2025-11-17 20:52:47,570 - INFO - ASTAR found path: length=5, nodes_expanded=5
2025-11-17 20:52:47,638 - INFO - ASTAR found path: length=4, nodes_expanded=4
2025-11-17 20:52:47,704 - INFO - ASTAR found path: length=3, nodes_expanded=3
2025-11-17 20:52:47,770 - INFO - ASTAR found path: length=2, nodes_expanded=2
2025-11-17 20:52:47,836 - INFO - ASTAR found path: length=19, nodes_expanded=94
2025-11-17 20:52:47,903 - INFO - ASTAR found path: length=16, nodes_expanded=63
2025-11-17 20:52:47,970 - INFO - ASTAR found path: length=13, nodes_expanded=44
2025-11-17 20:52:48,036 - INFO - ASTAR found path: length=10, nodes_expanded=27
2025-11-17 20:52:48,103 - INFO - ASTAR found path: length=7, nodes_expanded=13
2025-11-17 20:52:48,169 - INFO - ASTAR found path: length=4, nodes_expanded=5
2025-11-17 20:52:48,237 - INFO - ASTAR found path: length=3, nodes_expanded=4
2025-11-17 20:52:48,303 - INFO - ASTAR found path: length=2, nodes_expanded=2
2025-11-17 20:52:48,371 - INFO - ASTAR found path: length=25, nodes_expanded=146
2025-11-17 20:52:48,440 - INFO - ASTAR found path: length=24, nodes_expanded=132
2025-11-17 20:52:48,505 - INFO - ASTAR found path: length=23, nodes_expanded=131
2025-11-17 20:52:48,574 - INFO - ASTAR found path: length=22, nodes_expanded=130
2025-11-17 20:52:48,638 - INFO - ASTAR found path: length=21, nodes_expanded=117
2025-11-17 20:52:48,704 - INFO - ASTAR found path: length=20, nodes_expanded=104
2025-11-17 20:52:48,771 - INFO - ASTAR found path: length=19, nodes_expanded=91
2025-11-17 20:52:48,839 - INFO - ASTAR found path: length=18, nodes_expanded=78
2025-11-17 20:52:48,904 - INFO - ASTAR found path: length=17, nodes_expanded=65
2025-11-17 20:52:48,970 - INFO - ASTAR found path: length=16, nodes_expanded=52
2025-11-17 20:52:49,038 - INFO - ASTAR found path: length=15, nodes_expanded=39
2025-11-17 20:52:49,105 - INFO - ASTAR found path: length=14, nodes_expanded=26
2025-11-17 20:52:49,173 - INFO - ASTAR found path: length=13, nodes_expanded=13
2025-11-17 20:52:49,240 - INFO - ASTAR found path: length=12, nodes_expanded=12
2025-11-17 20:52:49,306 - INFO - ASTAR found path: length=11, nodes_expanded=11
2025-11-17 20:52:49,372 - INFO - ASTAR found path: length=10, nodes_expanded=10
2025-11-17 20:52:49,438 - INFO - ASTAR found path: length=9, nodes_expanded=9
2025-11-17 20:52:49,504 - INFO - ASTAR found path: length=8, nodes_expanded=8
2025-11-17 20:52:49,570 - INFO - ASTAR found path: length=7, nodes_expanded=7
2025-11-17 20:52:49,637 - INFO - ASTAR found path: length=6, nodes_expanded=6
2025-11-17 20:52:49,704 - INFO - ASTAR found path: length=5, nodes_expanded=5
2025-11-17 20:52:49,770 - INFO - ASTAR found path: length=4, nodes_expanded=4
2025-11-17 20:52:49,837 - INFO - ASTAR found path: length=3, nodes_expanded=3
2025-11-17 20:52:49,903 - INFO - ASTAR found path: length=2, nodes_expanded=2
2025-11-17 20:52:49,969 - INFO - ASTAR found path: length=8, nodes_expanded=8
2025-11-17 20:52:50,035 - INFO - ASTAR found path: length=7, nodes_expanded=7
2025-11-17 20:52:50,101 - INFO - ASTAR found path: length=6, nodes_expanded=6
2025-11-17 20:52:50,168 - INFO - ASTAR found path: length=5, nodes_expanded=5
2025-11-17 20:52:50,235 - INFO - ASTAR found path: length=4, nodes_expanded=4
2025-11-17 20:52:50,301 - INFO - ASTAR found path: length=3, nodes_expanded=3
2025-11-17 20:52:50,369 - INFO - ASTAR found path: length=2, nodes_expanded=2
2025-11-17 20:52:50,437 - INFO - ASTAR found path: length=18, nodes_expanded=53
2025-11-17 20:52:50,501 - INFO - ASTAR found path: length=15, nodes_expanded=39
2025-11-17 20:52:50,569 - INFO - ASTAR found path: length=12, nodes_expanded=24
2025-11-17 20:52:50,634 - INFO - ASTAR found path: length=9, nodes_expanded=9
2025-11-17 20:52:50,701 - INFO - ASTAR found path: length=8, nodes_expanded=8
2025-11-17 20:52:50,767 - INFO - ASTAR found path: length=7, nodes_expanded=7
2025-11-17 20:52:50,834 - INFO - ASTAR found path: length=6, nodes_expanded=6
2025-11-17 20:52:50,901 - INFO - ASTAR found path: length=5, nodes_expanded=5
2025-11-17 20:52:50,968 - INFO - ASTAR found path: length=4, nodes_expanded=4
2025-11-17 20:52:51,033 - INFO - ASTAR found path: length=3, nodes_expanded=3
2025-11-17 20:52:51,101 - INFO - ASTAR found path: length=2, nodes_expanded=2
2025-11-17 20:52:51,170 - INFO - ASTAR found path: length=22, nodes_expanded=97
2025-11-17 20:52:51,236 - INFO - ASTAR found path: length=21, nodes_expanded=96
2025-11-17 20:52:51,302 - INFO - ASTAR found path: length=20, nodes_expanded=80
2025-11-17 20:52:51,368 - INFO - ASTAR found path: length=19, nodes_expanded=64
2025-11-17 20:52:51,434 - INFO - ASTAR found path: length=18, nodes_expanded=48
2025-11-17 20:52:51,503 - INFO - ASTAR found path: length=17, nodes_expanded=32
2025-11-17 20:52:51,567 - INFO - ASTAR found path: length=16, nodes_expanded=16
2025-11-17 20:52:51,634 - INFO - ASTAR found path: length=15, nodes_expanded=15
2025-11-17 20:52:51,702 - INFO - ASTAR found path: length=14, nodes_expanded=14
2025-11-17 20:52:51,768 - INFO - ASTAR found path: length=13, nodes_expanded=13
2025-11-17 20:52:51,835 - INFO - ASTAR found path: length=12, nodes_expanded=12
2025-11-17 20:52:51,901 - INFO - ASTAR found path: length=11, nodes_expanded=11
2025-11-17 20:52:51,968 - INFO - ASTAR found path: length=10, nodes_expanded=10
2025-11-17 20:52:52,035 - INFO - ASTAR found path: length=9, nodes_expanded=9
2025-11-17 20:52:52,102 - INFO - ASTAR found path: length=8, nodes_expanded=8
2025-11-17 20:52:52,168 - INFO - ASTAR found path: length=7, nodes_expanded=7
2025-11-17 20:52:52,236 - INFO - ASTAR found path: length=6, nodes_expanded=6
2025-11-17 20:52:52,302 - INFO - ASTAR found path: length=5, nodes_expanded=5
2025-11-17 20:52:52,368 - INFO - ASTAR found path: length=4, nodes_expanded=4
2025-11-17 20:52:52,435 - INFO - ASTAR found path: length=3, nodes_expanded=3
2025-11-17 20:52:52,502 - INFO - ASTAR found path: length=2, nodes_expanded=2
2025-11-17 20:52:52,570 - INFO - ASTAR found path: length=23, nodes_expanded=124
2025-11-17 20:52:52,638 - INFO - ASTAR found path: length=22, nodes_expanded=124
2025-11-17 20:52:52,707 - INFO - ASTAR found path: length=21, nodes_expanded=111
2025-11-17 20:52:52,772 - INFO - ASTAR found path: length=20, nodes_expanded=98
2025-11-17 20:52:52,840 - INFO - ASTAR found path: length=19, nodes_expanded=84
2025-11-17 20:52:52,906 - INFO - ASTAR found path: length=18, nodes_expanded=70
2025-11-17 20:52:52,973 - INFO - ASTAR found path: length=17, nodes_expanded=56
2025-11-17 20:52:53,039 - INFO - ASTAR found path: length=16, nodes_expanded=42
2025-11-17 20:52:53,104 - INFO - ASTAR found path: length=15, nodes_expanded=28
2025-11-17 20:52:53,170 - INFO - ASTAR found path: length=14, nodes_expanded=14
2025-11-17 20:52:53,236 - INFO - ASTAR found path: length=13, nodes_expanded=13
2025-11-17 20:52:53,303 - INFO - ASTAR found path: length=12, nodes_expanded=12
2025-11-17 20:52:53,369 - INFO - ASTAR found path: length=11, nodes_expanded=11
2025-11-17 20:52:53,436 - INFO - ASTAR found path: length=10, nodes_expanded=10
2025-11-17 20:52:53,502 - INFO - ASTAR found path: length=9, nodes_expanded=9
2025-11-17 20:52:53,568 - INFO - ASTAR found path: length=8, nodes_expanded=8
2025-11-17 20:52:53,637 - INFO - ASTAR found path: length=7, nodes_expanded=7
2025-11-17 20:52:53,703 - INFO - ASTAR found path: length=6, nodes_expanded=6
2025-11-17 20:52:53,769 - INFO - ASTAR found path: length=5, nodes_expanded=5
2025-11-17 20:52:53,835 - INFO - ASTAR found path: length=4, nodes_expanded=4
2025-11-17 20:52:53,902 - INFO - ASTAR found path: length=3, nodes_expanded=3
2025-11-17 20:52:53,969 - INFO - ASTAR found path: length=2, nodes_expanded=2
2025-11-17 20:52:54,035 - INFO - ASTAR found path: length=16, nodes_expanded=16
2025-11-17 20:52:54,101 - INFO - ASTAR found path: length=15, nodes_expanded=15
2025-11-17 20:52:54,169 - INFO - ASTAR found path: length=14, nodes_expanded=14
2025-11-17 20:52:54,235 - INFO - ASTAR found path: length=13, nodes_expanded=13
2025-11-17 20:52:54,303 - INFO - ASTAR found path: length=12, nodes_expanded=12
2025-11-17 20:52:54,370 - INFO - ASTAR found path: length=11, nodes_expanded=11
2025-11-17 20:52:54,437 - INFO - ASTAR found path: length=10, nodes_expanded=10
2025-11-17 20:52:54,503 - INFO - ASTAR found path: length=9, nodes_expanded=9
2025-11-17 20:52:54,569 - INFO - ASTAR found path: length=8, nodes_expanded=8
2025-11-17 20:52:54,636 - INFO - ASTAR found path: length=7, nodes_expanded=7
2025-11-17 20:52:54,703 - INFO - ASTAR found path: length=6, nodes_expanded=6
2025-11-17 20:52:54,769 - INFO - ASTAR found path: length=5, nodes_expanded=5
2025-11-17 20:52:54,836 - INFO - ASTAR found path: length=4, nodes_expanded=4
2025-11-17 20:52:54,902 - INFO - ASTAR found path: length=3, nodes_expanded=3
2025-11-17 20:52:54,969 - INFO - ASTAR found path: length=2, nodes_expanded=2
2025-11-17 20:52:55,037 - INFO - ASTAR found path: length=14, nodes_expanded=14
2025-11-17 20:52:55,104 - INFO - ASTAR found path: length=13, nodes_expanded=13
2025-11-17 20:52:55,170 - INFO - ASTAR found path: length=12, nodes_expanded=12
2025-11-17 20:52:55,235 - INFO - ASTAR found path: length=11, nodes_expanded=11
2025-11-17 20:52:55,303 - INFO - ASTAR found path: length=10, nodes_expanded=10
2025-11-17 20:52:55,370 - INFO - ASTAR found path: length=9, nodes_expanded=9
2025-11-17 20:52:55,437 - INFO - ASTAR found path: length=8, nodes_expanded=8
2025-11-17 20:52:55,504 - INFO - ASTAR found path: length=7, nodes_expanded=7
2025-11-17 20:52:55,571 - INFO - ASTAR found path: length=6, nodes_expanded=6
2025-11-17 20:52:55,637 - INFO - ASTAR found path: length=5, nodes_expanded=5
2025-11-17 20:52:55,704 - INFO - ASTAR found path: length=4, nodes_expanded=4
2025-11-17 20:52:55,770 - INFO - ASTAR found path: length=3, nodes_expanded=3
2025-11-17 20:52:55,837 - INFO - ASTAR found path: length=2, nodes_expanded=2
2025-11-17 20:52:55,907 - INFO - ASTAR found path: length=22, nodes_expanded=92
2025-11-17 20:52:55,970 - INFO - ASTAR found path: length=21, nodes_expanded=26
2025-11-17 20:52:56,037 - INFO - ASTAR found path: length=20, nodes_expanded=25
2025-11-17 20:52:56,103 - INFO - ASTAR found path: length=19, nodes_expanded=24
2025-11-17 20:52:56,170 - INFO - ASTAR found path: length=18, nodes_expanded=23
2025-11-17 20:52:56,237 - INFO - ASTAR found path: length=17, nodes_expanded=22
2025-11-17 20:52:56,304 - INFO - ASTAR found path: length=16, nodes_expanded=21
2025-11-17 20:52:56,371 - INFO - ASTAR found path: length=15, nodes_expanded=20
2025-11-17 20:52:56,438 - INFO - ASTAR found path: length=14, nodes_expanded=19
2025-11-17 20:52:56,503 - INFO - ASTAR found path: length=13, nodes_expanded=18
2025-11-17 20:52:56,570 - INFO - ASTAR found path: length=12, nodes_expanded=17
2025-11-17 20:52:56,637 - INFO - ASTAR found path: length=11, nodes_expanded=16
2025-11-17 20:52:56,703 - INFO - ASTAR found path: length=10, nodes_expanded=15
2025-11-17 20:52:56,769 - INFO - ASTAR found path: length=9, nodes_expanded=14
2025-11-17 20:52:56,836 - INFO - ASTAR found path: length=8, nodes_expanded=13
2025-11-17 20:52:56,903 - INFO - ASTAR found path: length=7, nodes_expanded=12
2025-11-17 20:52:56,970 - INFO - ASTAR found path: length=6, nodes_expanded=6
2025-11-17 20:52:57,035 - INFO - ASTAR found path: length=5, nodes_expanded=5
2025-11-17 20:52:57,103 - INFO - ASTAR found path: length=4, nodes_expanded=4
2025-11-17 20:52:57,169 - INFO - ASTAR found path: length=3, nodes_expanded=3
2025-11-17 20:52:57,235 - INFO - ASTAR found path: length=2, nodes_expanded=2
2025-11-17 20:52:57,302 - INFO - ASTAR found path: length=15, nodes_expanded=39
2025-11-17 20:52:57,369 - INFO - ASTAR found path: length=14, nodes_expanded=26
2025-11-17 20:52:57,435 - INFO - ASTAR found path: length=13, nodes_expanded=13
2025-11-17 20:52:57,501 - INFO - ASTAR found path: length=12, nodes_expanded=12
2025-11-17 20:52:57,568 - INFO - ASTAR found path: length=11, nodes_expanded=11
2025-11-17 20:52:57,634 - INFO - ASTAR found path: length=10, nodes_expanded=10
2025-11-17 20:52:57,700 - INFO - ASTAR found path: length=9, nodes_expanded=9
2025-11-17 20:52:57,767 - INFO - ASTAR found path: length=8, nodes_expanded=8
2025-11-17 20:52:57,834 - INFO - ASTAR found path: length=7, nodes_expanded=7
2025-11-17 20:52:57,901 - INFO - ASTAR found path: length=6, nodes_expanded=6
2025-11-17 20:52:57,968 - INFO - ASTAR found path: length=5, nodes_expanded=5
2025-11-17 20:52:58,035 - INFO - ASTAR found path: length=4, nodes_expanded=4
2025-11-17 20:52:58,102 - INFO - ASTAR found path: length=3, nodes_expanded=3
2025-11-17 20:52:58,168 - INFO - ASTAR found path: length=2, nodes_expanded=2
2025-11-17 20:52:58,237 - INFO - ASTAR found path: length=16, nodes_expanded=40
2025-11-17 20:52:58,303 - INFO - ASTAR found path: length=15, nodes_expanded=39
2025-11-17 20:52:58,368 - INFO - ASTAR found path: length=14, nodes_expanded=26
2025-11-17 20:52:58,435 - INFO - ASTAR found path: length=13, nodes_expanded=13
2025-11-17 20:52:58,502 - INFO - ASTAR found path: length=12, nodes_expanded=12
2025-11-17 20:52:58,568 - INFO - ASTAR found path: length=11, nodes_expanded=11
2025-11-17 20:52:58,635 - INFO - ASTAR found path: length=10, nodes_expanded=10
2025-11-17 20:52:58,702 - INFO - ASTAR found path: length=9, nodes_expanded=9
2025-11-17 20:52:58,768 - INFO - ASTAR found path: length=8, nodes_expanded=8
2025-11-17 20:52:58,835 - INFO - ASTAR found path: length=7, nodes_expanded=7
2025-11-17 20:52:58,902 - INFO - ASTAR found path: length=6, nodes_expanded=6
2025-11-17 20:52:58,968 - INFO - ASTAR found path: length=5, nodes_expanded=5
2025-11-17 20:52:59,034 - INFO - ASTAR found path: length=4, nodes_expanded=4
2025-11-17 20:52:59,100 - INFO - ASTAR found path: length=3, nodes_expanded=3
2025-11-17 20:52:59,166 - INFO - ASTAR found path: length=2, nodes_expanded=2
2025-11-17 20:52:59,235 - INFO - ASTAR found path: length=16, nodes_expanded=49
2025-11-17 20:52:59,300 - INFO - ASTAR found path: length=15, nodes_expanded=48
2025-11-17 20:52:59,369 - INFO - ASTAR found path: length=14, nodes_expanded=36
2025-11-17 20:52:59,435 - INFO - ASTAR found path: length=13, nodes_expanded=24
2025-11-17 20:52:59,501 - INFO - ASTAR found path: length=12, nodes_expanded=12
2025-11-17 20:52:59,567 - INFO - ASTAR found path: length=11, nodes_expanded=11
2025-11-17 20:52:59,634 - INFO - ASTAR found path: length=10, nodes_expanded=10
2025-11-17 20:52:59,701 - INFO - ASTAR found path: length=9, nodes_expanded=9
2025-11-17 20:52:59,770 - INFO - ASTAR found path: length=8, nodes_expanded=8
2025-11-17 20:52:59,838 - INFO - ASTAR found path: length=7, nodes_expanded=7
2025-11-17 20:52:59,905 - INFO - ASTAR found path: length=6, nodes_expanded=6
2025-11-17 20:52:59,973 - INFO - ASTAR found path: length=5, nodes_expanded=5
2025-11-17 20:53:00,039 - INFO - ASTAR found path: length=4, nodes_expanded=4
2025-11-17 20:53:00,107 - INFO - ASTAR found path: length=3, nodes_expanded=3
2025-11-17 20:53:00,174 - INFO - ASTAR found path: length=2, nodes_expanded=2
2025-11-17 20:53:00,242 - INFO - ASTAR found path: length=20, nodes_expanded=65
2025-11-17 20:53:00,308 - INFO - ASTAR found path: length=19, nodes_expanded=28
2025-11-17 20:53:00,376 - INFO - ASTAR found path: length=18, nodes_expanded=27
2025-11-17 20:53:00,443 - INFO - ASTAR found path: length=17, nodes_expanded=26
2025-11-17 20:53:00,508 - INFO - ASTAR found path: length=16, nodes_expanded=25
2025-11-17 20:53:00,575 - INFO - ASTAR found path: length=15, nodes_expanded=24
2025-11-17 20:53:00,641 - INFO - ASTAR found path: length=14, nodes_expanded=23
2025-11-17 20:53:00,707 - INFO - ASTAR found path: length=13, nodes_expanded=22
2025-11-17 20:53:00,775 - INFO - ASTAR found path: length=12, nodes_expanded=21
2025-11-17 20:53:00,841 - INFO - ASTAR found path: length=11, nodes_expanded=20
2025-11-17 20:53:00,907 - INFO - ASTAR found path: length=10, nodes_expanded=19
2025-11-17 20:53:00,973 - INFO - ASTAR found path: length=9, nodes_expanded=18
2025-11-17 20:53:01,038 - INFO - ASTAR found path: length=8, nodes_expanded=17
2025-11-17 20:53:01,104 - INFO - ASTAR found path: length=7, nodes_expanded=16
2025-11-17 20:53:01,171 - INFO - ASTAR found path: length=6, nodes_expanded=12
2025-11-17 20:53:01,238 - INFO - ASTAR found path: length=5, nodes_expanded=8
2025-11-17 20:53:01,304 - INFO - ASTAR found path: length=4, nodes_expanded=4
2025-11-17 20:53:01,371 - INFO - ASTAR found path: length=3, nodes_expanded=3
2025-11-17 20:53:01,438 - INFO - ASTAR found path: length=2, nodes_expanded=2
2025-11-17 20:53:01,505 - INFO - ASTAR found path: length=10, nodes_expanded=18
2025-11-17 20:53:01,570 - INFO - ASTAR found path: length=9, nodes_expanded=16
2025-11-17 20:53:01,637 - INFO - ASTAR found path: length=8, nodes_expanded=14
2025-11-17 20:53:01,703 - INFO - ASTAR found path: length=7, nodes_expanded=12
2025-11-17 20:53:01,770 - INFO - ASTAR found path: length=6, nodes_expanded=10
2025-11-17 20:53:01,837 - INFO - ASTAR found path: length=5, nodes_expanded=8
2025-11-17 20:53:01,904 - INFO - ASTAR found path: length=4, nodes_expanded=6
2025-11-17 20:53:01,970 - INFO - ASTAR found path: length=3, nodes_expanded=4
2025-11-17 20:53:02,036 - INFO - ASTAR found path: length=2, nodes_expanded=2
2025-11-17 20:53:02,103 - INFO - ASTAR found path: length=16, nodes_expanded=25
2025-11-17 20:53:02,171 - INFO - ASTAR found path: length=15, nodes_expanded=24
2025-11-17 20:53:02,237 - INFO - ASTAR found path: length=14, nodes_expanded=23
2025-11-17 20:53:02,304 - INFO - ASTAR found path: length=13, nodes_expanded=22
2025-11-17 20:53:02,372 - INFO - ASTAR found path: length=12, nodes_expanded=21
2025-11-17 20:53:02,439 - INFO - ASTAR found path: length=11, nodes_expanded=20
2025-11-17 20:53:02,506 - INFO - ASTAR found path: length=10, nodes_expanded=19
2025-11-17 20:53:02,574 - INFO - ASTAR found path: length=9, nodes_expanded=18
2025-11-17 20:53:02,642 - INFO - ASTAR found path: length=8, nodes_expanded=17
2025-11-17 20:53:02,709 - INFO - ASTAR found path: length=7, nodes_expanded=16
2025-11-17 20:53:02,775 - INFO - ASTAR found path: length=6, nodes_expanded=12
2025-11-17 20:53:02,841 - INFO - ASTAR found path: length=5, nodes_expanded=8
2025-11-17 20:53:02,909 - INFO - ASTAR found path: length=4, nodes_expanded=4
2025-11-17 20:53:02,975 - INFO - ASTAR found path: length=3, nodes_expanded=3
2025-11-17 20:53:03,042 - INFO - ASTAR found path: length=2, nodes_expanded=2
2025-11-17 20:53:03,108 - INFO - ASTAR found path: length=12, nodes_expanded=36
2025-11-17 20:53:03,174 - INFO - ASTAR found path: length=11, nodes_expanded=30
2025-11-17 20:53:03,241 - INFO - ASTAR found path: length=10, nodes_expanded=24
2025-11-17 20:53:03,308 - INFO - ASTAR found path: length=9, nodes_expanded=18
2025-11-17 20:53:03,374 - INFO - ASTAR found path: length=8, nodes_expanded=17
2025-11-17 20:53:03,441 - INFO - ASTAR found path: length=7, nodes_expanded=16
2025-11-17 20:53:03,508 - INFO - ASTAR found path: length=6, nodes_expanded=12
2025-11-17 20:53:03,574 - INFO - ASTAR found path: length=5, nodes_expanded=8
2025-11-17 20:53:03,641 - INFO - ASTAR found path: length=4, nodes_expanded=4
2025-11-17 20:53:03,707 - INFO - ASTAR found path: length=3, nodes_expanded=3
2025-11-17 20:53:03,773 - INFO - ASTAR found path: length=2, nodes_expanded=2
2025-11-17 20:53:03,841 - INFO - ASTAR found path: length=14, nodes_expanded=32
2025-11-17 20:53:03,909 - INFO - ASTAR found path: length=13, nodes_expanded=31
2025-11-17 20:53:03,975 - INFO - ASTAR found path: length=12, nodes_expanded=28
2025-11-17 20:53:04,041 - INFO - ASTAR found path: length=11, nodes_expanded=25
2025-11-17 20:53:04,109 - INFO - ASTAR found path: length=10, nodes_expanded=22
2025-11-17 20:53:04,177 - INFO - ASTAR found path: length=9, nodes_expanded=17
2025-11-17 20:53:04,241 - INFO - ASTAR found path: length=8, nodes_expanded=12
2025-11-17 20:53:04,307 - INFO - ASTAR found path: length=7, nodes_expanded=7
2025-11-17 20:53:04,373 - INFO - ASTAR found path: length=6, nodes_expanded=6
2025-11-17 20:53:04,440 - INFO - ASTAR found path: length=5, nodes_expanded=5
2025-11-17 20:53:04,508 - INFO - ASTAR found path: length=4, nodes_expanded=4
2025-11-17 20:53:04,575 - INFO - ASTAR found path: length=3, nodes_expanded=3
2025-11-17 20:53:04,640 - INFO - ASTAR found path: length=2, nodes_expanded=2
2025-11-17 20:53:04,708 - INFO - ASTAR found path: length=3, nodes_expanded=3
2025-11-17 20:53:04,772 - INFO - ASTAR found path: length=2, nodes_expanded=2
2025-11-17 20:53:04,842 - INFO - ASTAR found path: length=26, nodes_expanded=51
2025-11-17 20:53:04,910 - INFO - ASTAR found path: length=25, nodes_expanded=50
2025-11-17 20:53:04,973 - INFO - ASTAR found path: length=24, nodes_expanded=48
2025-11-17 20:53:05,038 - INFO - ASTAR found path: length=23, nodes_expanded=45
2025-11-17 20:53:05,104 - INFO - ASTAR found path: length=22, nodes_expanded=42
2025-11-17 20:53:05,171 - INFO - ASTAR found path: length=21, nodes_expanded=39
2025-11-17 20:53:05,237 - INFO - ASTAR found path: length=20, nodes_expanded=36
2025-11-17 20:53:05,307 - INFO - ASTAR found path: length=19, nodes_expanded=33
2025-11-17 20:53:05,370 - INFO - ASTAR found path: length=18, nodes_expanded=30
2025-11-17 20:53:05,464 - INFO - ASTAR found path: length=17, nodes_expanded=27
2025-11-17 20:53:05,502 - INFO - Game ended - Score: 38, Moves: 547, Mode: ai
