2025-11-16 14:35:43,175 - INFO - Starting new AI run: unnamed
2025-11-16 14:35:43,175 - INFO - Game started
2025-11-16 14:35:48,308 - INFO - AI mode activated: astar, manhattan
2025-11-16 14:35:48,308 - INFO - Mode switched to: ai
2025-11-16 14:35:48,309 - INFO - ASTAR found path: length=22, nodes_expanded=126
2025-11-16 14:35:48,409 - INFO - ASTAR found path: length=21, nodes_expanded=112
2025-11-16 14:35:48,508 - INFO - ASTAR found path: length=20, nodes_expanded=98
2025-11-16 14:35:48,608 - INFO - ASTAR found path: length=19, nodes_expanded=84
2025-11-16 14:35:48,708 - INFO - ASTAR found path: length=18, nodes_expanded=70
2025-11-16 14:35:48,809 - INFO - ASTAR found path: length=17, nodes_expanded=56
2025-11-16 14:35:48,910 - INFO - ASTAR found path: length=16, nodes_expanded=42
2025-11-16 14:35:49,011 - INFO - ASTAR found path: length=15, nodes_expanded=28
2025-11-16 14:35:49,112 - INFO - ASTAR found path: length=14, nodes_expanded=14
2025-11-16 14:35:49,212 - INFO - ASTAR found path: length=13, nodes_expanded=13
2025-11-16 14:35:49,313 - INFO - ASTAR found path: length=12, nodes_expanded=12
2025-11-16 14:35:49,413 - INFO - ASTAR found path: length=11, nodes_expanded=11
2025-11-16 14:35:49,514 - INFO - ASTAR found path: length=10, nodes_expanded=10
2025-11-16 14:35:49,615 - INFO - ASTAR found path: length=9, nodes_expanded=9
2025-11-16 14:35:49,715 - INFO - ASTAR found path: length=8, nodes_expanded=8
2025-11-16 14:35:49,815 - INFO - ASTAR found path: length=7, nodes_expanded=7
2025-11-16 14:35:49,916 - INFO - ASTAR found path: length=6, nodes_expanded=6
2025-11-16 14:35:50,017 - INFO - ASTAR found path: length=5, nodes_expanded=5
2025-11-16 14:35:50,118 - INFO - ASTAR found path: length=4, nodes_expanded=4
2025-11-16 14:35:50,219 - INFO - ASTAR found path: length=3, nodes_expanded=3
2025-11-16 14:35:50,320 - INFO - ASTAR found path: length=2, nodes_expanded=2
2025-11-16 14:35:50,421 - INFO - ASTAR found path: length=18, nodes_expanded=81
2025-11-16 14:35:50,521 - INFO - ASTAR found path: length=17, nodes_expanded=80
2025-11-16 14:35:50,622 - INFO - ASTAR found path: length=16, nodes_expanded=70
2025-11-16 14:35:50,722 - INFO - ASTAR found path: length=15, nodes_expanded=60
2025-11-16 14:35:50,823 - INFO - ASTAR found path: length=14, nodes_expanded=50
2025-11-16 14:35:50,924 - INFO - ASTAR found path: length=13, nodes_expanded=40
2025-11-16 14:35:51,024 - INFO - ASTAR found path: length=12, nodes_expanded=30
2025-11-16 14:35:51,126 - INFO - ASTAR found path: length=11, nodes_expanded=20
2025-11-16 14:35:51,226 - INFO - ASTAR found path: length=10, nodes_expanded=10
2025-11-16 14:35:51,326 - INFO - ASTAR found path: length=9, nodes_expanded=9
2025-11-16 14:35:51,426 - INFO - ASTAR found path: length=8, nodes_expanded=8
2025-11-16 14:35:51,526 - INFO - ASTAR found path: length=7, nodes_expanded=7
2025-11-16 14:35:51,626 - INFO - ASTAR found path: length=6, nodes_expanded=6
2025-11-16 14:35:51,726 - INFO - ASTAR found path: length=5, nodes_expanded=5
2025-11-16 14:35:51,827 - INFO - ASTAR found path: length=4, nodes_expanded=4
2025-11-16 14:35:51,929 - INFO - ASTAR found path: length=3, nodes_expanded=3
2025-11-16 14:35:52,030 - INFO - ASTAR found path: length=2, nodes_expanded=2
2025-11-16 14:35:52,131 - INFO - ASTAR found path: length=9, nodes_expanded=9
2025-11-16 14:35:52,232 - INFO - ASTAR found path: length=8, nodes_expanded=8
2025-11-16 14:35:52,333 - INFO - ASTAR found path: length=7, nodes_expanded=7
2025-11-16 14:35:52,434 - INFO - ASTAR found path: length=6, nodes_expanded=6
2025-11-16 14:35:52,535 - INFO - Speed adjusted to: 11 FPS
2025-11-16 14:35:52,535 - INFO - ASTAR found path: length=5, nodes_expanded=5
2025-11-16 14:35:52,625 - INFO - ASTAR found path: length=4, nodes_expanded=4
2025-11-16 14:35:52,715 - INFO - ASTAR found path: length=3, nodes_expanded=3
2025-11-16 14:35:52,805 - INFO - ASTAR found path: length=2, nodes_expanded=2
2025-11-16 14:35:52,895 - INFO - ASTAR found path: length=13, nodes_expanded=31
2025-11-16 14:35:52,986 - INFO - ASTAR found path: length=12, nodes_expanded=30
2025-11-16 14:35:53,076 - INFO - ASTAR found path: length=11, nodes_expanded=27
2025-11-16 14:35:53,167 - INFO - ASTAR found path: length=10, nodes_expanded=24
2025-11-16 14:35:53,258 - INFO - ASTAR found path: length=9, nodes_expanded=21
2025-11-16 14:35:53,349 - INFO - ASTAR found path: length=8, nodes_expanded=18
2025-11-16 14:35:53,441 - INFO - ASTAR found path: length=7, nodes_expanded=15
2025-11-16 14:35:53,532 - INFO - ASTAR found path: length=6, nodes_expanded=12
2025-11-16 14:35:53,623 - INFO - ASTAR found path: length=5, nodes_expanded=9
2025-11-16 14:35:53,714 - INFO - ASTAR found path: length=4, nodes_expanded=6
2025-11-16 14:35:53,805 - INFO - Speed adjusted to: 10 FPS
2025-11-16 14:35:53,806 - INFO - ASTAR found path: length=3, nodes_expanded=3
2025-11-16 14:35:53,906 - INFO - ASTAR found path: length=2, nodes_expanded=2
2025-11-16 14:35:54,006 - INFO - ASTAR found path: length=20, nodes_expanded=82
2025-11-16 14:35:54,107 - INFO - Speed adjusted to: 9 FPS
2025-11-16 14:35:54,107 - INFO - ASTAR found path: length=19, nodes_expanded=90
2025-11-16 14:35:54,218 - INFO - ASTAR found path: length=18, nodes_expanded=88
2025-11-16 14:35:54,331 - INFO - ASTAR found path: length=17, nodes_expanded=77
2025-11-16 14:35:54,442 - INFO - Speed adjusted to: 8 FPS
2025-11-16 14:35:54,443 - INFO - ASTAR found path: length=16, nodes_expanded=66
2025-11-16 14:35:54,568 - INFO - ASTAR found path: length=15, nodes_expanded=55
2025-11-16 14:35:54,694 - INFO - Speed adjusted to: 7 FPS
2025-11-16 14:35:54,694 - INFO - ASTAR found path: length=14, nodes_expanded=44
2025-11-16 14:35:54,836 - INFO - Speed adjusted to: 6 FPS
2025-11-16 14:35:54,837 - INFO - ASTAR found path: length=13, nodes_expanded=33
2025-11-16 14:35:55,003 - INFO - ASTAR found path: length=12, nodes_expanded=22
2025-11-16 14:35:55,169 - INFO - ASTAR found path: length=11, nodes_expanded=11
2025-11-16 14:35:55,335 - INFO - ASTAR found path: length=10, nodes_expanded=10
2025-11-16 14:35:55,502 - INFO - ASTAR found path: length=9, nodes_expanded=9
2025-11-16 14:35:55,669 - INFO - ASTAR found path: length=8, nodes_expanded=8
2025-11-16 14:35:55,835 - INFO - ASTAR found path: length=7, nodes_expanded=7
2025-11-16 14:35:56,001 - INFO - ASTAR found path: length=6, nodes_expanded=6
2025-11-16 14:35:56,169 - INFO - ASTAR found path: length=5, nodes_expanded=5
2025-11-16 14:35:56,336 - INFO - ASTAR found path: length=4, nodes_expanded=4
2025-11-16 14:35:56,502 - INFO - ASTAR found path: length=3, nodes_expanded=3
2025-11-16 14:35:56,668 - INFO - ASTAR found path: length=2, nodes_expanded=2
2025-11-16 14:35:56,836 - INFO - ASTAR found path: length=11, nodes_expanded=29
2025-11-16 14:35:57,003 - INFO - ASTAR found path: length=10, nodes_expanded=28
2025-11-16 14:35:57,169 - INFO - ASTAR found path: length=9, nodes_expanded=24
2025-11-16 14:35:57,335 - INFO - ASTAR found path: length=8, nodes_expanded=20
2025-11-16 14:35:57,502 - INFO - ASTAR found path: length=7, nodes_expanded=16
2025-11-16 14:35:57,670 - INFO - ASTAR found path: length=6, nodes_expanded=12
2025-11-16 14:35:57,837 - INFO - ASTAR found path: length=5, nodes_expanded=8
2025-11-16 14:35:58,004 - INFO - ASTAR found path: length=4, nodes_expanded=4
2025-11-16 14:35:58,171 - INFO - ASTAR found path: length=3, nodes_expanded=3
2025-11-16 14:35:58,338 - INFO - ASTAR found path: length=2, nodes_expanded=2
2025-11-16 14:35:58,505 - INFO - ASTAR found path: length=19, nodes_expanded=99
2025-11-16 14:35:58,672 - INFO - ASTAR found path: length=18, nodes_expanded=88
2025-11-16 14:35:58,839 - INFO - ASTAR found path: length=17, nodes_expanded=77
2025-11-16 14:35:59,005 - INFO - ASTAR found path: length=16, nodes_expanded=66
2025-11-16 14:35:59,171 - INFO - ASTAR found path: length=15, nodes_expanded=55
2025-11-16 14:35:59,337 - INFO - ASTAR found path: length=14, nodes_expanded=44
2025-11-16 14:35:59,504 - INFO - ASTAR found path: length=13, nodes_expanded=33
2025-11-16 14:35:59,671 - INFO - ASTAR found path: length=12, nodes_expanded=22
2025-11-16 14:35:59,837 - INFO - ASTAR found path: length=11, nodes_expanded=11
2025-11-16 14:36:00,003 - INFO - ASTAR found path: length=10, nodes_expanded=10
2025-11-16 14:36:00,171 - INFO - ASTAR found path: length=9, nodes_expanded=9
2025-11-16 14:36:00,337 - INFO - ASTAR found path: length=8, nodes_expanded=8
2025-11-16 14:36:00,505 - INFO - ASTAR found path: length=7, nodes_expanded=7
2025-11-16 14:36:00,672 - INFO - ASTAR found path: length=6, nodes_expanded=6
2025-11-16 14:36:00,839 - INFO - ASTAR found path: length=5, nodes_expanded=5
2025-11-16 14:36:01,005 - INFO - ASTAR found path: length=4, nodes_expanded=4
2025-11-16 14:36:01,173 - INFO - ASTAR found path: length=3, nodes_expanded=3
2025-11-16 14:36:01,340 - INFO - ASTAR found path: length=2, nodes_expanded=2
2025-11-16 14:36:01,507 - INFO - ASTAR found path: length=25, nodes_expanded=151
2025-11-16 14:36:01,673 - INFO - ASTAR found path: length=24, nodes_expanded=150
2025-11-16 14:36:01,840 - INFO - ASTAR found path: length=23, nodes_expanded=135
2025-11-16 14:36:02,007 - INFO - ASTAR found path: length=22, nodes_expanded=120
2025-11-16 14:36:02,174 - INFO - ASTAR found path: length=21, nodes_expanded=105
2025-11-16 14:36:02,340 - INFO - ASTAR found path: length=20, nodes_expanded=90
2025-11-16 14:36:02,506 - INFO - ASTAR found path: length=19, nodes_expanded=75
2025-11-16 14:36:02,673 - INFO - ASTAR found path: length=18, nodes_expanded=60
2025-11-16 14:36:02,840 - INFO - ASTAR found path: length=17, nodes_expanded=45
2025-11-16 14:36:03,007 - INFO - ASTAR found path: length=16, nodes_expanded=30
2025-11-16 14:36:03,173 - INFO - ASTAR found path: length=15, nodes_expanded=15
2025-11-16 14:36:03,340 - INFO - ASTAR found path: length=14, nodes_expanded=14
2025-11-16 14:36:03,506 - INFO - ASTAR found path: length=13, nodes_expanded=13
2025-11-16 14:36:03,672 - INFO - ASTAR found path: length=12, nodes_expanded=12
2025-11-16 14:36:03,839 - INFO - ASTAR found path: length=11, nodes_expanded=11
2025-11-16 14:36:04,005 - INFO - ASTAR found path: length=10, nodes_expanded=10
2025-11-16 14:36:04,172 - INFO - ASTAR found path: length=9, nodes_expanded=9
2025-11-16 14:36:04,338 - INFO - ASTAR found path: length=8, nodes_expanded=8
2025-11-16 14:36:04,504 - INFO - ASTAR found path: length=7, nodes_expanded=7
2025-11-16 14:36:04,670 - INFO - ASTAR found path: length=6, nodes_expanded=6
2025-11-16 14:36:04,836 - INFO - ASTAR found path: length=5, nodes_expanded=5
2025-11-16 14:36:05,003 - INFO - ASTAR found path: length=4, nodes_expanded=4
2025-11-16 14:36:05,170 - INFO - ASTAR found path: length=3, nodes_expanded=3
2025-11-16 14:36:05,336 - INFO - ASTAR found path: length=2, nodes_expanded=2
2025-11-16 14:36:05,502 - INFO - ASTAR found path: length=5, nodes_expanded=5
2025-11-16 14:36:05,669 - INFO - ASTAR found path: length=4, nodes_expanded=4
2025-11-16 14:36:05,836 - INFO - ASTAR found path: length=3, nodes_expanded=3
2025-11-16 14:36:06,003 - INFO - ASTAR found path: length=2, nodes_expanded=2
2025-11-16 14:36:06,170 - INFO - ASTAR found path: length=20, nodes_expanded=68
2025-11-16 14:36:06,336 - INFO - ASTAR found path: length=19, nodes_expanded=51
2025-11-16 14:36:06,503 - INFO - ASTAR found path: length=18, nodes_expanded=34
2025-11-16 14:36:06,670 - INFO - ASTAR found path: length=17, nodes_expanded=17
2025-11-16 14:36:06,837 - INFO - ASTAR found path: length=16, nodes_expanded=16
2025-11-16 14:36:07,003 - INFO - ASTAR found path: length=15, nodes_expanded=15
2025-11-16 14:36:07,169 - INFO - ASTAR found path: length=14, nodes_expanded=14
2025-11-16 14:36:07,336 - INFO - ASTAR found path: length=13, nodes_expanded=13
2025-11-16 14:36:07,503 - INFO - ASTAR found path: length=12, nodes_expanded=12
2025-11-16 14:36:07,670 - INFO - ASTAR found path: length=11, nodes_expanded=11
2025-11-16 14:36:07,837 - INFO - ASTAR found path: length=10, nodes_expanded=10
2025-11-16 14:36:08,004 - INFO - ASTAR found path: length=9, nodes_expanded=9
2025-11-16 14:36:08,171 - INFO - ASTAR found path: length=8, nodes_expanded=8
2025-11-16 14:36:08,338 - INFO - ASTAR found path: length=7, nodes_expanded=7
2025-11-16 14:36:08,504 - INFO - ASTAR found path: length=6, nodes_expanded=6
2025-11-16 14:36:08,672 - INFO - ASTAR found path: length=5, nodes_expanded=5
2025-11-16 14:36:08,839 - INFO - ASTAR found path: length=4, nodes_expanded=4
2025-11-16 14:36:09,005 - INFO - ASTAR found path: length=3, nodes_expanded=3
2025-11-16 14:36:09,173 - INFO - ASTAR found path: length=2, nodes_expanded=2
2025-11-16 14:36:09,340 - INFO - ASTAR found path: length=16, nodes_expanded=29
2025-11-16 14:36:09,507 - INFO - ASTAR found path: length=15, nodes_expanded=28
2025-11-16 14:36:09,673 - INFO - ASTAR found path: length=14, nodes_expanded=26
2025-11-16 14:36:09,840 - INFO - ASTAR found path: length=13, nodes_expanded=24
2025-11-16 14:36:10,007 - INFO - ASTAR found path: length=12, nodes_expanded=22
2025-11-16 14:36:10,174 - INFO - ASTAR found path: length=11, nodes_expanded=20
2025-11-16 14:36:10,340 - INFO - ASTAR found path: length=10, nodes_expanded=18
2025-11-16 14:36:10,506 - INFO - ASTAR found path: length=9, nodes_expanded=16
2025-11-16 14:36:10,673 - INFO - ASTAR found path: length=8, nodes_expanded=14
2025-11-16 14:36:10,839 - INFO - ASTAR found path: length=7, nodes_expanded=12
2025-11-16 14:36:11,005 - INFO - ASTAR found path: length=6, nodes_expanded=10
2025-11-16 14:36:11,173 - INFO - ASTAR found path: length=5, nodes_expanded=8
2025-11-16 14:36:11,340 - INFO - ASTAR found path: length=4, nodes_expanded=6
2025-11-16 14:36:11,507 - INFO - ASTAR found path: length=3, nodes_expanded=4
2025-11-16 14:36:11,673 - INFO - ASTAR found path: length=2, nodes_expanded=2
2025-11-16 14:36:11,840 - INFO - ASTAR found path: length=10, nodes_expanded=30
2025-11-16 14:36:12,007 - INFO - ASTAR found path: length=9, nodes_expanded=25
2025-11-16 14:36:12,173 - INFO - ASTAR found path: length=8, nodes_expanded=20
2025-11-16 14:36:12,340 - INFO - ASTAR found path: length=7, nodes_expanded=15
2025-11-16 14:36:12,506 - INFO - ASTAR found path: length=6, nodes_expanded=10
2025-11-16 14:36:12,673 - INFO - ASTAR found path: length=5, nodes_expanded=5
2025-11-16 14:36:12,840 - INFO - ASTAR found path: length=4, nodes_expanded=4
2025-11-16 14:36:13,007 - INFO - ASTAR found path: length=3, nodes_expanded=3
2025-11-16 14:36:13,174 - INFO - ASTAR found path: length=2, nodes_expanded=2
2025-11-16 14:36:13,341 - INFO - ASTAR found path: length=5, nodes_expanded=5
2025-11-16 14:36:13,509 - INFO - ASTAR found path: length=4, nodes_expanded=4
2025-11-16 14:36:13,675 - INFO - ASTAR found path: length=3, nodes_expanded=3
2025-11-16 14:36:13,841 - INFO - ASTAR found path: length=2, nodes_expanded=2
2025-11-16 14:36:14,007 - INFO - ASTAR found path: length=26, nodes_expanded=154
2025-11-16 14:36:14,174 - INFO - ASTAR found path: length=25, nodes_expanded=153
2025-11-16 14:36:14,341 - INFO - ASTAR found path: length=24, nodes_expanded=136
2025-11-16 14:36:14,508 - INFO - ASTAR found path: length=23, nodes_expanded=119
2025-11-16 14:36:14,674 - INFO - ASTAR found path: length=22, nodes_expanded=102
2025-11-16 14:36:14,840 - INFO - ASTAR found path: length=21, nodes_expanded=85
2025-11-16 14:36:15,007 - INFO - ASTAR found path: length=20, nodes_expanded=68
2025-11-16 14:36:15,173 - INFO - ASTAR found path: length=19, nodes_expanded=51
2025-11-16 14:36:15,339 - INFO - ASTAR found path: length=18, nodes_expanded=34
2025-11-16 14:36:15,506 - INFO - ASTAR found path: length=17, nodes_expanded=17
2025-11-16 14:36:15,672 - INFO - ASTAR found path: length=16, nodes_expanded=16
2025-11-16 14:36:15,839 - INFO - ASTAR found path: length=15, nodes_expanded=15
2025-11-16 14:36:16,005 - INFO - ASTAR found path: length=14, nodes_expanded=14
2025-11-16 14:36:16,171 - INFO - ASTAR found path: length=13, nodes_expanded=13
2025-11-16 14:36:16,338 - INFO - ASTAR found path: length=12, nodes_expanded=12
2025-11-16 14:36:16,505 - INFO - ASTAR found path: length=11, nodes_expanded=11
2025-11-16 14:36:16,671 - INFO - ASTAR found path: length=10, nodes_expanded=10
2025-11-16 14:36:16,839 - INFO - ASTAR found path: length=9, nodes_expanded=9
2025-11-16 14:36:17,006 - INFO - ASTAR found path: length=8, nodes_expanded=8
2025-11-16 14:36:17,173 - INFO - ASTAR found path: length=7, nodes_expanded=7
2025-11-16 14:36:17,339 - INFO - ASTAR found path: length=6, nodes_expanded=6
2025-11-16 14:36:17,506 - INFO - ASTAR found path: length=5, nodes_expanded=5
2025-11-16 14:36:17,672 - INFO - ASTAR found path: length=4, nodes_expanded=4
2025-11-16 14:36:17,839 - INFO - ASTAR found path: length=3, nodes_expanded=3
2025-11-16 14:36:18,005 - INFO - ASTAR found path: length=2, nodes_expanded=2
2025-11-16 14:36:18,172 - INFO - ASTAR found path: length=18, nodes_expanded=57
2025-11-16 14:36:18,338 - INFO - ASTAR found path: length=17, nodes_expanded=56
2025-11-16 14:36:18,505 - INFO - ASTAR found path: length=16, nodes_expanded=52
2025-11-16 14:36:18,672 - INFO - ASTAR found path: length=15, nodes_expanded=48
2025-11-16 14:36:18,839 - INFO - ASTAR found path: length=14, nodes_expanded=44
2025-11-16 14:36:19,006 - INFO - ASTAR found path: length=13, nodes_expanded=40
2025-11-16 14:36:19,173 - INFO - ASTAR found path: length=12, nodes_expanded=36
2025-11-16 14:36:19,339 - INFO - ASTAR found path: length=11, nodes_expanded=32
2025-11-16 14:36:19,506 - INFO - ASTAR found path: length=10, nodes_expanded=28
2025-11-16 14:36:19,673 - INFO - ASTAR found path: length=9, nodes_expanded=24
2025-11-16 14:36:19,840 - INFO - ASTAR found path: length=8, nodes_expanded=20
2025-11-16 14:36:20,006 - INFO - ASTAR found path: length=7, nodes_expanded=16
2025-11-16 14:36:20,172 - INFO - ASTAR found path: length=6, nodes_expanded=12
2025-11-16 14:36:20,338 - INFO - ASTAR found path: length=5, nodes_expanded=8
2025-11-16 14:36:20,505 - INFO - ASTAR found path: length=4, nodes_expanded=4
2025-11-16 14:36:20,671 - INFO - ASTAR found path: length=3, nodes_expanded=3
2025-11-16 14:36:20,837 - INFO - ASTAR found path: length=2, nodes_expanded=2
2025-11-16 14:36:21,005 - INFO - ASTAR found path: length=20, nodes_expanded=98
2025-11-16 14:36:21,170 - INFO - ASTAR found path: length=19, nodes_expanded=91
2025-11-16 14:36:21,336 - INFO - ASTAR found path: length=18, nodes_expanded=84
2025-11-16 14:36:21,502 - INFO - ASTAR found path: length=17, nodes_expanded=77
2025-11-16 14:36:21,669 - INFO - ASTAR found path: length=16, nodes_expanded=70
2025-11-16 14:36:21,835 - INFO - ASTAR found path: length=15, nodes_expanded=63
2025-11-16 14:36:22,001 - INFO - ASTAR found path: length=14, nodes_expanded=56
2025-11-16 14:36:22,168 - INFO - ASTAR found path: length=13, nodes_expanded=49
2025-11-16 14:36:22,335 - INFO - ASTAR found path: length=12, nodes_expanded=42
2025-11-16 14:36:22,501 - INFO - Speed adjusted to: 7 FPS
2025-11-16 14:36:22,502 - INFO - ASTAR found path: length=11, nodes_expanded=35
2025-11-16 14:36:22,644 - INFO - ASTAR found path: length=10, nodes_expanded=28
2025-11-16 14:36:22,787 - INFO - Speed adjusted to: 8 FPS
2025-11-16 14:36:22,787 - INFO - ASTAR found path: length=9, nodes_expanded=21
2025-11-16 14:36:22,912 - INFO - Speed adjusted to: 9 FPS
2025-11-16 14:36:22,912 - INFO - ASTAR found path: length=8, nodes_expanded=14
2025-11-16 14:36:23,023 - INFO - ASTAR found path: length=7, nodes_expanded=7
2025-11-16 14:36:23,135 - INFO - Speed adjusted to: 10 FPS
2025-11-16 14:36:23,135 - INFO - ASTAR found path: length=6, nodes_expanded=6
2025-11-16 14:36:23,236 - INFO - Speed adjusted to: 11 FPS
2025-11-16 14:36:23,236 - INFO - ASTAR found path: length=5, nodes_expanded=5
2025-11-16 14:36:23,326 - INFO - ASTAR found path: length=4, nodes_expanded=4
2025-11-16 14:36:23,417 - INFO - Speed adjusted to: 12 FPS
2025-11-16 14:36:23,417 - INFO - ASTAR found path: length=3, nodes_expanded=3
2025-11-16 14:36:23,500 - INFO - ASTAR found path: length=2, nodes_expanded=2
2025-11-16 14:36:23,583 - INFO - Speed adjusted to: 13 FPS
2025-11-16 14:36:23,583 - INFO - ASTAR found path: length=11, nodes_expanded=27
2025-11-16 14:36:23,661 - INFO - ASTAR found path: length=10, nodes_expanded=18
2025-11-16 14:36:23,737 - INFO - Speed adjusted to: 14 FPS
2025-11-16 14:36:23,737 - INFO - ASTAR found path: length=9, nodes_expanded=9
2025-11-16 14:36:23,808 - INFO - ASTAR found path: length=8, nodes_expanded=8
2025-11-16 14:36:23,880 - INFO - ASTAR found path: length=7, nodes_expanded=7
2025-11-16 14:36:23,952 - INFO - Speed adjusted to: 15 FPS
2025-11-16 14:36:23,953 - INFO - ASTAR found path: length=6, nodes_expanded=6
2025-11-16 14:36:24,019 - INFO - Speed adjusted to: 16 FPS
2025-11-16 14:36:24,020 - INFO - ASTAR found path: length=5, nodes_expanded=5
2025-11-16 14:36:24,082 - INFO - ASTAR found path: length=4, nodes_expanded=4
2025-11-16 14:36:24,145 - INFO - ASTAR found path: length=3, nodes_expanded=3
2025-11-16 14:36:24,208 - INFO - Speed adjusted to: 17 FPS
2025-11-16 14:36:24,208 - INFO - ASTAR found path: length=2, nodes_expanded=2
2025-11-16 14:36:24,267 - INFO - ASTAR found path: length=17, nodes_expanded=31
2025-11-16 14:36:24,325 - INFO - Speed adjusted to: 18 FPS
2025-11-16 14:36:24,325 - INFO - ASTAR found path: length=16, nodes_expanded=21
2025-11-16 14:36:24,381 - INFO - ASTAR found path: length=15, nodes_expanded=20
2025-11-16 14:36:24,437 - INFO - Speed adjusted to: 19 FPS
2025-11-16 14:36:24,437 - INFO - ASTAR found path: length=14, nodes_expanded=19
2025-11-16 14:36:24,489 - INFO - ASTAR found path: length=13, nodes_expanded=18
2025-11-16 14:36:24,541 - INFO - ASTAR found path: length=12, nodes_expanded=17
2025-11-16 14:36:24,593 - INFO - Speed adjusted to: 20 FPS
2025-11-16 14:36:24,593 - INFO - ASTAR found path: length=11, nodes_expanded=16
2025-11-16 14:36:24,643 - INFO - ASTAR found path: length=10, nodes_expanded=15
2025-11-16 14:36:24,694 - INFO - Speed adjusted to: 21 FPS
2025-11-16 14:36:24,694 - INFO - ASTAR found path: length=9, nodes_expanded=14
2025-11-16 14:36:24,741 - INFO - ASTAR found path: length=8, nodes_expanded=13
2025-11-16 14:36:24,788 - INFO - ASTAR found path: length=7, nodes_expanded=12
2025-11-16 14:36:24,836 - INFO - Speed adjusted to: 22 FPS
2025-11-16 14:36:24,836 - INFO - ASTAR found path: length=6, nodes_expanded=6
2025-11-16 14:36:24,883 - INFO - ASTAR found path: length=5, nodes_expanded=5
2025-11-16 14:36:24,929 - INFO - ASTAR found path: length=4, nodes_expanded=4
2025-11-16 14:36:24,974 - INFO - Speed adjusted to: 23 FPS
2025-11-16 14:36:24,975 - INFO - ASTAR found path: length=3, nodes_expanded=3
2025-11-16 14:36:25,017 - INFO - ASTAR found path: length=2, nodes_expanded=2
2025-11-16 14:36:25,060 - INFO - ASTAR found path: length=20, nodes_expanded=76
2025-11-16 14:36:25,103 - INFO - Speed adjusted to: 24 FPS
2025-11-16 14:36:25,104 - INFO - ASTAR found path: length=19, nodes_expanded=75
2025-11-16 14:36:25,146 - INFO - ASTAR found path: length=18, nodes_expanded=70
2025-11-16 14:36:25,188 - INFO - ASTAR found path: length=17, nodes_expanded=65
2025-11-16 14:36:25,230 - INFO - ASTAR found path: length=16, nodes_expanded=60
2025-11-16 14:36:25,271 - INFO - Speed adjusted to: 25 FPS
2025-11-16 14:36:25,272 - INFO - ASTAR found path: length=15, nodes_expanded=55
2025-11-16 14:36:25,312 - INFO - ASTAR found path: length=14, nodes_expanded=50
2025-11-16 14:36:25,353 - INFO - ASTAR found path: length=13, nodes_expanded=45
2025-11-16 14:36:25,394 - INFO - ASTAR found path: length=12, nodes_expanded=40
2025-11-16 14:36:25,435 - INFO - Speed adjusted to: 26 FPS
2025-11-16 14:36:25,435 - INFO - ASTAR found path: length=11, nodes_expanded=35
2025-11-16 14:36:25,473 - INFO - ASTAR found path: length=10, nodes_expanded=30
2025-11-16 14:36:25,511 - INFO - ASTAR found path: length=9, nodes_expanded=25
2025-11-16 14:36:25,549 - INFO - ASTAR found path: length=8, nodes_expanded=20
2025-11-16 14:36:25,588 - INFO - Speed adjusted to: 27 FPS
2025-11-16 14:36:25,588 - INFO - ASTAR found path: length=7, nodes_expanded=15
2025-11-16 14:36:25,626 - INFO - ASTAR found path: length=6, nodes_expanded=10
2025-11-16 14:36:25,663 - INFO - ASTAR found path: length=5, nodes_expanded=5
2025-11-16 14:36:25,700 - INFO - ASTAR found path: length=4, nodes_expanded=4
2025-11-16 14:36:25,737 - INFO - Speed adjusted to: 28 FPS
2025-11-16 14:36:25,738 - INFO - ASTAR found path: length=3, nodes_expanded=3
2025-11-16 14:36:25,773 - INFO - ASTAR found path: length=2, nodes_expanded=2
2025-11-16 14:36:25,809 - INFO - ASTAR found path: length=22, nodes_expanded=132
2025-11-16 14:36:25,845 - INFO - ASTAR found path: length=21, nodes_expanded=121
2025-11-16 14:36:25,881 - INFO - ASTAR found path: length=20, nodes_expanded=110
2025-11-16 14:36:25,916 - INFO - Speed adjusted to: 29 FPS
2025-11-16 14:36:25,917 - INFO - ASTAR found path: length=19, nodes_expanded=99
2025-11-16 14:36:25,951 - INFO - ASTAR found path: length=18, nodes_expanded=88
2025-11-16 14:36:25,985 - INFO - ASTAR found path: length=17, nodes_expanded=77
2025-11-16 14:36:26,019 - INFO - ASTAR found path: length=16, nodes_expanded=66
2025-11-16 14:36:26,053 - INFO - ASTAR found path: length=15, nodes_expanded=55
2025-11-16 14:36:26,088 - INFO - ASTAR found path: length=14, nodes_expanded=44
2025-11-16 14:36:26,123 - INFO - ASTAR found path: length=13, nodes_expanded=33
2025-11-16 14:36:26,159 - INFO - ASTAR found path: length=12, nodes_expanded=22
2025-11-16 14:36:26,194 - INFO - ASTAR found path: length=11, nodes_expanded=11
2025-11-16 14:36:26,229 - INFO - Speed adjusted to: 28 FPS
2025-11-16 14:36:26,229 - INFO - ASTAR found path: length=10, nodes_expanded=10
2025-11-16 14:36:26,265 - INFO - ASTAR found path: length=9, nodes_expanded=9
2025-11-16 14:36:26,301 - INFO - ASTAR found path: length=8, nodes_expanded=8
2025-11-16 14:36:26,336 - INFO - Speed adjusted to: 27 FPS
2025-11-16 14:36:26,337 - INFO - ASTAR found path: length=7, nodes_expanded=7
2025-11-16 14:36:26,375 - INFO - ASTAR found path: length=6, nodes_expanded=6
2025-11-16 14:36:26,412 - INFO - ASTAR found path: length=5, nodes_expanded=5
2025-11-16 14:36:26,449 - INFO - ASTAR found path: length=4, nodes_expanded=4
2025-11-16 14:36:26,486 - INFO - Speed adjusted to: 26 FPS
2025-11-16 14:36:26,486 - INFO - ASTAR found path: length=3, nodes_expanded=3
2025-11-16 14:36:26,524 - INFO - ASTAR found path: length=2, nodes_expanded=2
2025-11-16 14:36:26,563 - INFO - ASTAR found path: length=16, nodes_expanded=64
2025-11-16 14:36:26,602 - INFO - ASTAR found path: length=15, nodes_expanded=63
2025-11-16 14:36:26,640 - INFO - Speed adjusted to: 25 FPS
2025-11-16 14:36:26,640 - INFO - ASTAR found path: length=14, nodes_expanded=54
2025-11-16 14:36:26,680 - INFO - ASTAR found path: length=13, nodes_expanded=45
2025-11-16 14:36:26,720 - INFO - ASTAR found path: length=12, nodes_expanded=36
2025-11-16 14:36:26,760 - INFO - ASTAR found path: length=11, nodes_expanded=27
2025-11-16 14:36:26,800 - INFO - Speed adjusted to: 24 FPS
2025-11-16 14:36:26,800 - INFO - ASTAR found path: length=10, nodes_expanded=18
2025-11-16 14:36:26,842 - INFO - ASTAR found path: length=9, nodes_expanded=9
2025-11-16 14:36:26,883 - INFO - ASTAR found path: length=8, nodes_expanded=8
2025-11-16 14:36:26,925 - INFO - ASTAR found path: length=7, nodes_expanded=7
2025-11-16 14:36:26,967 - INFO - Speed adjusted to: 23 FPS
2025-11-16 14:36:26,967 - INFO - ASTAR found path: length=6, nodes_expanded=6
2025-11-16 14:36:27,010 - INFO - ASTAR found path: length=5, nodes_expanded=5
2025-11-16 14:36:27,053 - INFO - ASTAR found path: length=4, nodes_expanded=4
2025-11-16 14:36:27,096 - INFO - Speed adjusted to: 22 FPS
2025-11-16 14:36:27,096 - INFO - ASTAR found path: length=3, nodes_expanded=3
2025-11-16 14:36:27,142 - INFO - ASTAR found path: length=2, nodes_expanded=2
2025-11-16 14:36:27,188 - INFO - ASTAR found path: length=17, nodes_expanded=31
2025-11-16 14:36:27,234 - INFO - Speed adjusted to: 21 FPS
2025-11-16 14:36:27,234 - INFO - ASTAR found path: length=16, nodes_expanded=30
2025-11-16 14:36:27,281 - INFO - ASTAR found path: length=15, nodes_expanded=28
2025-11-16 14:36:27,328 - INFO - ASTAR found path: length=14, nodes_expanded=26
2025-11-16 14:36:27,375 - INFO - ASTAR found path: length=13, nodes_expanded=24
2025-11-16 14:36:27,422 - INFO - Speed adjusted to: 20 FPS
2025-11-16 14:36:27,423 - INFO - ASTAR found path: length=12, nodes_expanded=22
2025-11-16 14:36:27,473 - INFO - ASTAR found path: length=11, nodes_expanded=20
2025-11-16 14:36:27,523 - INFO - ASTAR found path: length=10, nodes_expanded=18
2025-11-16 14:36:27,574 - INFO - Speed adjusted to: 19 FPS
2025-11-16 14:36:27,574 - INFO - ASTAR found path: length=9, nodes_expanded=16
2025-11-16 14:36:27,627 - INFO - ASTAR found path: length=8, nodes_expanded=14
2025-11-16 14:36:27,679 - INFO - ASTAR found path: length=7, nodes_expanded=12
2025-11-16 14:36:27,733 - INFO - Speed adjusted to: 18 FPS
2025-11-16 14:36:27,734 - INFO - ASTAR found path: length=6, nodes_expanded=10
2025-11-16 14:36:27,789 - INFO - ASTAR found path: length=5, nodes_expanded=8
2025-11-16 14:36:27,845 - INFO - Speed adjusted to: 17 FPS
2025-11-16 14:36:27,845 - INFO - ASTAR found path: length=4, nodes_expanded=6
2025-11-16 14:36:27,904 - INFO - ASTAR found path: length=3, nodes_expanded=4
2025-11-16 14:36:27,964 - INFO - ASTAR found path: length=2, nodes_expanded=2
2025-11-16 14:36:28,021 - INFO - Speed adjusted to: 16 FPS
2025-11-16 14:36:28,022 - INFO - ASTAR found path: length=19, nodes_expanded=89
2025-11-16 14:36:28,083 - INFO - ASTAR found path: length=18, nodes_expanded=74
2025-11-16 14:36:28,145 - INFO - ASTAR found path: length=17, nodes_expanded=73
2025-11-16 14:36:28,207 - INFO - Speed adjusted to: 15 FPS
2025-11-16 14:36:28,208 - INFO - ASTAR found path: length=16, nodes_expanded=72
2025-11-16 14:36:28,276 - INFO - ASTAR found path: length=15, nodes_expanded=63
2025-11-16 14:36:28,342 - INFO - ASTAR found path: length=14, nodes_expanded=54
2025-11-16 14:36:28,408 - INFO - ASTAR found path: length=13, nodes_expanded=45
2025-11-16 14:36:28,475 - INFO - ASTAR found path: length=12, nodes_expanded=36
2025-11-16 14:36:28,541 - INFO - ASTAR found path: length=11, nodes_expanded=27
2025-11-16 14:36:28,608 - INFO - ASTAR found path: length=10, nodes_expanded=18
2025-11-16 14:36:28,675 - INFO - ASTAR found path: length=9, nodes_expanded=9
2025-11-16 14:36:28,741 - INFO - ASTAR found path: length=8, nodes_expanded=8
2025-11-16 14:36:28,807 - INFO - ASTAR found path: length=7, nodes_expanded=7
2025-11-16 14:36:28,874 - INFO - ASTAR found path: length=6, nodes_expanded=6
2025-11-16 14:36:28,941 - INFO - ASTAR found path: length=5, nodes_expanded=5
2025-11-16 14:36:29,007 - INFO - ASTAR found path: length=4, nodes_expanded=4
2025-11-16 14:36:29,074 - INFO - ASTAR found path: length=3, nodes_expanded=3
2025-11-16 14:36:29,140 - INFO - ASTAR found path: length=2, nodes_expanded=2
2025-11-16 14:36:29,206 - INFO - ASTAR found path: length=6, nodes_expanded=10
2025-11-16 14:36:29,272 - INFO - ASTAR found path: length=5, nodes_expanded=9
2025-11-16 14:36:29,338 - INFO - ASTAR found path: length=4, nodes_expanded=6
2025-11-16 14:36:29,405 - INFO - ASTAR found path: length=3, nodes_expanded=3
2025-11-16 14:36:29,471 - INFO - Speed adjusted to: 14 FPS
2025-11-16 14:36:29,472 - INFO - ASTAR found path: length=2, nodes_expanded=2
2025-11-16 14:36:29,542 - INFO - ASTAR found path: length=19, nodes_expanded=57
2025-11-16 14:36:29,613 - INFO - ASTAR found path: length=18, nodes_expanded=50
2025-11-16 14:36:29,685 - INFO - ASTAR found path: length=17, nodes_expanded=43
2025-11-16 14:36:29,756 - INFO - ASTAR found path: length=16, nodes_expanded=37
2025-11-16 14:36:29,827 - INFO - ASTAR found path: length=15, nodes_expanded=31
2025-11-16 14:36:29,899 - INFO - ASTAR found path: length=12, nodes_expanded=12
2025-11-16 14:36:29,972 - INFO - ASTAR found path: length=11, nodes_expanded=11
2025-11-16 14:36:30,043 - INFO - ASTAR found path: length=10, nodes_expanded=10
2025-11-16 14:36:30,115 - INFO - ASTAR found path: length=9, nodes_expanded=9
2025-11-16 14:36:30,187 - INFO - ASTAR found path: length=8, nodes_expanded=8
2025-11-16 14:36:30,258 - INFO - ASTAR found path: length=7, nodes_expanded=7
2025-11-16 14:36:30,329 - INFO - ASTAR found path: length=6, nodes_expanded=6
2025-11-16 14:36:30,400 - INFO - ASTAR found path: length=5, nodes_expanded=5
2025-11-16 14:36:30,472 - INFO - ASTAR found path: length=4, nodes_expanded=4
2025-11-16 14:36:30,543 - INFO - ASTAR found path: length=3, nodes_expanded=3
2025-11-16 14:36:30,614 - INFO - ASTAR found path: length=2, nodes_expanded=2
2025-11-16 14:36:30,685 - INFO - ASTAR found path: length=5, nodes_expanded=9
2025-11-16 14:36:30,756 - INFO - ASTAR found path: length=4, nodes_expanded=6
2025-11-16 14:36:30,827 - INFO - ASTAR found path: length=3, nodes_expanded=3
2025-11-16 14:36:30,898 - INFO - ASTAR found path: length=2, nodes_expanded=2
2025-11-16 14:36:30,970 - INFO - Speed adjusted to: 13 FPS
2025-11-16 14:36:30,971 - INFO - ASTAR found path: length=20, nodes_expanded=76
2025-11-16 14:36:31,047 - INFO - ASTAR found path: length=19, nodes_expanded=75
2025-11-16 14:36:31,124 - INFO - ASTAR found path: length=18, nodes_expanded=70
2025-11-16 14:36:31,201 - INFO - ASTAR found path: length=17, nodes_expanded=65
2025-11-16 14:36:31,276 - INFO - ASTAR found path: length=16, nodes_expanded=60
2025-11-16 14:36:31,353 - INFO - ASTAR found path: length=15, nodes_expanded=55
2025-11-16 14:36:31,430 - INFO - ASTAR found path: length=14, nodes_expanded=50
2025-11-16 14:36:31,507 - INFO - ASTAR found path: length=13, nodes_expanded=45
2025-11-16 14:36:31,584 - INFO - ASTAR found path: length=12, nodes_expanded=40
2025-11-16 14:36:31,660 - INFO - ASTAR found path: length=11, nodes_expanded=35
2025-11-16 14:36:31,736 - INFO - ASTAR found path: length=10, nodes_expanded=30
2025-11-16 14:36:31,814 - INFO - ASTAR found path: length=9, nodes_expanded=25
2025-11-16 14:36:31,891 - INFO - ASTAR found path: length=8, nodes_expanded=20
2025-11-16 14:36:31,967 - INFO - ASTAR found path: length=7, nodes_expanded=15
2025-11-16 14:36:32,044 - INFO - ASTAR found path: length=6, nodes_expanded=10
2025-11-16 14:36:32,121 - INFO - ASTAR found path: length=5, nodes_expanded=5
2025-11-16 14:36:32,197 - INFO - ASTAR found path: length=4, nodes_expanded=4
2025-11-16 14:36:32,274 - INFO - ASTAR found path: length=3, nodes_expanded=3
2025-11-16 14:36:32,350 - INFO - ASTAR found path: length=2, nodes_expanded=2
2025-11-16 14:36:32,427 - INFO - ASTAR found path: length=16, nodes_expanded=66
2025-11-16 14:36:32,504 - INFO - ASTAR found path: length=15, nodes_expanded=60
2025-11-16 14:36:32,581 - INFO - ASTAR found path: length=14, nodes_expanded=54
2025-11-16 14:36:32,657 - INFO - ASTAR found path: length=13, nodes_expanded=48
2025-11-16 14:36:32,734 - INFO - ASTAR found path: length=12, nodes_expanded=42
2025-11-16 14:36:32,811 - INFO - ASTAR found path: length=11, nodes_expanded=36
2025-11-16 14:36:32,887 - INFO - ASTAR found path: length=10, nodes_expanded=30
2025-11-16 14:36:32,963 - INFO - ASTAR found path: length=9, nodes_expanded=24
2025-11-16 14:36:33,040 - INFO - ASTAR found path: length=8, nodes_expanded=18
2025-11-16 14:36:33,116 - INFO - ASTAR found path: length=7, nodes_expanded=12
2025-11-16 14:36:33,193 - INFO - ASTAR found path: length=6, nodes_expanded=6
2025-11-16 14:36:33,270 - INFO - ASTAR found path: length=5, nodes_expanded=5
2025-11-16 14:36:33,346 - INFO - ASTAR found path: length=4, nodes_expanded=4
2025-11-16 14:36:33,422 - INFO - ASTAR found path: length=3, nodes_expanded=3
2025-11-16 14:36:33,499 - INFO - ASTAR found path: length=2, nodes_expanded=2
2025-11-16 14:36:33,576 - INFO - ASTAR found path: length=19, nodes_expanded=85
2025-11-16 14:36:33,653 - INFO - ASTAR found path: length=18, nodes_expanded=84
2025-11-16 14:36:33,730 - INFO - ASTAR found path: length=17, nodes_expanded=72
2025-11-16 14:36:33,805 - INFO - ASTAR found path: length=16, nodes_expanded=60
2025-11-16 14:36:33,882 - INFO - ASTAR found path: length=15, nodes_expanded=48
2025-11-16 14:36:33,959 - INFO - ASTAR found path: length=14, nodes_expanded=36
2025-11-16 14:36:34,036 - INFO - ASTAR found path: length=13, nodes_expanded=24
2025-11-16 14:36:34,112 - INFO - ASTAR found path: length=12, nodes_expanded=12
2025-11-16 14:36:34,188 - INFO - ASTAR found path: length=11, nodes_expanded=11
2025-11-16 14:36:34,264 - INFO - ASTAR found path: length=10, nodes_expanded=10
2025-11-16 14:36:34,341 - INFO - ASTAR found path: length=9, nodes_expanded=9
2025-11-16 14:36:34,417 - INFO - ASTAR found path: length=8, nodes_expanded=8
2025-11-16 14:36:34,494 - INFO - ASTAR found path: length=7, nodes_expanded=7
2025-11-16 14:36:34,572 - INFO - ASTAR found path: length=6, nodes_expanded=6
2025-11-16 14:36:34,649 - INFO - ASTAR found path: length=5, nodes_expanded=5
2025-11-16 14:36:34,725 - INFO - ASTAR found path: length=4, nodes_expanded=4
2025-11-16 14:36:34,801 - INFO - ASTAR found path: length=3, nodes_expanded=3
2025-11-16 14:36:34,877 - INFO - ASTAR found path: length=2, nodes_expanded=2
2025-11-16 14:36:34,954 - INFO - ASTAR found path: length=28, nodes_expanded=168
2025-11-16 14:36:35,030 - INFO - ASTAR found path: length=27, nodes_expanded=60
2025-11-16 14:36:35,107 - INFO - ASTAR found path: length=26, nodes_expanded=59
2025-11-16 14:36:35,183 - INFO - ASTAR found path: length=25, nodes_expanded=58
2025-11-16 14:36:35,260 - INFO - ASTAR found path: length=24, nodes_expanded=57
2025-11-16 14:36:35,336 - INFO - ASTAR found path: length=23, nodes_expanded=56
2025-11-16 14:36:35,413 - INFO - ASTAR found path: length=22, nodes_expanded=55
2025-11-16 14:36:35,490 - INFO - ASTAR found path: length=21, nodes_expanded=54
2025-11-16 14:36:35,566 - INFO - ASTAR found path: length=20, nodes_expanded=53
2025-11-16 14:36:35,643 - INFO - ASTAR found path: length=19, nodes_expanded=52
2025-11-16 14:36:35,720 - INFO - ASTAR found path: length=18, nodes_expanded=51
2025-11-16 14:36:35,796 - INFO - ASTAR found path: length=17, nodes_expanded=50
2025-11-16 14:36:35,873 - INFO - ASTAR found path: length=16, nodes_expanded=49
2025-11-16 14:36:35,950 - INFO - ASTAR found path: length=15, nodes_expanded=48
2025-11-16 14:36:36,027 - INFO - ASTAR found path: length=14, nodes_expanded=44
2025-11-16 14:36:36,104 - INFO - ASTAR found path: length=13, nodes_expanded=40
2025-11-16 14:36:36,182 - INFO - ASTAR found path: length=12, nodes_expanded=36
2025-11-16 14:36:36,258 - INFO - ASTAR found path: length=11, nodes_expanded=32
2025-11-16 14:36:36,335 - INFO - ASTAR found path: length=10, nodes_expanded=28
2025-11-16 14:36:36,411 - INFO - ASTAR found path: length=9, nodes_expanded=24
2025-11-16 14:36:36,488 - INFO - ASTAR found path: length=8, nodes_expanded=20
2025-11-16 14:36:36,565 - INFO - ASTAR found path: length=7, nodes_expanded=16
2025-11-16 14:36:36,642 - INFO - ASTAR found path: length=6, nodes_expanded=12
2025-11-16 14:36:36,718 - INFO - ASTAR found path: length=5, nodes_expanded=8
2025-11-16 14:36:36,794 - INFO - ASTAR found path: length=4, nodes_expanded=4
2025-11-16 14:36:36,871 - INFO - ASTAR found path: length=3, nodes_expanded=3
2025-11-16 14:36:36,947 - INFO - ASTAR found path: length=2, nodes_expanded=2
2025-11-16 14:36:37,024 - INFO - ASTAR found path: length=21, nodes_expanded=111
2025-11-16 14:36:37,100 - INFO - ASTAR found path: length=20, nodes_expanded=70
2025-11-16 14:36:37,177 - INFO - ASTAR found path: length=19, nodes_expanded=69
2025-11-16 14:36:37,253 - INFO - ASTAR found path: length=18, nodes_expanded=68
2025-11-16 14:36:37,330 - INFO - ASTAR found path: length=17, nodes_expanded=67
2025-11-16 14:36:37,407 - INFO - ASTAR found path: length=16, nodes_expanded=66
2025-11-16 14:36:37,484 - INFO - ASTAR found path: length=15, nodes_expanded=60
2025-11-16 14:36:37,560 - INFO - ASTAR found path: length=14, nodes_expanded=54
2025-11-16 14:36:37,636 - INFO - ASTAR found path: length=13, nodes_expanded=48
2025-11-16 14:36:37,713 - INFO - ASTAR found path: length=12, nodes_expanded=42
2025-11-16 14:36:37,789 - INFO - ASTAR found path: length=11, nodes_expanded=36
2025-11-16 14:36:37,866 - INFO - ASTAR found path: length=10, nodes_expanded=30
2025-11-16 14:36:37,943 - INFO - ASTAR found path: length=9, nodes_expanded=24
2025-11-16 14:36:38,019 - INFO - ASTAR found path: length=8, nodes_expanded=18
2025-11-16 14:36:38,095 - INFO - ASTAR found path: length=7, nodes_expanded=12
2025-11-16 14:36:38,172 - INFO - ASTAR found path: length=6, nodes_expanded=6
2025-11-16 14:36:38,248 - INFO - ASTAR found path: length=5, nodes_expanded=5
2025-11-16 14:36:38,325 - INFO - ASTAR found path: length=4, nodes_expanded=4
2025-11-16 14:36:38,401 - INFO - ASTAR found path: length=3, nodes_expanded=3
2025-11-16 14:36:38,478 - INFO - ASTAR found path: length=2, nodes_expanded=2
2025-11-16 14:36:38,555 - INFO - ASTAR found path: length=15, nodes_expanded=63
2025-11-16 14:36:38,631 - INFO - ASTAR found path: length=14, nodes_expanded=56
2025-11-16 14:36:38,707 - INFO - ASTAR found path: length=13, nodes_expanded=49
2025-11-16 14:36:38,783 - INFO - ASTAR found path: length=12, nodes_expanded=42
2025-11-16 14:36:38,859 - INFO - ASTAR found path: length=11, nodes_expanded=35
2025-11-16 14:36:38,935 - INFO - ASTAR found path: length=10, nodes_expanded=28
2025-11-16 14:36:39,011 - INFO - ASTAR found path: length=9, nodes_expanded=21
2025-11-16 14:36:39,088 - INFO - ASTAR found path: length=8, nodes_expanded=14
2025-11-16 14:36:39,164 - INFO - ASTAR found path: length=7, nodes_expanded=7
2025-11-16 14:36:39,240 - INFO - ASTAR found path: length=6, nodes_expanded=6
2025-11-16 14:36:39,316 - INFO - ASTAR found path: length=5, nodes_expanded=5
2025-11-16 14:36:39,393 - INFO - ASTAR found path: length=4, nodes_expanded=4
2025-11-16 14:36:39,469 - INFO - ASTAR found path: length=3, nodes_expanded=3
2025-11-16 14:36:39,546 - INFO - ASTAR found path: length=2, nodes_expanded=2
2025-11-16 14:36:39,623 - INFO - ASTAR found path: length=23, nodes_expanded=103
2025-11-16 14:36:39,701 - INFO - ASTAR found path: length=22, nodes_expanded=102
2025-11-16 14:36:39,776 - INFO - ASTAR found path: length=21, nodes_expanded=91
2025-11-16 14:36:39,852 - INFO - ASTAR found path: length=20, nodes_expanded=80
2025-11-16 14:36:39,929 - INFO - ASTAR found path: length=19, nodes_expanded=64
2025-11-16 14:36:40,006 - INFO - ASTAR found path: length=18, nodes_expanded=48
2025-11-16 14:36:40,083 - INFO - ASTAR found path: length=17, nodes_expanded=32
2025-11-16 14:36:40,159 - INFO - ASTAR found path: length=16, nodes_expanded=16
2025-11-16 14:36:40,236 - INFO - ASTAR found path: length=15, nodes_expanded=15
2025-11-16 14:36:40,312 - INFO - ASTAR found path: length=14, nodes_expanded=14
2025-11-16 14:36:40,390 - INFO - ASTAR found path: length=13, nodes_expanded=13
2025-11-16 14:36:40,466 - INFO - ASTAR found path: length=12, nodes_expanded=12
2025-11-16 14:36:40,543 - INFO - ASTAR found path: length=11, nodes_expanded=11
2025-11-16 14:36:40,619 - INFO - ASTAR found path: length=10, nodes_expanded=10
2025-11-16 14:36:40,696 - INFO - ASTAR found path: length=9, nodes_expanded=9
2025-11-16 14:36:40,772 - INFO - ASTAR found path: length=8, nodes_expanded=8
2025-11-16 14:36:40,849 - INFO - ASTAR found path: length=7, nodes_expanded=7
2025-11-16 14:36:40,925 - INFO - ASTAR found path: length=6, nodes_expanded=6
2025-11-16 14:36:41,002 - INFO - ASTAR found path: length=5, nodes_expanded=5
2025-11-16 14:36:41,078 - INFO - ASTAR found path: length=4, nodes_expanded=4
2025-11-16 14:36:41,154 - INFO - ASTAR found path: length=3, nodes_expanded=3
2025-11-16 14:36:41,231 - INFO - ASTAR found path: length=2, nodes_expanded=2
2025-11-16 14:36:41,308 - INFO - ASTAR found path: length=21, nodes_expanded=81
2025-11-16 14:36:41,384 - INFO - ASTAR found path: length=20, nodes_expanded=80
2025-11-16 14:36:41,461 - INFO - ASTAR found path: length=19, nodes_expanded=75
2025-11-16 14:36:41,538 - INFO - ASTAR found path: length=18, nodes_expanded=70
2025-11-16 14:36:41,615 - INFO - ASTAR found path: length=17, nodes_expanded=65
2025-11-16 14:36:41,692 - INFO - ASTAR found path: length=16, nodes_expanded=60
2025-11-16 14:36:41,768 - INFO - ASTAR found path: length=15, nodes_expanded=55
2025-11-16 14:36:41,844 - INFO - ASTAR found path: length=14, nodes_expanded=50
2025-11-16 14:36:41,920 - INFO - ASTAR found path: length=13, nodes_expanded=45
2025-11-16 14:36:41,996 - INFO - ASTAR found path: length=12, nodes_expanded=40
2025-11-16 14:36:42,074 - INFO - ASTAR found path: length=11, nodes_expanded=35
2025-11-16 14:36:42,150 - INFO - ASTAR found path: length=10, nodes_expanded=30
2025-11-16 14:36:42,227 - INFO - ASTAR found path: length=9, nodes_expanded=25
2025-11-16 14:36:42,304 - INFO - ASTAR found path: length=8, nodes_expanded=20
2025-11-16 14:36:42,381 - INFO - ASTAR found path: length=7, nodes_expanded=15
2025-11-16 14:36:42,457 - INFO - ASTAR found path: length=6, nodes_expanded=10
2025-11-16 14:36:42,534 - INFO - ASTAR found path: length=5, nodes_expanded=5
2025-11-16 14:36:42,610 - INFO - ASTAR found path: length=4, nodes_expanded=4
2025-11-16 14:36:42,686 - INFO - ASTAR found path: length=3, nodes_expanded=3
2025-11-16 14:36:42,762 - INFO - ASTAR found path: length=2, nodes_expanded=2
2025-11-16 14:36:42,840 - INFO - ASTAR found path: length=7, nodes_expanded=7
2025-11-16 14:36:42,918 - INFO - ASTAR found path: length=6, nodes_expanded=6
2025-11-16 14:36:42,995 - INFO - ASTAR found path: length=5, nodes_expanded=5
2025-11-16 14:36:43,072 - INFO - ASTAR found path: length=4, nodes_expanded=4
2025-11-16 14:36:43,149 - INFO - ASTAR found path: length=3, nodes_expanded=3
2025-11-16 14:36:43,226 - INFO - ASTAR found path: length=2, nodes_expanded=2
2025-11-16 14:36:43,302 - INFO - ASTAR found path: length=13, nodes_expanded=45
2025-11-16 14:36:43,380 - INFO - ASTAR found path: length=12, nodes_expanded=40
2025-11-16 14:36:43,456 - INFO - ASTAR found path: length=11, nodes_expanded=35
2025-11-16 14:36:43,533 - INFO - ASTAR found path: length=10, nodes_expanded=30
2025-11-16 14:36:43,610 - INFO - ASTAR found path: length=9, nodes_expanded=25
2025-11-16 14:36:43,686 - INFO - ASTAR found path: length=8, nodes_expanded=20
2025-11-16 14:36:43,764 - INFO - ASTAR found path: length=7, nodes_expanded=15
2025-11-16 14:36:43,840 - INFO - ASTAR found path: length=6, nodes_expanded=10
2025-11-16 14:36:43,917 - INFO - ASTAR found path: length=5, nodes_expanded=5
2025-11-16 14:36:43,994 - INFO - ASTAR found path: length=4, nodes_expanded=4
2025-11-16 14:36:44,071 - INFO - ASTAR found path: length=3, nodes_expanded=3
2025-11-16 14:36:44,147 - INFO - ASTAR found path: length=2, nodes_expanded=2
2025-11-16 14:36:44,224 - INFO - ASTAR found path: length=3, nodes_expanded=3
2025-11-16 14:36:44,300 - INFO - ASTAR found path: length=2, nodes_expanded=2
2025-11-16 14:36:44,376 - INFO - ASTAR found path: length=18, nodes_expanded=54
2025-11-16 14:36:44,453 - INFO - ASTAR found path: length=17, nodes_expanded=35
2025-11-16 14:36:44,530 - INFO - ASTAR found path: length=16, nodes_expanded=34
2025-11-16 14:36:44,607 - INFO - ASTAR found path: length=15, nodes_expanded=33
2025-11-16 14:36:44,683 - INFO - ASTAR found path: length=14, nodes_expanded=32
2025-11-16 14:36:44,759 - INFO - ASTAR found path: length=13, nodes_expanded=31
2025-11-16 14:36:44,836 - INFO - ASTAR found path: length=12, nodes_expanded=30
2025-11-16 14:36:44,913 - INFO - ASTAR found path: length=11, nodes_expanded=29
2025-11-16 14:36:44,989 - INFO - ASTAR found path: length=10, nodes_expanded=28
2025-11-16 14:36:45,065 - INFO - ASTAR found path: length=9, nodes_expanded=21
2025-11-16 14:36:45,141 - INFO - ASTAR found path: length=8, nodes_expanded=14
2025-11-16 14:36:45,217 - INFO - ASTAR found path: length=7, nodes_expanded=7
2025-11-16 14:36:45,293 - INFO - ASTAR found path: length=6, nodes_expanded=6
2025-11-16 14:36:45,369 - INFO - ASTAR found path: length=5, nodes_expanded=5
2025-11-16 14:36:45,445 - INFO - ASTAR found path: length=4, nodes_expanded=4
2025-11-16 14:36:45,522 - INFO - ASTAR found path: length=3, nodes_expanded=3
2025-11-16 14:36:45,598 - INFO - ASTAR found path: length=2, nodes_expanded=2
2025-11-16 14:36:45,675 - INFO - ASTAR found path: length=13, nodes_expanded=49
2025-11-16 14:36:45,752 - INFO - ASTAR found path: length=12, nodes_expanded=42
2025-11-16 14:36:45,829 - INFO - ASTAR found path: length=11, nodes_expanded=35
2025-11-16 14:36:45,906 - INFO - ASTAR found path: length=10, nodes_expanded=28
2025-11-16 14:36:45,983 - INFO - ASTAR found path: length=9, nodes_expanded=21
2025-11-16 14:36:46,059 - INFO - ASTAR found path: length=8, nodes_expanded=14
2025-11-16 14:36:46,137 - INFO - ASTAR found path: length=7, nodes_expanded=7
2025-11-16 14:36:46,213 - INFO - ASTAR found path: length=6, nodes_expanded=6
2025-11-16 14:36:46,290 - INFO - ASTAR found path: length=5, nodes_expanded=5
2025-11-16 14:36:46,367 - INFO - ASTAR found path: length=4, nodes_expanded=4
2025-11-16 14:36:46,444 - INFO - ASTAR found path: length=3, nodes_expanded=3
2025-11-16 14:36:46,521 - INFO - ASTAR found path: length=2, nodes_expanded=2
2025-11-16 14:36:46,598 - INFO - ASTAR found path: length=19, nodes_expanded=67
2025-11-16 14:36:46,673 - INFO - ASTAR found path: length=18, nodes_expanded=66
2025-11-16 14:36:46,749 - INFO - ASTAR found path: length=17, nodes_expanded=60
2025-11-16 14:36:46,825 - INFO - ASTAR found path: length=16, nodes_expanded=54
2025-11-16 14:36:46,903 - INFO - ASTAR found path: length=15, nodes_expanded=48
2025-11-16 14:36:46,980 - INFO - ASTAR found path: length=14, nodes_expanded=42
2025-11-16 14:36:47,056 - INFO - ASTAR found path: length=13, nodes_expanded=36
2025-11-16 14:36:47,133 - INFO - ASTAR found path: length=12, nodes_expanded=30
2025-11-16 14:36:47,209 - INFO - ASTAR found path: length=11, nodes_expanded=20
2025-11-16 14:36:47,286 - INFO - ASTAR found path: length=10, nodes_expanded=10
2025-11-16 14:36:47,363 - INFO - ASTAR found path: length=9, nodes_expanded=9
2025-11-16 14:36:47,439 - INFO - ASTAR found path: length=8, nodes_expanded=8
2025-11-16 14:36:47,516 - INFO - ASTAR found path: length=7, nodes_expanded=7
2025-11-16 14:36:47,592 - INFO - ASTAR found path: length=6, nodes_expanded=6
2025-11-16 14:36:47,670 - INFO - ASTAR found path: length=5, nodes_expanded=5
2025-11-16 14:36:47,747 - INFO - ASTAR found path: length=4, nodes_expanded=4
2025-11-16 14:36:47,824 - INFO - ASTAR found path: length=3, nodes_expanded=3
2025-11-16 14:36:47,900 - INFO - ASTAR found path: length=2, nodes_expanded=2
2025-11-16 14:36:47,977 - INFO - ASTAR found path: length=13, nodes_expanded=37
2025-11-16 14:36:48,053 - INFO - ASTAR found path: length=12, nodes_expanded=36
2025-11-16 14:36:48,129 - INFO - ASTAR found path: length=11, nodes_expanded=27
2025-11-16 14:36:48,206 - INFO - ASTAR found path: length=10, nodes_expanded=18
2025-11-16 14:36:48,282 - INFO - ASTAR found path: length=9, nodes_expanded=9
2025-11-16 14:36:48,359 - INFO - ASTAR found path: length=8, nodes_expanded=8
2025-11-16 14:36:48,437 - INFO - ASTAR found path: length=7, nodes_expanded=7
2025-11-16 14:36:48,513 - INFO - ASTAR found path: length=6, nodes_expanded=6
2025-11-16 14:36:48,590 - INFO - ASTAR found path: length=5, nodes_expanded=5
2025-11-16 14:36:48,666 - INFO - ASTAR found path: length=4, nodes_expanded=4
2025-11-16 14:36:48,744 - INFO - ASTAR found path: length=3, nodes_expanded=3
2025-11-16 14:36:48,821 - INFO - ASTAR found path: length=2, nodes_expanded=2
2025-11-16 14:36:48,898 - INFO - ASTAR found path: length=4, nodes_expanded=4
2025-11-16 14:36:48,975 - INFO - ASTAR found path: length=3, nodes_expanded=3
2025-11-16 14:36:49,052 - INFO - ASTAR found path: length=2, nodes_expanded=2
2025-11-16 14:36:49,129 - INFO - ASTAR found path: length=25, nodes_expanded=50
2025-11-16 14:36:49,206 - INFO - ASTAR found path: length=24, nodes_expanded=49
2025-11-16 14:36:49,283 - INFO - ASTAR found path: length=23, nodes_expanded=48
2025-11-16 14:36:49,360 - INFO - ASTAR found path: length=22, nodes_expanded=47
2025-11-16 14:36:49,436 - INFO - ASTAR found path: length=21, nodes_expanded=46
2025-11-16 14:36:49,512 - INFO - ASTAR found path: length=20, nodes_expanded=26
2025-11-16 14:36:49,589 - INFO - ASTAR found path: length=19, nodes_expanded=25
2025-11-16 14:36:49,665 - INFO - ASTAR found path: length=18, nodes_expanded=24
2025-11-16 14:36:49,741 - INFO - ASTAR found path: length=17, nodes_expanded=23
2025-11-16 14:36:49,818 - INFO - ASTAR found path: length=16, nodes_expanded=22
2025-11-16 14:36:49,894 - INFO - ASTAR found path: length=15, nodes_expanded=21
2025-11-16 14:36:49,971 - INFO - ASTAR found path: length=14, nodes_expanded=20
2025-11-16 14:36:50,047 - INFO - ASTAR found path: length=13, nodes_expanded=19
2025-11-16 14:36:50,124 - INFO - ASTAR found path: length=12, nodes_expanded=18
2025-11-16 14:36:50,201 - INFO - ASTAR found path: length=11, nodes_expanded=17
2025-11-16 14:36:50,278 - INFO - ASTAR found path: length=10, nodes_expanded=16
2025-11-16 14:36:50,355 - INFO - ASTAR found path: length=9, nodes_expanded=15
2025-11-16 14:36:50,431 - INFO - ASTAR found path: length=8, nodes_expanded=14
2025-11-16 14:36:50,509 - INFO - ASTAR found path: length=7, nodes_expanded=12
2025-11-16 14:36:50,585 - INFO - ASTAR found path: length=6, nodes_expanded=10
2025-11-16 14:36:50,663 - INFO - ASTAR found path: length=5, nodes_expanded=8
2025-11-16 14:36:50,740 - INFO - ASTAR found path: length=4, nodes_expanded=6
2025-11-16 14:36:50,817 - INFO - ASTAR found path: length=3, nodes_expanded=4
2025-11-16 14:36:50,893 - INFO - ASTAR found path: length=2, nodes_expanded=2
2025-11-16 14:36:50,970 - INFO - ASTAR found path: length=21, nodes_expanded=117
2025-11-16 14:36:51,047 - INFO - ASTAR found path: length=20, nodes_expanded=108
2025-11-16 14:36:51,123 - INFO - ASTAR found path: length=19, nodes_expanded=99
2025-11-16 14:36:51,200 - INFO - ASTAR found path: length=18, nodes_expanded=90
2025-11-16 14:36:51,277 - INFO - ASTAR found path: length=17, nodes_expanded=81
2025-11-16 14:36:51,353 - INFO - ASTAR found path: length=16, nodes_expanded=72
2025-11-16 14:36:51,429 - INFO - ASTAR found path: length=15, nodes_expanded=63
2025-11-16 14:36:51,505 - INFO - ASTAR found path: length=14, nodes_expanded=54
2025-11-16 14:36:51,582 - INFO - ASTAR found path: length=13, nodes_expanded=45
2025-11-16 14:36:51,658 - INFO - ASTAR found path: length=12, nodes_expanded=36
2025-11-16 14:36:51,735 - INFO - ASTAR found path: length=11, nodes_expanded=27
2025-11-16 14:36:51,811 - INFO - ASTAR found path: length=10, nodes_expanded=18
2025-11-16 14:36:51,887 - INFO - ASTAR found path: length=9, nodes_expanded=9
2025-11-16 14:36:51,965 - INFO - ASTAR found path: length=8, nodes_expanded=8
2025-11-16 14:36:52,041 - INFO - ASTAR found path: length=7, nodes_expanded=7
2025-11-16 14:36:52,118 - INFO - ASTAR found path: length=6, nodes_expanded=6
2025-11-16 14:36:52,194 - INFO - ASTAR found path: length=5, nodes_expanded=5
2025-11-16 14:36:52,270 - INFO - ASTAR found path: length=4, nodes_expanded=4
2025-11-16 14:36:52,347 - INFO - ASTAR found path: length=3, nodes_expanded=3
2025-11-16 14:36:52,423 - INFO - ASTAR found path: length=2, nodes_expanded=2
2025-11-16 14:36:52,501 - INFO - ASTAR found path: length=23, nodes_expanded=121
2025-11-16 14:36:52,577 - INFO - ASTAR found path: length=22, nodes_expanded=120
2025-11-16 14:36:52,655 - INFO - ASTAR found path: length=21, nodes_expanded=112
2025-11-16 14:36:52,731 - INFO - ASTAR found path: length=20, nodes_expanded=104
2025-11-16 14:36:52,806 - INFO - ASTAR found path: length=19, nodes_expanded=96
2025-11-16 14:36:52,883 - INFO - ASTAR found path: length=18, nodes_expanded=88
2025-11-16 14:36:52,960 - INFO - ASTAR found path: length=17, nodes_expanded=80
2025-11-16 14:36:53,036 - INFO - ASTAR found path: length=16, nodes_expanded=72
2025-11-16 14:36:53,113 - INFO - ASTAR found path: length=15, nodes_expanded=64
2025-11-16 14:36:53,190 - INFO - ASTAR found path: length=14, nodes_expanded=56
2025-11-16 14:36:53,267 - INFO - ASTAR found path: length=13, nodes_expanded=48
2025-11-16 14:36:53,343 - INFO - ASTAR found path: length=12, nodes_expanded=40
2025-11-16 14:36:53,419 - INFO - ASTAR found path: length=11, nodes_expanded=32
2025-11-16 14:36:53,495 - INFO - ASTAR found path: length=10, nodes_expanded=24
2025-11-16 14:36:53,571 - INFO - ASTAR found path: length=9, nodes_expanded=16
2025-11-16 14:36:53,648 - INFO - ASTAR found path: length=8, nodes_expanded=8
2025-11-16 14:36:53,724 - INFO - ASTAR found path: length=7, nodes_expanded=7
2025-11-16 14:36:53,801 - INFO - ASTAR found path: length=6, nodes_expanded=6
2025-11-16 14:36:53,877 - INFO - ASTAR found path: length=5, nodes_expanded=5
2025-11-16 14:36:53,953 - INFO - ASTAR found path: length=4, nodes_expanded=4
2025-11-16 14:36:54,029 - INFO - ASTAR found path: length=3, nodes_expanded=3
2025-11-16 14:36:54,107 - INFO - ASTAR found path: length=2, nodes_expanded=2
2025-11-16 14:36:54,183 - INFO - ASTAR found path: length=10, nodes_expanded=25
2025-11-16 14:36:54,259 - INFO - ASTAR found path: length=9, nodes_expanded=24
2025-11-16 14:36:54,335 - INFO - ASTAR found path: length=8, nodes_expanded=18
2025-11-16 14:36:54,413 - INFO - ASTAR found path: length=7, nodes_expanded=12
2025-11-16 14:36:54,490 - INFO - ASTAR found path: length=6, nodes_expanded=6
2025-11-16 14:36:54,567 - INFO - ASTAR found path: length=5, nodes_expanded=5
2025-11-16 14:36:54,642 - INFO - ASTAR found path: length=4, nodes_expanded=4
2025-11-16 14:36:54,720 - INFO - ASTAR found path: length=3, nodes_expanded=3
2025-11-16 14:36:54,797 - INFO - ASTAR found path: length=2, nodes_expanded=2
2025-11-16 14:36:54,874 - INFO - ASTAR found path: length=4, nodes_expanded=4
2025-11-16 14:36:54,950 - INFO - ASTAR found path: length=3, nodes_expanded=3
2025-11-16 14:36:55,026 - INFO - ASTAR found path: length=2, nodes_expanded=2
2025-11-16 14:36:55,102 - INFO - ASTAR found path: length=7, nodes_expanded=7
2025-11-16 14:36:55,180 - INFO - ASTAR found path: length=6, nodes_expanded=6
2025-11-16 14:36:55,256 - INFO - ASTAR found path: length=5, nodes_expanded=5
2025-11-16 14:36:55,332 - INFO - ASTAR found path: length=4, nodes_expanded=4
2025-11-16 14:36:55,408 - INFO - ASTAR found path: length=3, nodes_expanded=3
2025-11-16 14:36:55,485 - INFO - ASTAR found path: length=2, nodes_expanded=2
2025-11-16 14:36:55,562 - INFO - ASTAR found path: length=21, nodes_expanded=57
2025-11-16 14:36:55,639 - INFO - ASTAR found path: length=20, nodes_expanded=55
2025-11-16 14:36:55,715 - INFO - ASTAR found path: length=19, nodes_expanded=44
2025-11-16 14:36:55,791 - INFO - ASTAR found path: length=18, nodes_expanded=43
2025-11-16 14:36:55,867 - INFO - ASTAR found path: length=17, nodes_expanded=39
2025-11-16 14:36:55,943 - INFO - ASTAR found path: length=16, nodes_expanded=34
2025-11-16 14:36:56,019 - INFO - ASTAR found path: length=15, nodes_expanded=29
2025-11-16 14:36:56,095 - INFO - ASTAR found path: length=14, nodes_expanded=24
2025-11-16 14:36:56,172 - INFO - ASTAR found path: length=13, nodes_expanded=18
2025-11-16 14:36:56,248 - INFO - ASTAR found path: length=12, nodes_expanded=17
2025-11-16 14:36:56,326 - INFO - ASTAR found path: length=11, nodes_expanded=16
2025-11-16 14:36:56,402 - INFO - ASTAR found path: length=10, nodes_expanded=15
2025-11-16 14:36:56,478 - INFO - ASTAR found path: length=9, nodes_expanded=14
2025-11-16 14:36:56,554 - INFO - ASTAR found path: length=8, nodes_expanded=13
2025-11-16 14:36:56,633 - INFO - ASTAR found path: length=7, nodes_expanded=12
2025-11-16 14:36:56,709 - INFO - ASTAR found path: length=6, nodes_expanded=6
2025-11-16 14:36:56,786 - INFO - ASTAR found path: length=5, nodes_expanded=5
2025-11-16 14:36:56,863 - INFO - ASTAR found path: length=4, nodes_expanded=4
2025-11-16 14:36:56,939 - INFO - ASTAR found path: length=3, nodes_expanded=3
2025-11-16 14:36:57,015 - INFO - ASTAR found path: length=2, nodes_expanded=2
2025-11-16 14:36:57,091 - INFO - ASTAR found path: length=27, nodes_expanded=62
2025-11-16 14:36:57,168 - INFO - ASTAR found path: length=26, nodes_expanded=61
2025-11-16 14:36:57,244 - INFO - ASTAR found path: length=25, nodes_expanded=46
2025-11-16 14:36:57,320 - INFO - ASTAR found path: length=24, nodes_expanded=45
2025-11-16 14:36:57,396 - INFO - ASTAR found path: length=23, nodes_expanded=44
2025-11-16 14:36:57,472 - INFO - ASTAR found path: length=22, nodes_expanded=43
2025-11-16 14:36:57,550 - INFO - ASTAR found path: length=21, nodes_expanded=42
2025-11-16 14:36:57,626 - INFO - ASTAR found path: length=20, nodes_expanded=41
2025-11-16 14:36:57,702 - INFO - ASTAR found path: length=19, nodes_expanded=40
2025-11-16 14:36:57,778 - INFO - ASTAR found path: length=18, nodes_expanded=39
2025-11-16 14:36:57,855 - INFO - ASTAR found path: length=17, nodes_expanded=38
2025-11-16 14:36:57,932 - INFO - ASTAR found path: length=16, nodes_expanded=37
2025-11-16 14:36:58,009 - INFO - ASTAR found path: length=15, nodes_expanded=36
2025-11-16 14:36:58,085 - INFO - ASTAR found path: length=14, nodes_expanded=35
2025-11-16 14:36:58,162 - INFO - ASTAR found path: length=13, nodes_expanded=34
2025-11-16 14:36:58,238 - INFO - ASTAR found path: length=12, nodes_expanded=33
2025-11-16 14:36:58,315 - INFO - ASTAR found path: length=11, nodes_expanded=32
2025-11-16 14:36:58,391 - INFO - ASTAR found path: length=10, nodes_expanded=28
2025-11-16 14:36:58,468 - INFO - ASTAR found path: length=9, nodes_expanded=24
2025-11-16 14:36:58,545 - INFO - ASTAR found path: length=8, nodes_expanded=20
2025-11-16 14:36:58,623 - INFO - ASTAR found path: length=7, nodes_expanded=16
2025-11-16 14:36:58,699 - INFO - ASTAR found path: length=6, nodes_expanded=12
2025-11-16 14:36:58,775 - INFO - ASTAR found path: length=5, nodes_expanded=8
2025-11-16 14:36:58,852 - INFO - ASTAR found path: length=4, nodes_expanded=4
2025-11-16 14:36:58,929 - INFO - ASTAR found path: length=3, nodes_expanded=3
2025-11-16 14:36:59,006 - INFO - ASTAR found path: length=2, nodes_expanded=2
2025-11-16 14:36:59,084 - INFO - ASTAR found path: length=22, nodes_expanded=97
2025-11-16 14:36:59,160 - INFO - ASTAR found path: length=19, nodes_expanded=76
2025-11-16 14:36:59,237 - INFO - ASTAR found path: length=18, nodes_expanded=70
2025-11-16 14:36:59,314 - INFO - ASTAR found path: length=17, nodes_expanded=63
2025-11-16 14:36:59,391 - INFO - ASTAR found path: length=16, nodes_expanded=55
2025-11-16 14:36:59,468 - INFO - ASTAR found path: length=13, nodes_expanded=31
2025-11-16 14:36:59,545 - INFO - ASTAR found path: length=12, nodes_expanded=25
2025-11-16 14:36:59,622 - INFO - ASTAR found path: length=9, nodes_expanded=9
2025-11-16 14:36:59,699 - INFO - ASTAR found path: length=8, nodes_expanded=12
2025-11-16 14:36:59,776 - INFO - ASTAR found path: length=7, nodes_expanded=15
2025-11-16 14:36:59,852 - INFO - ASTAR found path: length=6, nodes_expanded=12
2025-11-16 14:36:59,930 - INFO - ASTAR found path: length=5, nodes_expanded=9
2025-11-16 14:37:00,006 - INFO - ASTAR found path: length=4, nodes_expanded=6
2025-11-16 14:37:00,082 - INFO - ASTAR found path: length=3, nodes_expanded=3
2025-11-16 14:37:00,158 - INFO - ASTAR found path: length=2, nodes_expanded=2
2025-11-16 14:37:00,235 - INFO - ASTAR found path: length=4, nodes_expanded=6
2025-11-16 14:37:00,311 - INFO - ASTAR found path: length=3, nodes_expanded=4
2025-11-16 14:37:00,388 - INFO - ASTAR found path: length=2, nodes_expanded=2
2025-11-16 14:37:00,465 - INFO - ASTAR found path: length=11, nodes_expanded=19
2025-11-16 14:37:00,541 - INFO - ASTAR found path: length=10, nodes_expanded=18
2025-11-16 14:37:00,618 - INFO - ASTAR found path: length=9, nodes_expanded=16
2025-11-16 14:37:00,695 - INFO - ASTAR found path: length=8, nodes_expanded=14
2025-11-16 14:37:00,771 - INFO - ASTAR found path: length=7, nodes_expanded=12
2025-11-16 14:37:00,847 - INFO - ASTAR found path: length=6, nodes_expanded=10
2025-11-16 14:37:00,924 - INFO - ASTAR found path: length=5, nodes_expanded=8
2025-11-16 14:37:01,000 - INFO - ASTAR found path: length=4, nodes_expanded=6
2025-11-16 14:37:01,078 - INFO - ASTAR found path: length=3, nodes_expanded=4
2025-11-16 14:37:01,154 - INFO - ASTAR found path: length=2, nodes_expanded=2
2025-11-16 14:37:01,230 - INFO - ASTAR found path: length=9, nodes_expanded=9
2025-11-16 14:37:01,307 - INFO - ASTAR found path: length=8, nodes_expanded=8
2025-11-16 14:37:01,383 - INFO - ASTAR found path: length=7, nodes_expanded=7
2025-11-16 14:37:01,461 - INFO - ASTAR found path: length=6, nodes_expanded=6
2025-11-16 14:37:01,537 - INFO - ASTAR found path: length=5, nodes_expanded=5
2025-11-16 14:37:01,613 - INFO - ASTAR found path: length=4, nodes_expanded=4
2025-11-16 14:37:01,689 - INFO - ASTAR found path: length=3, nodes_expanded=3
2025-11-16 14:37:01,767 - INFO - ASTAR found path: length=2, nodes_expanded=2
2025-11-16 14:37:01,843 - INFO - ASTAR found path: length=29, nodes_expanded=55
2025-11-16 14:37:01,920 - INFO - ASTAR found path: length=28, nodes_expanded=54
2025-11-16 14:37:01,997 - INFO - ASTAR found path: length=27, nodes_expanded=51
2025-11-16 14:37:02,074 - INFO - ASTAR found path: length=26, nodes_expanded=50
2025-11-16 14:37:02,150 - INFO - ASTAR found path: length=25, nodes_expanded=49
2025-11-16 14:37:02,226 - INFO - ASTAR found path: length=24, nodes_expanded=48
2025-11-16 14:37:02,303 - INFO - ASTAR found path: length=23, nodes_expanded=47
2025-11-16 14:37:02,380 - INFO - ASTAR found path: length=22, nodes_expanded=46
2025-11-16 14:37:02,457 - INFO - ASTAR found path: length=21, nodes_expanded=45
2025-11-16 14:37:02,533 - INFO - ASTAR found path: length=20, nodes_expanded=44
2025-11-16 14:37:02,609 - INFO - ASTAR found path: length=19, nodes_expanded=43
2025-11-16 14:37:02,685 - INFO - ASTAR found path: length=18, nodes_expanded=24
2025-11-16 14:37:02,761 - INFO - ASTAR found path: length=17, nodes_expanded=21
2025-11-16 14:37:02,839 - INFO - ASTAR found path: length=16, nodes_expanded=18
2025-11-16 14:37:02,915 - INFO - ASTAR found path: length=15, nodes_expanded=17
2025-11-16 14:37:02,991 - INFO - ASTAR found path: length=14, nodes_expanded=16
2025-11-16 14:37:03,067 - INFO - ASTAR found path: length=13, nodes_expanded=15
2025-11-16 14:37:03,144 - INFO - ASTAR found path: length=12, nodes_expanded=14
2025-11-16 14:37:03,221 - INFO - ASTAR found path: length=11, nodes_expanded=13
2025-11-16 14:37:03,298 - INFO - ASTAR found path: length=10, nodes_expanded=12
2025-11-16 14:37:03,375 - INFO - ASTAR found path: length=9, nodes_expanded=11
2025-11-16 14:37:03,452 - INFO - ASTAR found path: length=8, nodes_expanded=10
2025-11-16 14:37:03,528 - INFO - ASTAR found path: length=7, nodes_expanded=9
2025-11-16 14:37:03,606 - INFO - ASTAR found path: length=6, nodes_expanded=8
2025-11-16 14:37:03,683 - INFO - ASTAR found path: length=5, nodes_expanded=7
2025-11-16 14:37:03,759 - INFO - ASTAR found path: length=4, nodes_expanded=5
2025-11-16 14:37:03,835 - INFO - ASTAR found path: length=3, nodes_expanded=3
2025-11-16 14:37:03,911 - INFO - ASTAR found path: length=2, nodes_expanded=2
2025-11-16 14:37:03,988 - INFO - ASTAR found path: length=8, nodes_expanded=18
2025-11-16 14:37:04,064 - INFO - ASTAR found path: length=7, nodes_expanded=12
2025-11-16 14:37:04,140 - INFO - ASTAR found path: length=6, nodes_expanded=6
2025-11-16 14:37:04,217 - INFO - ASTAR found path: length=5, nodes_expanded=5
2025-11-16 14:37:04,293 - INFO - ASTAR found path: length=4, nodes_expanded=4
2025-11-16 14:37:04,369 - INFO - ASTAR found path: length=3, nodes_expanded=3
2025-11-16 14:37:04,446 - INFO - ASTAR found path: length=2, nodes_expanded=2
2025-11-16 14:37:04,523 - INFO - ASTAR found path: length=18, nodes_expanded=90
2025-11-16 14:37:04,600 - INFO - ASTAR found path: length=17, nodes_expanded=80
2025-11-16 14:37:04,676 - INFO - ASTAR found path: length=16, nodes_expanded=70
2025-11-16 14:37:04,753 - INFO - ASTAR found path: length=15, nodes_expanded=60
2025-11-16 14:37:04,830 - INFO - ASTAR found path: length=14, nodes_expanded=50
2025-11-16 14:37:04,907 - INFO - ASTAR found path: length=13, nodes_expanded=40
2025-11-16 14:37:04,984 - INFO - ASTAR found path: length=12, nodes_expanded=30
2025-11-16 14:37:05,060 - INFO - ASTAR found path: length=11, nodes_expanded=20
2025-11-16 14:37:05,137 - INFO - ASTAR found path: length=10, nodes_expanded=10
2025-11-16 14:37:05,213 - INFO - ASTAR found path: length=9, nodes_expanded=9
2025-11-16 14:37:05,290 - INFO - ASTAR found path: length=8, nodes_expanded=8
2025-11-16 14:37:05,366 - INFO - ASTAR found path: length=7, nodes_expanded=7
2025-11-16 14:37:05,442 - INFO - ASTAR found path: length=6, nodes_expanded=6
2025-11-16 14:37:05,519 - INFO - ASTAR found path: length=5, nodes_expanded=5
2025-11-16 14:37:05,595 - INFO - ASTAR found path: length=4, nodes_expanded=4
2025-11-16 14:37:05,673 - INFO - ASTAR found path: length=3, nodes_expanded=3
2025-11-16 14:37:05,750 - INFO - ASTAR found path: length=2, nodes_expanded=2
2025-11-16 14:37:05,826 - INFO - ASTAR found path: length=11, nodes_expanded=20
2025-11-16 14:37:05,903 - INFO - ASTAR found path: length=10, nodes_expanded=18
2025-11-16 14:37:05,979 - INFO - ASTAR found path: length=9, nodes_expanded=16
2025-11-16 14:37:06,057 - INFO - ASTAR found path: length=8, nodes_expanded=14
2025-11-16 14:37:06,134 - INFO - ASTAR found path: length=7, nodes_expanded=12
2025-11-16 14:37:06,211 - INFO - ASTAR found path: length=6, nodes_expanded=10
2025-11-16 14:37:06,288 - INFO - ASTAR found path: length=5, nodes_expanded=8
2025-11-16 14:37:06,364 - INFO - ASTAR found path: length=4, nodes_expanded=6
2025-11-16 14:37:06,441 - INFO - ASTAR found path: length=3, nodes_expanded=4
2025-11-16 14:37:06,518 - INFO - ASTAR found path: length=2, nodes_expanded=2
2025-11-16 14:37:06,595 - INFO - ASTAR found path: length=19, nodes_expanded=35
2025-11-16 14:37:06,671 - INFO - ASTAR found path: length=18, nodes_expanded=32
2025-11-16 14:37:06,748 - INFO - ASTAR found path: length=17, nodes_expanded=31
2025-11-16 14:37:06,826 - INFO - ASTAR found path: length=16, nodes_expanded=30
2025-11-16 14:37:06,903 - INFO - ASTAR found path: length=15, nodes_expanded=15
2025-11-16 14:37:06,980 - INFO - ASTAR found path: length=14, nodes_expanded=14
2025-11-16 14:37:07,056 - INFO - ASTAR found path: length=13, nodes_expanded=13
2025-11-16 14:37:07,134 - INFO - ASTAR found path: length=12, nodes_expanded=12
2025-11-16 14:37:07,210 - INFO - ASTAR found path: length=11, nodes_expanded=11
2025-11-16 14:37:07,287 - INFO - ASTAR found path: length=10, nodes_expanded=10
2025-11-16 14:37:07,363 - INFO - ASTAR found path: length=9, nodes_expanded=9
2025-11-16 14:37:07,440 - INFO - ASTAR found path: length=8, nodes_expanded=8
2025-11-16 14:37:07,516 - INFO - ASTAR found path: length=7, nodes_expanded=7
2025-11-16 14:37:07,592 - INFO - ASTAR found path: length=6, nodes_expanded=6
2025-11-16 14:37:07,669 - INFO - ASTAR found path: length=5, nodes_expanded=5
2025-11-16 14:37:07,746 - INFO - ASTAR found path: length=4, nodes_expanded=4
2025-11-16 14:37:07,822 - INFO - ASTAR found path: length=3, nodes_expanded=3
2025-11-16 14:37:07,899 - INFO - ASTAR found path: length=2, nodes_expanded=2
2025-11-16 14:37:07,975 - WARNING - No path found to food, using fallback
2025-11-16 14:37:07,976 - INFO - Using safe move fallback
2025-11-16 14:37:08,052 - WARNING - No path found to food, using fallback
2025-11-16 14:37:08,052 - INFO - Using safe move fallback
2025-11-16 14:37:08,129 - WARNING - No path found to food, using fallback
2025-11-16 14:37:08,129 - INFO - Using safe move fallback
2025-11-16 14:37:08,205 - WARNING - No path found to food, using fallback
2025-11-16 14:37:08,206 - INFO - Using safe move fallback
2025-11-16 14:37:08,281 - WARNING - No path found to food, using fallback
2025-11-16 14:37:08,281 - INFO - Using safe move fallback
2025-11-16 14:37:08,357 - WARNING - No path found to food, using fallback
2025-11-16 14:37:08,358 - INFO - Using safe move fallback
2025-11-16 14:37:08,435 - WARNING - No path found to food, using fallback
2025-11-16 14:37:08,435 - INFO - Using safe move fallback
2025-11-16 14:37:08,512 - WARNING - No path found to food, using fallback
2025-11-16 14:37:08,512 - INFO - Using safe move fallback
2025-11-16 14:37:08,588 - WARNING - No path found to food, using fallback
2025-11-16 14:37:08,589 - INFO - Using safe move fallback
2025-11-16 14:37:08,665 - WARNING - No path found to food, using fallback
2025-11-16 14:37:08,665 - INFO - Using safe move fallback
2025-11-16 14:37:08,742 - WARNING - No path found to food, using fallback
2025-11-16 14:37:08,742 - INFO - Using safe move fallback
2025-11-16 14:37:08,819 - WARNING - No path found to food, using fallback
2025-11-16 14:37:08,819 - INFO - Using safe move fallback
2025-11-16 14:37:08,896 - WARNING - No path found to food, using fallback
2025-11-16 14:37:08,896 - INFO - Using safe move fallback
2025-11-16 14:37:08,972 - WARNING - No path found to food, using fallback
2025-11-16 14:37:08,972 - INFO - Using safe move fallback
2025-11-16 14:37:09,049 - WARNING - No path found to food, using fallback
2025-11-16 14:37:09,049 - INFO - Using safe move fallback
2025-11-16 14:37:09,125 - WARNING - No path found to food, using fallback
2025-11-16 14:37:09,126 - INFO - Using safe move fallback
2025-11-16 14:37:09,202 - WARNING - No path found to food, using fallback
2025-11-16 14:37:09,203 - INFO - Using safe move fallback
2025-11-16 14:37:09,278 - WARNING - No path found to food, using fallback
2025-11-16 14:37:09,278 - INFO - Using safe move fallback
2025-11-16 14:37:09,354 - WARNING - No path found to food, using fallback
2025-11-16 14:37:09,355 - INFO - Using safe move fallback
2025-11-16 14:37:09,431 - WARNING - No path found to food, using fallback
2025-11-16 14:37:09,431 - INFO - Using safe move fallback
2025-11-16 14:37:09,507 - WARNING - No path found to food, using fallback
2025-11-16 14:37:09,507 - WARNING - No safe moves available!
2025-11-16 14:40:55,808 - INFO - ASTAR found path: length=16, nodes_expanded=72
2025-11-16 14:40:55,885 - INFO - ASTAR found path: length=15, nodes_expanded=64
2025-11-16 14:40:55,962 - INFO - ASTAR found path: length=14, nodes_expanded=56
2025-11-16 14:40:56,038 - INFO - ASTAR found path: length=13, nodes_expanded=48
2025-11-16 14:40:56,115 - INFO - ASTAR found path: length=12, nodes_expanded=40
2025-11-16 14:40:56,191 - INFO - ASTAR found path: length=11, nodes_expanded=32
2025-11-16 14:40:56,267 - INFO - ASTAR found path: length=10, nodes_expanded=24
2025-11-16 14:40:56,344 - INFO - ASTAR found path: length=9, nodes_expanded=16
2025-11-16 14:40:56,420 - INFO - ASTAR found path: length=8, nodes_expanded=8
2025-11-16 14:40:56,496 - INFO - ASTAR found path: length=7, nodes_expanded=7
2025-11-16 14:40:56,573 - INFO - ASTAR found path: length=6, nodes_expanded=6
2025-11-16 14:40:56,650 - INFO - ASTAR found path: length=5, nodes_expanded=5
2025-11-16 14:40:56,727 - INFO - ASTAR found path: length=4, nodes_expanded=4
2025-11-16 14:40:56,803 - INFO - ASTAR found path: length=3, nodes_expanded=3
2025-11-16 14:40:56,879 - INFO - ASTAR found path: length=2, nodes_expanded=2
2025-11-16 14:40:56,955 - INFO - ASTAR found path: length=12, nodes_expanded=30
2025-11-16 14:40:57,031 - INFO - ASTAR found path: length=11, nodes_expanded=19
2025-11-16 14:40:57,108 - INFO - ASTAR found path: length=10, nodes_expanded=18
2025-11-16 14:40:57,184 - INFO - ASTAR found path: length=9, nodes_expanded=9
2025-11-16 14:40:57,260 - INFO - ASTAR found path: length=8, nodes_expanded=8
2025-11-16 14:40:57,337 - INFO - ASTAR found path: length=7, nodes_expanded=7
2025-11-16 14:40:57,413 - INFO - ASTAR found path: length=6, nodes_expanded=6
2025-11-16 14:40:57,490 - INFO - ASTAR found path: length=5, nodes_expanded=5
2025-11-16 14:40:57,566 - INFO - ASTAR found path: length=4, nodes_expanded=4
2025-11-16 14:40:57,644 - INFO - ASTAR found path: length=3, nodes_expanded=3
2025-11-16 14:40:57,721 - INFO - ASTAR found path: length=2, nodes_expanded=2
2025-11-16 14:40:57,798 - INFO - ASTAR found path: length=11, nodes_expanded=25
2025-11-16 14:40:57,875 - INFO - ASTAR found path: length=10, nodes_expanded=24
2025-11-16 14:40:57,952 - INFO - ASTAR found path: length=9, nodes_expanded=21
2025-11-16 14:40:58,027 - INFO - ASTAR found path: length=8, nodes_expanded=18
2025-11-16 14:40:58,104 - INFO - ASTAR found path: length=7, nodes_expanded=15
2025-11-16 14:40:58,180 - INFO - ASTAR found path: length=6, nodes_expanded=12
2025-11-16 14:40:58,257 - INFO - ASTAR found path: length=5, nodes_expanded=9
2025-11-16 14:40:58,335 - INFO - ASTAR found path: length=4, nodes_expanded=6
2025-11-16 14:40:58,410 - INFO - Game ended - Score: 2, Moves: 34, Mode: ai
