2025-12-01 08:32:34,978 - INFO - Starting new AI run: unnamed
2025-12-01 08:32:34,978 - INFO - Game controller initialized
2025-12-01 08:32:34,978 - INFO - Game started
2025-12-01 08:32:36,464 - INFO - Starting game in bfs mode
2025-12-01 08:32:36,501 - INFO - BFS found path: length=18
2025-12-01 08:32:36,539 - INFO - BFS found path: length=17
2025-12-01 08:32:36,577 - INFO - BFS found path: length=16
2025-12-01 08:32:36,614 - INFO - BFS found path: length=15
2025-12-01 08:32:36,652 - INFO - BFS found path: length=14
2025-12-01 08:32:36,689 - INFO - BFS found path: length=13
2025-12-01 08:32:36,726 - INFO - BFS found path: length=12
2025-12-01 08:32:36,764 - INFO - BFS found path: length=11
2025-12-01 08:32:36,801 - INFO - BFS found path: length=10
2025-12-01 08:32:36,839 - INFO - BFS found path: length=9
2025-12-01 08:32:36,878 - INFO - BFS found path: length=8
2025-12-01 08:32:36,916 - INFO - BFS found path: length=7
2025-12-01 08:32:36,953 - INFO - BFS found path: length=6
2025-12-01 08:32:36,990 - INFO - BFS found path: length=5
2025-12-01 08:32:37,027 - INFO - BFS found path: length=4
2025-12-01 08:32:37,064 - INFO - BFS found path: length=3
2025-12-01 08:32:37,102 - INFO - BFS found path: length=2
2025-12-01 08:32:37,139 - INFO - BFS found path: length=26
2025-12-01 08:32:37,177 - INFO - BFS found path: length=25
2025-12-01 08:32:37,216 - INFO - BFS found path: length=24
2025-12-01 08:32:37,253 - INFO - BFS found path: length=23
2025-12-01 08:32:37,292 - INFO - BFS found path: length=22
2025-12-01 08:32:37,329 - INFO - BFS found path: length=21
2025-12-01 08:32:37,367 - INFO - BFS found path: length=20
2025-12-01 08:32:37,404 - INFO - BFS found path: length=19
2025-12-01 08:32:37,441 - INFO - BFS found path: length=18
2025-12-01 08:32:37,479 - INFO - BFS found path: length=17
2025-12-01 08:32:37,516 - INFO - BFS found path: length=16
2025-12-01 08:32:37,553 - INFO - BFS found path: length=15
2025-12-01 08:32:37,589 - INFO - BFS found path: length=14
2025-12-01 08:32:37,627 - INFO - BFS found path: length=13
2025-12-01 08:32:37,664 - INFO - BFS found path: length=12
2025-12-01 08:32:37,703 - INFO - BFS found path: length=11
2025-12-01 08:32:37,740 - INFO - BFS found path: length=10
2025-12-01 08:32:37,776 - INFO - BFS found path: length=9
2025-12-01 08:32:37,814 - INFO - BFS found path: length=8
2025-12-01 08:32:37,851 - INFO - BFS found path: length=7
2025-12-01 08:32:37,888 - INFO - BFS found path: length=6
2025-12-01 08:32:37,926 - INFO - BFS found path: length=5
2025-12-01 08:32:37,964 - INFO - BFS found path: length=4
2025-12-01 08:32:38,001 - INFO - BFS found path: length=3
2025-12-01 08:32:38,040 - INFO - BFS found path: length=2
2025-12-01 08:32:38,078 - INFO - BFS found path: length=13
2025-12-01 08:32:38,116 - INFO - BFS found path: length=12
2025-12-01 08:32:38,154 - INFO - BFS found path: length=11
2025-12-01 08:32:38,191 - INFO - BFS found path: length=10
2025-12-01 08:32:38,230 - INFO - BFS found path: length=9
2025-12-01 08:32:38,267 - INFO - BFS found path: length=8
2025-12-01 08:32:38,305 - INFO - BFS found path: length=7
2025-12-01 08:32:38,342 - INFO - BFS found path: length=6
2025-12-01 08:32:38,380 - INFO - BFS found path: length=5
2025-12-01 08:32:38,416 - INFO - BFS found path: length=4
2025-12-01 08:32:38,453 - INFO - BFS found path: length=3
2025-12-01 08:32:38,491 - INFO - BFS found path: length=2
2025-12-01 08:32:38,529 - INFO - BFS found path: length=14
2025-12-01 08:32:38,567 - INFO - BFS found path: length=13
2025-12-01 08:32:38,605 - INFO - BFS found path: length=12
2025-12-01 08:32:38,643 - INFO - BFS found path: length=11
2025-12-01 08:32:38,680 - INFO - BFS found path: length=10
2025-12-01 08:32:38,718 - INFO - BFS found path: length=9
2025-12-01 08:32:38,755 - INFO - BFS found path: length=8
2025-12-01 08:32:38,792 - INFO - BFS found path: length=7
2025-12-01 08:32:38,829 - INFO - BFS found path: length=6
2025-12-01 08:32:38,867 - INFO - BFS found path: length=5
2025-12-01 08:32:38,905 - INFO - BFS found path: length=4
2025-12-01 08:32:38,942 - INFO - BFS found path: length=3
2025-12-01 08:32:38,980 - INFO - BFS found path: length=2
2025-12-01 08:32:39,018 - INFO - BFS found path: length=4
2025-12-01 08:32:39,055 - INFO - BFS found path: length=3
2025-12-01 08:32:39,092 - INFO - BFS found path: length=2
2025-12-01 08:32:39,132 - INFO - BFS found path: length=23
2025-12-01 08:32:39,169 - INFO - BFS found path: length=22
2025-12-01 08:32:39,206 - INFO - BFS found path: length=21
2025-12-01 08:32:39,244 - INFO - BFS found path: length=20
2025-12-01 08:32:39,282 - INFO - BFS found path: length=19
2025-12-01 08:32:39,320 - INFO - BFS found path: length=18
2025-12-01 08:32:39,358 - INFO - BFS found path: length=17
2025-12-01 08:32:39,395 - INFO - BFS found path: length=16
2025-12-01 08:32:39,560 - INFO - BFS found path: length=15
2025-12-01 08:32:39,580 - INFO - BFS found path: length=14
2025-12-01 08:32:39,619 - INFO - BFS found path: length=13
2025-12-01 08:32:39,655 - INFO - BFS found path: length=12
2025-12-01 08:32:39,694 - INFO - BFS found path: length=11
2025-12-01 08:32:39,731 - INFO - BFS found path: length=10
2025-12-01 08:32:39,769 - INFO - BFS found path: length=9
2025-12-01 08:32:39,807 - INFO - BFS found path: length=8
2025-12-01 08:32:39,843 - INFO - BFS found path: length=7
2025-12-01 08:32:39,881 - INFO - BFS found path: length=6
2025-12-01 08:32:39,919 - INFO - BFS found path: length=5
2025-12-01 08:32:39,957 - INFO - BFS found path: length=4
2025-12-01 08:32:39,995 - INFO - BFS found path: length=3
2025-12-01 08:32:40,032 - INFO - BFS found path: length=2
2025-12-01 08:32:40,071 - INFO - BFS found path: length=7
2025-12-01 08:32:40,107 - INFO - BFS found path: length=6
2025-12-01 08:32:40,144 - INFO - BFS found path: length=5
2025-12-01 08:32:40,182 - INFO - BFS found path: length=4
2025-12-01 08:32:40,219 - INFO - BFS found path: length=3
2025-12-01 08:32:40,258 - INFO - BFS found path: length=2
2025-12-01 08:32:40,297 - INFO - BFS found path: length=34
2025-12-01 08:32:40,335 - INFO - BFS found path: length=33
2025-12-01 08:32:40,371 - INFO - BFS found path: length=32
2025-12-01 08:32:40,409 - INFO - BFS found path: length=31
2025-12-01 08:32:40,447 - INFO - BFS found path: length=30
2025-12-01 08:32:40,484 - INFO - BFS found path: length=29
2025-12-01 08:32:40,522 - INFO - BFS found path: length=28
2025-12-01 08:32:40,743 - INFO - BFS found path: length=27
2025-12-01 08:32:40,764 - INFO - Game ended - Score: 7, Moves: 106, Mode: bfs
