2025-11-21 15:46:00,029 - INFO - Starting new AI run: unnamed
2025-11-21 15:46:00,031 - INFO - Game controller initialized
2025-11-21 15:46:00,031 - INFO - Game started
2025-11-21 15:47:20,732 - INFO - Starting game in bfs mode
2025-11-21 15:47:20,770 - INFO - BFS found path: length=20
2025-11-21 15:47:20,808 - INFO - BFS found path: length=19
2025-11-21 15:47:20,846 - INFO - BFS found path: length=18
2025-11-21 15:47:20,883 - INFO - BFS found path: length=17
2025-11-21 15:47:20,919 - INFO - BFS found path: length=16
2025-11-21 15:47:20,957 - INFO - BFS found path: length=15
2025-11-21 15:47:20,995 - INFO - BFS found path: length=14
2025-11-21 15:47:21,032 - INFO - BFS found path: length=13
2025-11-21 15:47:21,070 - INFO - BFS found path: length=12
2025-11-21 15:47:21,108 - INFO - BFS found path: length=11
2025-11-21 15:47:21,146 - INFO - BFS found path: length=10
2025-11-21 15:47:21,184 - INFO - BFS found path: length=9
2025-11-21 15:47:21,222 - INFO - BFS found path: length=8
2025-11-21 15:47:21,260 - INFO - BFS found path: length=7
2025-11-21 15:47:21,298 - INFO - BFS found path: length=6
2025-11-21 15:47:21,335 - INFO - BFS found path: length=5
2025-11-21 15:47:21,374 - INFO - BFS found path: length=4
2025-11-21 15:47:21,411 - INFO - BFS found path: length=3
2025-11-21 15:47:21,450 - INFO - BFS found path: length=2
2025-11-21 15:47:21,488 - INFO - BFS found path: length=16
2025-11-21 15:47:21,525 - INFO - BFS found path: length=15
2025-11-21 15:47:21,563 - INFO - BFS found path: length=14
2025-11-21 15:47:21,601 - INFO - BFS found path: length=13
2025-11-21 15:47:21,638 - INFO - BFS found path: length=12
2025-11-21 15:47:21,674 - INFO - BFS found path: length=11
2025-11-21 15:47:21,711 - INFO - BFS found path: length=10
2025-11-21 15:47:21,749 - INFO - BFS found path: length=9
2025-11-21 15:47:21,786 - INFO - BFS found path: length=8
2025-11-21 15:47:21,823 - INFO - BFS found path: length=7
2025-11-21 15:47:21,860 - INFO - BFS found path: length=6
2025-11-21 15:47:21,897 - INFO - BFS found path: length=5
2025-11-21 15:47:21,935 - INFO - BFS found path: length=4
2025-11-21 15:47:21,973 - INFO - BFS found path: length=3
2025-11-21 15:47:22,011 - INFO - BFS found path: length=2
2025-11-21 15:47:22,048 - INFO - BFS found path: length=11
2025-11-21 15:47:22,085 - INFO - BFS found path: length=10
2025-11-21 15:47:22,122 - INFO - BFS found path: length=9
2025-11-21 15:47:22,159 - INFO - BFS found path: length=8
2025-11-21 15:47:22,198 - INFO - BFS found path: length=7
2025-11-21 15:47:22,236 - INFO - BFS found path: length=6
2025-11-21 15:47:22,273 - INFO - BFS found path: length=5
2025-11-21 15:47:22,311 - INFO - BFS found path: length=4
2025-11-21 15:47:22,348 - INFO - BFS found path: length=3
2025-11-21 15:47:22,385 - INFO - BFS found path: length=2
2025-11-21 15:47:22,425 - INFO - BFS found path: length=25
2025-11-21 15:47:22,462 - INFO - BFS found path: length=24
2025-11-21 15:47:22,499 - INFO - BFS found path: length=23
2025-11-21 15:47:22,537 - INFO - BFS found path: length=22
2025-11-21 15:47:22,576 - INFO - BFS found path: length=21
2025-11-21 15:47:22,613 - INFO - BFS found path: length=20
2025-11-21 15:47:22,652 - INFO - BFS found path: length=19
2025-11-21 15:47:22,689 - INFO - BFS found path: length=18
2025-11-21 15:47:22,726 - INFO - BFS found path: length=17
2025-11-21 15:47:22,764 - INFO - BFS found path: length=16
2025-11-21 15:47:22,802 - INFO - BFS found path: length=15
2025-11-21 15:47:22,838 - INFO - BFS found path: length=14
2025-11-21 15:47:22,876 - INFO - BFS found path: length=13
2025-11-21 15:47:22,914 - INFO - BFS found path: length=12
2025-11-21 15:47:22,951 - INFO - BFS found path: length=11
2025-11-21 15:47:22,988 - INFO - BFS found path: length=10
2025-11-21 15:47:23,027 - INFO - BFS found path: length=9
2025-11-21 15:47:23,064 - INFO - BFS found path: length=8
2025-11-21 15:47:23,101 - INFO - BFS found path: length=7
2025-11-21 15:47:23,138 - INFO - BFS found path: length=6
2025-11-21 15:47:23,175 - INFO - BFS found path: length=5
2025-11-21 15:47:23,213 - INFO - BFS found path: length=4
2025-11-21 15:47:23,251 - INFO - BFS found path: length=3
2025-11-21 15:47:23,289 - INFO - BFS found path: length=2
2025-11-21 15:47:23,326 - INFO - BFS found path: length=15
2025-11-21 15:47:23,364 - INFO - BFS found path: length=14
2025-11-21 15:47:23,401 - INFO - BFS found path: length=13
2025-11-21 15:47:23,438 - INFO - BFS found path: length=12
2025-11-21 15:47:23,476 - INFO - BFS found path: length=11
2025-11-21 15:47:23,514 - INFO - BFS found path: length=10
2025-11-21 15:47:23,551 - INFO - BFS found path: length=9
2025-11-21 15:47:23,589 - INFO - BFS found path: length=8
2025-11-21 15:47:23,626 - INFO - BFS found path: length=7
2025-11-21 15:47:23,665 - INFO - BFS found path: length=6
2025-11-21 15:47:23,703 - INFO - BFS found path: length=5
2025-11-21 15:47:23,740 - INFO - BFS found path: length=4
2025-11-21 15:47:23,777 - INFO - BFS found path: length=3
2025-11-21 15:47:23,814 - INFO - BFS found path: length=2
2025-11-21 15:47:23,852 - INFO - BFS found path: length=19
2025-11-21 15:47:23,890 - INFO - BFS found path: length=18
2025-11-21 15:47:23,928 - INFO - BFS found path: length=17
2025-11-21 15:47:23,965 - INFO - BFS found path: length=16
2025-11-21 15:47:24,003 - INFO - BFS found path: length=15
2025-11-21 15:47:24,042 - INFO - Speed adjusted to: 26 FPS
2025-11-21 15:47:24,043 - INFO - BFS found path: length=14
2025-11-21 15:47:24,079 - INFO - BFS found path: length=13
2025-11-21 15:47:24,118 - INFO - BFS found path: length=12
2025-11-21 15:47:24,156 - INFO - BFS found path: length=11
2025-11-21 15:47:24,195 - INFO - BFS found path: length=10
2025-11-21 15:47:24,234 - INFO - Speed adjusted to: 25 FPS
2025-11-21 15:47:24,234 - INFO - BFS found path: length=9
2025-11-21 15:47:24,274 - INFO - BFS found path: length=8
2025-11-21 15:47:24,315 - INFO - BFS found path: length=7
2025-11-21 15:47:24,356 - INFO - BFS found path: length=6
2025-11-21 15:47:24,397 - INFO - BFS found path: length=5
2025-11-21 15:47:24,438 - INFO - BFS found path: length=4
2025-11-21 15:47:24,479 - INFO - BFS found path: length=3
2025-11-21 15:47:24,519 - INFO - BFS found path: length=2
2025-11-21 15:47:24,561 - INFO - BFS found path: length=23
2025-11-21 15:47:24,601 - INFO - Speed adjusted to: 24 FPS
2025-11-21 15:47:24,602 - INFO - BFS found path: length=22
2025-11-21 15:47:24,643 - INFO - BFS found path: length=21
2025-11-21 15:47:24,685 - INFO - BFS found path: length=20
2025-11-21 15:47:24,727 - INFO - BFS found path: length=19
2025-11-21 15:47:24,768 - INFO - BFS found path: length=18
2025-11-21 15:47:24,809 - INFO - BFS found path: length=17
2025-11-21 15:47:24,851 - INFO - BFS found path: length=16
2025-11-21 15:47:24,893 - INFO - BFS found path: length=15
2025-11-21 15:47:24,935 - INFO - BFS found path: length=14
2025-11-21 15:47:24,976 - INFO - BFS found path: length=13
2025-11-21 15:47:25,016 - INFO - BFS found path: length=12
2025-11-21 15:47:25,058 - INFO - BFS found path: length=11
2025-11-21 15:47:25,100 - INFO - BFS found path: length=10
2025-11-21 15:47:25,141 - INFO - BFS found path: length=9
2025-11-21 15:47:25,183 - INFO - BFS found path: length=8
2025-11-21 15:47:25,224 - INFO - BFS found path: length=7
2025-11-21 15:47:25,266 - INFO - BFS found path: length=6
2025-11-21 15:47:25,307 - INFO - BFS found path: length=5
2025-11-21 15:47:25,348 - INFO - BFS found path: length=4
2025-11-21 15:47:25,389 - INFO - BFS found path: length=3
2025-11-21 15:47:25,432 - INFO - BFS found path: length=2
2025-11-21 15:47:25,474 - INFO - BFS found path: length=8
2025-11-21 15:47:25,515 - INFO - BFS found path: length=7
2025-11-21 15:47:25,558 - INFO - BFS found path: length=6
2025-11-21 15:47:25,599 - INFO - BFS found path: length=5
2025-11-21 15:47:25,641 - INFO - BFS found path: length=4
2025-11-21 15:47:25,682 - INFO - BFS found path: length=3
2025-11-21 15:47:25,724 - INFO - BFS found path: length=2
2025-11-21 15:47:25,766 - INFO - BFS found path: length=21
2025-11-21 15:47:25,807 - INFO - BFS found path: length=20
2025-11-21 15:47:25,848 - INFO - BFS found path: length=19
2025-11-21 15:47:25,889 - INFO - BFS found path: length=18
2025-11-21 15:47:25,931 - INFO - BFS found path: length=17
2025-11-21 15:47:25,973 - INFO - BFS found path: length=16
2025-11-21 15:47:26,013 - INFO - BFS found path: length=15
2025-11-21 15:47:26,054 - INFO - BFS found path: length=14
2025-11-21 15:47:26,096 - INFO - BFS found path: length=13
2025-11-21 15:47:26,137 - INFO - BFS found path: length=12
2025-11-21 15:47:26,178 - INFO - BFS found path: length=11
2025-11-21 15:47:26,220 - INFO - BFS found path: length=10
2025-11-21 15:47:26,261 - INFO - BFS found path: length=9
2025-11-21 15:47:26,303 - INFO - BFS found path: length=8
2025-11-21 15:47:26,344 - INFO - BFS found path: length=7
2025-11-21 15:47:26,386 - INFO - BFS found path: length=6
2025-11-21 15:47:26,427 - INFO - BFS found path: length=5
2025-11-21 15:47:26,469 - INFO - BFS found path: length=4
2025-11-21 15:47:26,510 - INFO - BFS found path: length=3
2025-11-21 15:47:26,552 - INFO - BFS found path: length=2
2025-11-21 15:47:26,594 - INFO - BFS found path: length=10
2025-11-21 15:47:26,636 - INFO - BFS found path: length=9
2025-11-21 15:47:26,676 - INFO - BFS found path: length=8
2025-11-21 15:47:26,717 - INFO - BFS found path: length=7
2025-11-21 15:47:26,758 - INFO - BFS found path: length=6
2025-11-21 15:47:26,799 - INFO - BFS found path: length=5
2025-11-21 15:47:26,842 - INFO - BFS found path: length=4
2025-11-21 15:47:26,883 - INFO - BFS found path: length=3
2025-11-21 15:47:26,925 - INFO - BFS found path: length=2
2025-11-21 15:47:26,968 - INFO - BFS found path: length=20
2025-11-21 15:47:27,009 - INFO - BFS found path: length=19
2025-11-21 15:47:27,051 - INFO - BFS found path: length=18
2025-11-21 15:47:27,093 - INFO - BFS found path: length=17
2025-11-21 15:47:27,135 - INFO - BFS found path: length=16
2025-11-21 15:47:27,176 - INFO - BFS found path: length=15
2025-11-21 15:47:27,216 - INFO - BFS found path: length=14
2025-11-21 15:47:27,257 - INFO - BFS found path: length=13
2025-11-21 15:47:27,298 - INFO - BFS found path: length=12
2025-11-21 15:47:27,340 - INFO - BFS found path: length=11
2025-11-21 15:47:27,381 - INFO - BFS found path: length=10
2025-11-21 15:47:27,423 - INFO - BFS found path: length=9
2025-11-21 15:47:27,464 - INFO - BFS found path: length=8
2025-11-21 15:47:27,505 - INFO - BFS found path: length=7
2025-11-21 15:47:27,546 - INFO - BFS found path: length=6
2025-11-21 15:47:27,588 - INFO - BFS found path: length=5
2025-11-21 15:47:27,630 - INFO - BFS found path: length=4
2025-11-21 15:47:27,671 - INFO - BFS found path: length=3
2025-11-21 15:47:27,713 - INFO - BFS found path: length=2
2025-11-21 15:47:27,755 - INFO - BFS found path: length=7
2025-11-21 15:47:27,796 - INFO - BFS found path: length=6
2025-11-21 15:47:27,837 - INFO - Speed adjusted to: 23 FPS
2025-11-21 15:47:27,838 - INFO - BFS found path: length=5
2025-11-21 15:47:27,881 - INFO - BFS found path: length=4
2025-11-21 15:47:27,925 - INFO - BFS found path: length=3
2025-11-21 15:47:27,968 - INFO - BFS found path: length=2
2025-11-21 15:47:28,011 - INFO - BFS found path: length=3
2025-11-21 15:47:28,055 - INFO - BFS found path: length=2
2025-11-21 15:47:28,101 - INFO - BFS found path: length=28
2025-11-21 15:47:28,144 - INFO - BFS found path: length=27
2025-11-21 15:47:28,188 - INFO - BFS found path: length=26
2025-11-21 15:47:28,231 - INFO - BFS found path: length=25
2025-11-21 15:47:28,274 - INFO - Speed adjusted to: 22 FPS
2025-11-21 15:47:28,276 - INFO - BFS found path: length=24
2025-11-21 15:47:28,321 - INFO - BFS found path: length=23
2025-11-21 15:47:28,366 - INFO - BFS found path: length=22
2025-11-21 15:47:28,412 - INFO - BFS found path: length=21
2025-11-21 15:47:28,457 - INFO - BFS found path: length=20
2025-11-21 15:47:28,503 - INFO - BFS found path: length=19
2025-11-21 15:47:28,549 - INFO - BFS found path: length=18
2025-11-21 15:47:28,594 - INFO - BFS found path: length=17
2025-11-21 15:47:28,638 - INFO - BFS found path: length=16
2025-11-21 15:47:28,685 - INFO - BFS found path: length=15
2025-11-21 15:47:28,729 - INFO - BFS found path: length=14
2025-11-21 15:47:28,775 - INFO - BFS found path: length=13
2025-11-21 15:47:28,820 - INFO - BFS found path: length=12
2025-11-21 15:47:28,865 - INFO - BFS found path: length=11
2025-11-21 15:47:28,911 - INFO - BFS found path: length=10
2025-11-21 15:47:28,956 - INFO - BFS found path: length=9
2025-11-21 15:47:29,001 - INFO - BFS found path: length=8
2025-11-21 15:47:29,046 - INFO - BFS found path: length=7
2025-11-21 15:47:29,092 - INFO - BFS found path: length=6
2025-11-21 15:47:29,138 - INFO - BFS found path: length=5
2025-11-21 15:47:29,184 - INFO - BFS found path: length=4
2025-11-21 15:47:29,230 - INFO - BFS found path: length=3
2025-11-21 15:47:29,276 - INFO - BFS found path: length=2
2025-11-21 15:47:29,322 - INFO - BFS found path: length=20
2025-11-21 15:47:29,367 - INFO - BFS found path: length=19
2025-11-21 15:47:29,412 - INFO - BFS found path: length=18
2025-11-21 15:47:29,458 - INFO - BFS found path: length=17
2025-11-21 15:47:29,504 - INFO - BFS found path: length=16
2025-11-21 15:47:29,549 - INFO - BFS found path: length=15
2025-11-21 15:47:29,594 - INFO - BFS found path: length=14
2025-11-21 15:47:29,640 - INFO - BFS found path: length=13
2025-11-21 15:47:29,685 - INFO - BFS found path: length=12
2025-11-21 15:47:29,731 - INFO - BFS found path: length=11
2025-11-21 15:47:29,777 - INFO - Speed adjusted to: 23 FPS
2025-11-21 15:47:29,778 - INFO - BFS found path: length=10
2025-11-21 15:47:29,820 - INFO - BFS found path: length=9
2025-11-21 15:47:29,863 - INFO - BFS found path: length=8
2025-11-21 15:47:29,906 - INFO - BFS found path: length=7
2025-11-21 15:47:29,950 - INFO - BFS found path: length=6
2025-11-21 15:47:29,993 - INFO - BFS found path: length=5
2025-11-21 15:47:30,038 - INFO - BFS found path: length=4
2025-11-21 15:47:30,081 - INFO - BFS found path: length=3
2025-11-21 15:47:30,125 - INFO - Speed adjusted to: 24 FPS
2025-11-21 15:47:30,125 - INFO - BFS found path: length=2
2025-11-21 15:47:30,167 - INFO - BFS found path: length=16
2025-11-21 15:47:30,208 - INFO - BFS found path: length=15
2025-11-21 15:47:30,249 - INFO - BFS found path: length=14
2025-11-21 15:47:30,291 - INFO - Speed adjusted to: 25 FPS
2025-11-21 15:47:30,292 - INFO - BFS found path: length=13
2025-11-21 15:47:30,333 - INFO - BFS found path: length=12
2025-11-21 15:47:30,372 - INFO - BFS found path: length=11
2025-11-21 15:47:30,412 - INFO - BFS found path: length=10
2025-11-21 15:47:30,452 - INFO - Speed adjusted to: 26 FPS
2025-11-21 15:47:30,453 - INFO - BFS found path: length=9
2025-11-21 15:47:30,491 - INFO - BFS found path: length=8
2025-11-21 15:47:30,531 - INFO - BFS found path: length=7
2025-11-21 15:47:30,570 - INFO - BFS found path: length=6
2025-11-21 15:47:30,608 - INFO - Speed adjusted to: 27 FPS
2025-11-21 15:47:30,608 - INFO - BFS found path: length=5
2025-11-21 15:47:30,645 - INFO - BFS found path: length=4
2025-11-21 15:47:30,681 - INFO - BFS found path: length=3
2025-11-21 15:47:30,719 - INFO - Speed adjusted to: 28 FPS
2025-11-21 15:47:30,719 - INFO - BFS found path: length=2
2025-11-21 15:47:30,756 - INFO - BFS found path: length=29
2025-11-21 15:47:30,791 - INFO - BFS found path: length=28
2025-11-21 15:47:30,826 - INFO - BFS found path: length=27
2025-11-21 15:47:30,860 - INFO - Speed adjusted to: 29 FPS
2025-11-21 15:47:30,861 - INFO - BFS found path: length=26
2025-11-21 15:47:30,895 - INFO - BFS found path: length=23
2025-11-21 15:47:30,929 - INFO - BFS found path: length=20
2025-11-21 15:47:30,964 - INFO - BFS found path: length=17
2025-11-21 15:47:30,998 - INFO - Speed adjusted to: 30 FPS
2025-11-21 15:47:30,999 - INFO - BFS found path: length=16
2025-11-21 15:47:31,033 - INFO - BFS found path: length=15
2025-11-21 15:47:31,067 - INFO - BFS found path: length=14
2025-11-21 15:47:31,100 - INFO - BFS found path: length=13
2025-11-21 15:47:31,132 - INFO - Speed adjusted to: 30 FPS
2025-11-21 15:47:31,133 - INFO - BFS found path: length=12
2025-11-21 15:47:31,166 - INFO - BFS found path: length=11
2025-11-21 15:47:31,198 - INFO - BFS found path: length=10
2025-11-21 15:47:31,232 - INFO - BFS found path: length=9
2025-11-21 15:47:31,266 - INFO - Speed adjusted to: 30 FPS
2025-11-21 15:47:31,266 - INFO - BFS found path: length=8
2025-11-21 15:47:31,300 - INFO - BFS found path: length=7
2025-11-21 15:47:31,333 - INFO - BFS found path: length=6
2025-11-21 15:47:31,367 - INFO - Speed adjusted to: 30 FPS
2025-11-21 15:47:31,367 - INFO - BFS found path: length=5
2025-11-21 15:47:31,400 - INFO - BFS found path: length=4
2025-11-21 15:47:31,433 - INFO - BFS found path: length=3
2025-11-21 15:47:31,466 - INFO - BFS found path: length=2
2025-11-21 15:47:31,499 - INFO - Speed adjusted to: 30 FPS
2025-11-21 15:47:31,500 - INFO - BFS found path: length=20
2025-11-21 15:47:31,533 - INFO - BFS found path: length=19
2025-11-21 15:47:31,567 - INFO - BFS found path: length=18
2025-11-21 15:47:31,600 - INFO - BFS found path: length=17
2025-11-21 15:47:31,633 - INFO - Speed adjusted to: 30 FPS
2025-11-21 15:47:31,634 - INFO - BFS found path: length=16
2025-11-21 15:47:31,667 - INFO - BFS found path: length=15
2025-11-21 15:47:31,700 - INFO - BFS found path: length=14
2025-11-21 15:47:31,735 - INFO - BFS found path: length=13
2025-11-21 15:47:31,768 - INFO - Speed adjusted to: 30 FPS
2025-11-21 15:47:31,768 - INFO - BFS found path: length=12
2025-11-21 15:47:31,802 - INFO - BFS found path: length=11
2025-11-21 15:47:31,835 - INFO - BFS found path: length=10
2025-11-21 15:47:31,869 - INFO - Speed adjusted to: 30 FPS
2025-11-21 15:47:31,870 - INFO - BFS found path: length=9
2025-11-21 15:47:31,903 - INFO - BFS found path: length=8
2025-11-21 15:47:31,936 - INFO - BFS found path: length=7
2025-11-21 15:47:31,970 - INFO - Speed adjusted to: 30 FPS
2025-11-21 15:47:31,970 - INFO - BFS found path: length=6
2025-11-21 15:47:32,003 - INFO - BFS found path: length=5
2025-11-21 15:47:32,037 - INFO - BFS found path: length=4
2025-11-21 15:47:32,071 - INFO - BFS found path: length=3
2025-11-21 15:47:32,104 - INFO - Speed adjusted to: 30 FPS
2025-11-21 15:47:32,105 - INFO - BFS found path: length=2
2025-11-21 15:47:32,138 - INFO - BFS found path: length=9
2025-11-21 15:47:32,172 - INFO - BFS found path: length=8
2025-11-21 15:47:32,206 - INFO - BFS found path: length=7
2025-11-21 15:47:32,239 - INFO - BFS found path: length=6
2025-11-21 15:47:32,273 - INFO - BFS found path: length=5
2025-11-21 15:47:32,306 - INFO - BFS found path: length=4
2025-11-21 15:47:32,339 - INFO - BFS found path: length=3
2025-11-21 15:47:32,373 - INFO - BFS found path: length=2
2025-11-21 15:47:32,408 - INFO - BFS found path: length=15
2025-11-21 15:47:32,440 - INFO - BFS found path: length=14
2025-11-21 15:47:32,473 - INFO - BFS found path: length=13
2025-11-21 15:47:32,507 - INFO - BFS found path: length=12
2025-11-21 15:47:32,541 - INFO - BFS found path: length=11
2025-11-21 15:47:32,574 - INFO - BFS found path: length=10
2025-11-21 15:47:32,607 - INFO - BFS found path: length=9
2025-11-21 15:47:32,641 - INFO - BFS found path: length=8
2025-11-21 15:47:32,675 - INFO - BFS found path: length=7
2025-11-21 15:47:32,708 - INFO - BFS found path: length=6
2025-11-21 15:47:32,741 - INFO - BFS found path: length=5
2025-11-21 15:47:32,774 - INFO - BFS found path: length=4
2025-11-21 15:47:32,809 - INFO - BFS found path: length=3
2025-11-21 15:47:32,843 - INFO - BFS found path: length=2
2025-11-21 15:47:32,878 - INFO - BFS found path: length=23
2025-11-21 15:47:32,911 - INFO - BFS found path: length=22
2025-11-21 15:47:32,945 - INFO - BFS found path: length=21
2025-11-21 15:47:32,979 - INFO - BFS found path: length=20
2025-11-21 15:47:33,012 - INFO - BFS found path: length=19
2025-11-21 15:47:33,046 - INFO - BFS found path: length=18
2025-11-21 15:47:33,079 - INFO - BFS found path: length=17
2025-11-21 15:47:33,113 - INFO - BFS found path: length=16
2025-11-21 15:47:33,146 - INFO - BFS found path: length=15
2025-11-21 15:47:33,179 - INFO - BFS found path: length=14
2025-11-21 15:47:33,212 - INFO - BFS found path: length=13
2025-11-21 15:47:33,246 - INFO - BFS found path: length=12
2025-11-21 15:47:33,279 - INFO - BFS found path: length=11
2025-11-21 15:47:33,312 - INFO - Speed adjusted to: 29 FPS
2025-11-21 15:47:33,313 - INFO - BFS found path: length=10
2025-11-21 15:47:33,347 - INFO - BFS found path: length=9
2025-11-21 15:47:33,382 - INFO - BFS found path: length=8
2025-11-21 15:47:33,417 - INFO - BFS found path: length=7
2025-11-21 15:47:33,451 - INFO - BFS found path: length=6
2025-11-21 15:47:33,486 - INFO - BFS found path: length=5
2025-11-21 15:47:33,520 - INFO - BFS found path: length=4
2025-11-21 15:47:33,554 - INFO - BFS found path: length=3
2025-11-21 15:47:33,590 - INFO - BFS found path: length=2
2025-11-21 15:47:33,624 - INFO - BFS found path: length=13
2025-11-21 15:47:33,658 - INFO - Speed adjusted to: 28 FPS
2025-11-21 15:47:33,658 - INFO - BFS found path: length=12
2025-11-21 15:47:33,693 - INFO - BFS found path: length=11
2025-11-21 15:47:33,728 - INFO - BFS found path: length=10
2025-11-21 15:47:33,763 - INFO - BFS found path: length=9
2025-11-21 15:47:33,798 - INFO - Speed adjusted to: 27 FPS
2025-11-21 15:47:33,799 - INFO - BFS found path: length=8
2025-11-21 15:47:33,835 - INFO - BFS found path: length=7
2025-11-21 15:47:33,873 - INFO - BFS found path: length=6
2025-11-21 15:47:33,909 - INFO - BFS found path: length=5
2025-11-21 15:47:33,946 - INFO - BFS found path: length=4
2025-11-21 15:47:33,983 - INFO - Speed adjusted to: 26 FPS
2025-11-21 15:47:33,983 - INFO - BFS found path: length=3
2025-11-21 15:47:34,021 - INFO - BFS found path: length=2
2025-11-21 15:47:34,060 - INFO - BFS found path: length=10
2025-11-21 15:47:34,099 - INFO - BFS found path: length=9
2025-11-21 15:47:34,137 - INFO - Speed adjusted to: 25 FPS
2025-11-21 15:47:34,138 - INFO - BFS found path: length=8
2025-11-21 15:47:34,178 - INFO - BFS found path: length=7
2025-11-21 15:47:34,217 - INFO - BFS found path: length=6
2025-11-21 15:47:34,257 - INFO - BFS found path: length=5
2025-11-21 15:47:34,298 - INFO - Speed adjusted to: 24 FPS
2025-11-21 15:47:34,298 - INFO - BFS found path: length=4
2025-11-21 15:47:34,340 - INFO - BFS found path: length=3
2025-11-21 15:47:34,382 - INFO - BFS found path: length=2
2025-11-21 15:47:34,424 - INFO - Speed adjusted to: 23 FPS
2025-11-21 15:47:34,424 - WARNING - BFS: No path to food
2025-11-21 15:47:34,468 - WARNING - BFS: No path to food
2025-11-21 15:47:34,511 - WARNING - BFS: No path to food
2025-11-21 15:47:34,555 - WARNING - BFS: No path to food
2025-11-21 15:47:34,599 - INFO - Speed adjusted to: 22 FPS
2025-11-21 15:47:34,599 - WARNING - BFS: No path to food
2025-11-21 15:47:34,646 - INFO - BFS found path: length=33
2025-11-21 15:47:34,692 - INFO - BFS found path: length=32
2025-11-21 15:47:34,738 - INFO - BFS found path: length=31
2025-11-21 15:47:34,783 - INFO - BFS found path: length=30
2025-11-21 15:47:34,830 - INFO - BFS found path: length=29
2025-11-21 15:47:34,876 - INFO - BFS found path: length=28
2025-11-21 15:47:34,922 - INFO - BFS found path: length=27
2025-11-21 15:47:34,967 - INFO - Speed adjusted to: 21 FPS
2025-11-21 15:47:34,969 - INFO - BFS found path: length=26
2025-11-21 15:47:35,014 - INFO - BFS found path: length=25
2025-11-21 15:47:35,062 - INFO - BFS found path: length=24
2025-11-21 15:47:35,109 - INFO - BFS found path: length=23
2025-11-21 15:47:35,156 - INFO - BFS found path: length=22
2025-11-21 15:47:35,204 - INFO - BFS found path: length=21
2025-11-21 15:47:35,251 - INFO - BFS found path: length=20
2025-11-21 15:47:35,298 - INFO - BFS found path: length=19
2025-11-21 15:47:35,345 - INFO - BFS found path: length=18
2025-11-21 15:47:35,392 - INFO - BFS found path: length=17
2025-11-21 15:47:35,440 - INFO - BFS found path: length=16
2025-11-21 15:47:35,488 - INFO - Speed adjusted to: 20 FPS
2025-11-21 15:47:35,489 - INFO - BFS found path: length=15
2025-11-21 15:47:35,539 - INFO - BFS found path: length=14
2025-11-21 15:47:35,590 - INFO - BFS found path: length=13
2025-11-21 15:47:35,640 - INFO - BFS found path: length=12
2025-11-21 15:47:35,691 - INFO - BFS found path: length=11
2025-11-21 15:47:35,741 - INFO - BFS found path: length=10
2025-11-21 15:47:35,791 - INFO - Speed adjusted to: 19 FPS
2025-11-21 15:47:35,792 - INFO - BFS found path: length=9
2025-11-21 15:47:35,843 - INFO - BFS found path: length=8
2025-11-21 15:47:35,896 - INFO - BFS found path: length=7
2025-11-21 15:47:35,948 - INFO - BFS found path: length=6
2025-11-21 15:47:36,001 - INFO - Speed adjusted to: 18 FPS
2025-11-21 15:47:36,002 - INFO - BFS found path: length=5
2025-11-21 15:47:36,056 - INFO - BFS found path: length=4
2025-11-21 15:47:36,111 - INFO - BFS found path: length=3
2025-11-21 15:47:36,167 - INFO - BFS found path: length=2
2025-11-21 15:47:36,224 - INFO - BFS found path: length=27
2025-11-21 15:47:36,280 - INFO - BFS found path: length=26
2025-11-21 15:47:36,335 - INFO - BFS found path: length=25
2025-11-21 15:47:36,392 - INFO - BFS found path: length=24
2025-11-21 15:47:36,447 - INFO - BFS found path: length=23
2025-11-21 15:47:36,502 - INFO - BFS found path: length=22
2025-11-21 15:47:36,557 - INFO - BFS found path: length=21
2025-11-21 15:47:36,612 - INFO - BFS found path: length=20
2025-11-21 15:47:36,667 - INFO - BFS found path: length=19
2025-11-21 15:47:36,722 - INFO - BFS found path: length=18
2025-11-21 15:47:36,777 - INFO - BFS found path: length=17
2025-11-21 15:47:36,834 - INFO - BFS found path: length=16
2025-11-21 15:47:36,890 - INFO - BFS found path: length=15
2025-11-21 15:47:36,945 - INFO - BFS found path: length=14
2025-11-21 15:47:36,999 - INFO - BFS found path: length=13
2025-11-21 15:47:37,055 - INFO - BFS found path: length=12
2025-11-21 15:47:37,110 - INFO - BFS found path: length=11
2025-11-21 15:47:37,165 - INFO - BFS found path: length=10
2025-11-21 15:47:37,219 - INFO - BFS found path: length=9
2025-11-21 15:47:37,274 - INFO - BFS found path: length=8
2025-11-21 15:47:37,329 - INFO - BFS found path: length=7
2025-11-21 15:47:37,385 - INFO - BFS found path: length=6
2025-11-21 15:47:37,441 - INFO - BFS found path: length=5
2025-11-21 15:47:37,496 - INFO - BFS found path: length=4
2025-11-21 15:47:37,552 - INFO - BFS found path: length=3
2025-11-21 15:47:37,607 - INFO - BFS found path: length=2
2025-11-21 15:47:37,664 - INFO - BFS found path: length=17
2025-11-21 15:47:37,718 - INFO - BFS found path: length=16
2025-11-21 15:47:37,773 - INFO - BFS found path: length=15
2025-11-21 15:47:37,829 - INFO - BFS found path: length=14
2025-11-21 15:47:37,884 - INFO - BFS found path: length=13
2025-11-21 15:47:37,940 - INFO - BFS found path: length=12
2025-11-21 15:47:37,996 - INFO - BFS found path: length=11
2025-11-21 15:47:38,051 - INFO - BFS found path: length=10
2025-11-21 15:47:38,107 - INFO - BFS found path: length=9
2025-11-21 15:47:38,162 - INFO - BFS found path: length=8
2025-11-21 15:47:38,218 - INFO - BFS found path: length=7
2025-11-21 15:47:38,274 - INFO - BFS found path: length=6
2025-11-21 15:47:38,330 - INFO - BFS found path: length=5
2025-11-21 15:47:38,385 - INFO - BFS found path: length=4
2025-11-21 15:47:38,440 - INFO - BFS found path: length=3
2025-11-21 15:47:38,496 - INFO - BFS found path: length=2
2025-11-21 15:47:38,553 - INFO - BFS found path: length=11
2025-11-21 15:47:38,608 - INFO - BFS found path: length=10
2025-11-21 15:47:38,664 - INFO - BFS found path: length=9
2025-11-21 15:47:38,719 - INFO - BFS found path: length=8
2025-11-21 15:47:38,774 - INFO - BFS found path: length=7
2025-11-21 15:47:38,829 - INFO - BFS found path: length=6
2025-11-21 15:47:38,885 - INFO - BFS found path: length=5
2025-11-21 15:47:38,941 - INFO - BFS found path: length=4
2025-11-21 15:47:38,996 - INFO - BFS found path: length=3
2025-11-21 15:47:39,053 - INFO - BFS found path: length=2
2025-11-21 15:47:39,108 - INFO - BFS found path: length=9
2025-11-21 15:47:39,163 - INFO - BFS found path: length=8
2025-11-21 15:47:39,219 - INFO - BFS found path: length=7
2025-11-21 15:47:39,275 - INFO - BFS found path: length=6
2025-11-21 15:47:39,331 - INFO - BFS found path: length=5
2025-11-21 15:47:39,386 - INFO - BFS found path: length=4
2025-11-21 15:47:39,442 - INFO - BFS found path: length=3
2025-11-21 15:47:39,497 - INFO - BFS found path: length=2
2025-11-21 15:47:39,553 - INFO - BFS found path: length=20
2025-11-21 15:47:39,608 - INFO - BFS found path: length=17
2025-11-21 15:47:39,663 - INFO - BFS found path: length=14
2025-11-21 15:47:39,718 - INFO - BFS found path: length=13
2025-11-21 15:47:39,773 - INFO - BFS found path: length=10
2025-11-21 15:47:39,829 - INFO - BFS found path: length=9
2025-11-21 15:47:39,884 - INFO - BFS found path: length=8
2025-11-21 15:47:39,939 - INFO - BFS found path: length=7
2025-11-21 15:47:39,995 - INFO - BFS found path: length=6
2025-11-21 15:47:40,051 - INFO - BFS found path: length=5
2025-11-21 15:47:40,106 - INFO - BFS found path: length=4
2025-11-21 15:47:40,161 - INFO - BFS found path: length=3
2025-11-21 15:47:40,217 - INFO - BFS found path: length=2
2025-11-21 15:47:40,274 - INFO - BFS found path: length=9
2025-11-21 15:47:40,330 - INFO - BFS found path: length=8
2025-11-21 15:47:40,385 - INFO - BFS found path: length=7
2025-11-21 15:47:40,441 - INFO - BFS found path: length=6
2025-11-21 15:47:40,496 - INFO - BFS found path: length=5
2025-11-21 15:47:40,552 - INFO - BFS found path: length=4
2025-11-21 15:47:40,607 - INFO - BFS found path: length=3
2025-11-21 15:47:40,662 - INFO - BFS found path: length=2
2025-11-21 15:47:40,719 - INFO - BFS found path: length=18
2025-11-21 15:47:40,776 - INFO - BFS found path: length=17
2025-11-21 15:47:40,829 - INFO - BFS found path: length=16
2025-11-21 15:47:40,883 - INFO - BFS found path: length=15
2025-11-21 15:47:40,939 - INFO - BFS found path: length=14
2025-11-21 15:47:40,995 - INFO - BFS found path: length=13
2025-11-21 15:47:41,051 - INFO - BFS found path: length=12
2025-11-21 15:47:41,105 - INFO - BFS found path: length=11
2025-11-21 15:47:41,161 - INFO - BFS found path: length=10
